:00:16.046) NVM: part erase restart
W (00:00:16.066) EDRV: hvc 0 nvc 0 lvc 0 V 222687 C 0 P 0 pc 10 vl_or 0 vs 25
W (00:00:16.067) NVM: esp_part_write scs
W (00:00:16.485) EDRV: hvc 0 nvc 0 lvc 0 V 222323 C 0 P 0 pc 0 vl_or 0 vs 25
I (00:00:16.606) TDRV: Temp periodic tmr exp
W (00:00:16.609) OST: Temperature conv tmr Tmr Strtd Scsfly
W (00:00:16.985) EDRV: hvc 0 nvc 0 lvc 0 V 222687 C 0 P 0 pc 1 vl_or 0 vs 25
I (00:00:17.367) TDRV: result: -0.543000 minus_val 1
W (00:00:17.367) TDRV: B_LUT=26.000000 A_LUT=25.457001
W (00:00:17.368) TDRV: p_tmp1=25.457001 c_tmp1=25.457001 inv_cnt=0 prv_neg 0.000000
W (00:00:17.373) TDRV: p_tmp2=25.457001 c_tmp2=25.457001
W (00:00:17.378) SAC: Temp conv cb Exe
W (00:00:17.381) SAC: Scs Val = 0 Read Sts = 0
I (00:00:17.386) SAC: Thres Comparison Executed Gysr Temp State 42 Low Temp State 0
W (00:00:17.485) EDRV: hvc 0 nvc 0 lvc 0 V 222687 C 0 P 0 pc 2 vl_or 0 vs 25
W (00:00:17.985) EDRV: hvc 0 nvc 0 lvc 0 V 222687 C 0 P 0 pc 3 vl_or 0 vs 25
W (00:00:18.485) EDRV: hvc 0 nvc 0 lvc 0 V 222687 C 0 P 0 pc 4 vl_or 0 vs 25
I (00:00:18.606) TDRV: Temp periodic tmr exp
W (00:00:18.609) OST: Temperature conv tmr Tmr Strtd Scsfly
W (00:00:18.985) EDRV: hvc 0 nvc 0 lvc 0 V 222687 C 0 P 0 pc 5 vl_or 0 vs 25
I (00:00:19.367) TDRV: result: -0.543000 minus_val 1
W (00:00:19.367) TDRV: B_LUT=26.000000 A_LUT=25.457001
W (00:00:19.367) TDRV: p_tmp1=25.457001 c_tmp1=25.457001 inv_cnt=0 prv_neg 0.000000
W (00:00:19.373) TDRV: p_tmp2=25.457001 c_tmp2=25.457001
W (00:00:19.378) SAC: Temp conv cb Exe
W (00:00:19.381) SAC: Scs Val = 0 Read Sts = 0
I (00:00:19.386) SAC: Thres Comparison Executed Gysr Temp State 42 Low Temp State 0
W (00:00:19.485) EDRV: hvc 0 nvc 0 lvc 0 V 222687 C 0 P 0 pc 6 vl_or 0 vs 25
W (00:00:19.985) EDRV: hvc 0 nvc 0 lvc 0 V 222687 C 0 P 0 pc 7 vl_or 0 vs 25
W (00:00:20.485) EDRV: hvc 0 nvc 0 lvc 0 V 223052 C 0 P 0 pc 8 vl_or 0 vs 25
I (00:00:20.606) TDRV: Temp periodic tmr exp
W (00:00:20.609) OST: Temperature conv tmr Tmr Strtd Scsfly
W (00:00:20.985) EDRV: hvc 0 nvc 0 lvc 0 V 222687 C 0 P 0 pc 9 vl_or 0 vs 25
W (00:00:21.066) EX: TF: 0 TZ: 19800 Sys_tm:1577836821
I (00:00:21.067) EX: get time GMT= 1577817021
W (00:00:21.201) NVM: part erase scs
W (00:00:21.202) NVM: part erase restart
W (00:00:21.222) NVM: esp_part_write scs
W (00:00:21.337) NVM: part erase scs
W (00:00:21.337) NVM: part erase restart
W (00:00:21.359) NVM: esp_part_write scs
I (00:00:21.367) TDRV: result: -0.543000 minus_val 1
W (00:00:21.368) TDRV: B_LUT=26.000000 A_LUT=25.457001
W (00:00:21.368) TDRV: p_tmp1=25.457001 c_tmp1=25.457001 inv_cnt=0 prv_neg 0.000000
W (00:00:21.373) TDRV: p_tmp2=25.457001 c_tmp2=25.457001
W (00:00:21.378) SAC: Temp conv cb Exe
W (00:00:21.382) SAC: Scs Val = 0 Read Sts = 0
I (00:00:21.386) SAC: Thres Comparison Executed Gysr Temp State 42 Low Temp State 0
W (00:00:21.485) EDRV: hvc 0 nvc 0 lvc 0 V 222687 C 0 P 0 pc 10 vl_or 0 vs 25
W (00:00:21.985) EDRV: hvc 0 nvc 0 lvc 0 V 222687 C 0 P 0 pc 0 vl_or 0 vs 25
W (00:00:22.485) EDRV: hvc 0 nvc 0 lvc 0 V 222687 C 0 P 0 pc 1 vl_or 0 vs 25
I (00:00:22.606) TDRV: Temp periodic tmr exp
W (00:00:22.609) OST: Temperature conv tmr Tmr Strtd Scsfly
W (00:00:22.985) EDRV: hvc 0 nvc 0 lvc 0 V 222687 C 0 P 0 pc 2 vl_or 0 vs 25
I (00:00:23.367) TDRV: result: -0.543000 minus_val 1
W (00:00:23.367) TDRV: B_LUT=26.000000 A_LUT=25.457001
W (00:00:23.367) TDRV: p_tmp1=25.457001 c_tmp1=25.457001 inv_cnt=0 prv_neg 0.000000
W (00:00:23.373) TDRV: p_tmp2=25.457001 c_tmp2=25.457001
W (00:00:23.378) SAC: Temp conv cb Exe
W (00:00:23.381) SAC: Scs Val = 0 Read Sts = 0
I (00:00:23.386) SAC: Thres Comparison Executed Gysr Temp State 42 Low Temp State 0
W (00:00:23.485) EDRV: hvc 0 nvc 0 lvc 0 V 222687 C 0 P 0 pc 3 vl_or 0 vs 25
W (00:00:23.985) EDRV: hvc 0 nvc 0 lvc 0 V 222687 C 0 P 0 pc 4 vl_or 0 vs 25
W (00:00:24.485) EDRV: hvc 0 nvc 0 lvc 0 V 222687 C 0 P 0 pc 5 vl_or 0 vs 25
I (00:00:24.606) TDRV: Temp periodic tmr exp
W (00:00:24.609) OST: Temperature conv tmr Tmr Strtd Scsfly
W (00:00:24.985) EDRV: hvc 0 nvc 0 lvc 0 V 222687 C 0 P 0 pc 6 vl_or 0 vs 25
I (00:00:25.367) TDRV: result: -0.543000 minus_val 1
W (00:00:25.367) TDRV: B_LUT=26.062500 A_LUT=25.519501
W (00:00:25.367) TDRV: p_tmp1=25.457001 c_tmp1=25.519501 inv_cnt=0 prv_neg 0.000000
W (00:00:25.373) TDRV: p_tmp2=25.519501 c_tmp2=25.519501
W (00:00:25.378) SAC: Temp conv cb Exe
W (00:00:25.381) SAC: Scs Val = 0 Read Sts = 0
I (00:00:25.386) SAC: Thres Comparison Executed Gysr Temp State 42 Low Temp State 0
W (00:00:25.485) EDRV: hvc 0 nvc 0 lvc 0 V 222687 C 0 P 0 pc 7 vl_or 0 vs 25
W (00:00:25.985) EDRV: hvc 0 nvc 0 lvc 0 V 222687 C 0 P 0 pc 8 vl_or 0 vs 25
W (00:00:26.358) EX: TF: 0 TZ: 19800 Sys_tm:1577836826
I (00:00:26.359) EX: get time GMT= 1577817026
W (00:00:26.478) NVM: part erase scs
W (00:00:26.478) NVM: part erase restart
W (00:00:26.498) EDRV: hvc 0 nvc 0 lvc 0 V 222687 C 0 P 0 pc 9 vl_or 0 vs 25
W (00:00:26.498) NVM: esp_part_write scs
I (00:00:26.612) TDRV: Temp periodic tmr exp
W (00:00:26.612) NVM: part erase scs
W (00:00:26.612) NVM: part erase restart
W (00:00:26.634) NVM: esp_part_write scs
W (00:00:26.635) OST: Temperature conv tmr Tmr Strtd Scsfly
W (00:00:26.985) EDRV: hvc 0 nvc 0 lvc 0 V 222687 C 0 P 0 pc 10 vl_or 0 vs 25
I (00:00:27.393) TDRV: result: -0.543000 minus_val 1
W (00:00:27.393) TDRV: B_LUT=26.000000 A_LUT=25.457001
W (00:00:27.394) TDRV: p_tmp1=25.519501 c_tmp1=25.457001 inv_cnt=0 prv_neg 0.000000
W (00:00:27.399) TDRV: p_tmp2=25.457001 c_tmp2=25.457001
W (00:00:27.404) SAC: Temp conv cb Exe
W (00:00:27.407) SAC: Scs Val = 0 Read Sts = 0
I (00:00:27.412) SAC: Thres Comparison Executed Gysr Temp State 42 Low Temp State 0
W (00:00:27.485) EDRV: hvc 0 nvc 0 lvc 0 V 222687 C 0 P 0 pc 0 vl_or 0 vs 25
W (00:00:27.985) EDRV: hvc 0 nvc 0 lvc 0 V 222687 C 0 P 0 pc 1 vl_or 0 vs 25
W (00:00:28.485) EDRV: hvc 0 nvc 0 lvc 0 V 222687 C 0 P 0 pc 2 vl_or 0 vs 25
I (00:00:28.606) TDRV: Temp periodic tmr exp
W (00:00:28.609) OST: Temperature conv tmr Tmr Strtd Scsfly
W (00:00:28.985) EDRV: hvc 0 nvc 0 lvc 0 V 222687 C 0 P 0 pc 3 vl_or 0 vs 25
I (00:00:29.367) TDRV: result: -0.543000 minus_val 1
W (00:00:29.367) TDRV: B_LUT=26.062500 A_LUT=25.519501
W (00:00:29.367) TDRV: p_tmp1=25.457001 c_tmp1=25.519501 inv_cnt=0 prv_neg 0.000000
W (00:00:29.373) TDRV: p_tmp2=25.519501 c_tmp2=25.519501
W (00:00:29.378) SAC: Temp conv cb Exe
W (00:00:29.381) SAC: Scs Val = 0 Read Sts = 0
I (00:00:29.386) SAC: Thres Comparison Executed Gysr Temp State 42 Low Temp State 0
W (00:00:29.485) EDRV: hvc 0 nvc 0 lvc 0 V 222323 C 0 P 0 pc 4 vl_or 0 vs 25
W (00:00:29.985) EDRV: hvc 0 nvc 0 lvc 0 V 222687 C 0 P 0 pc 5 vl_or 0 vs 25
W (00:00:30.485) EDRV: hvc 0 nvc 0 lvc 0 V 222687 C 0 P 0 pc 6 vl_or 0 vs 25
I (00:00:30.606) TDRV: Temp periodic tmr exp
W (00:00:30.609) OST: Temperature conv tmr Tmr Strtd Scsfly
W (00:00:30.985) EDRV: hvc 0 nvc 0 lvc 0 V 222323 C 0 P 0 pc 7 vl_or 0 vs 25
I (00:00:31.367) TDRV: result: -0.543000 minus_val 1
W (00:00:31.367) TDRV: B_LUT=26.062500 A_LUT=25.519501
W (00:00:31.367) TDRV: p_tmp1=25.519501 c_tmp1=25.519501 inv_cnt=0 prv_neg 0.000000
W (00:00:31.373) TDRV: p_tmp2=25.519501 c_tmp2=25.519501
W (00:00:31.378) SAC: Temp conv cb Exe
W (00:00:31.381) SAC: Scs Val = 0 Read Sts = 0
I (00:00:31.386) SAC: Thres Comparison Executed Gysr Temp State 42 Low Temp State 0
W (00:00:31.485) EDRV: hvc 0 nvc 0 lvc 0 V 222687 C 0 P 0 pc 8 vl_or 0 vs 25
W (00:00:31.633) EX: TF: 0 TZ: 19800 Sys_tm:1577836831
I (00:00:31.634) EX: get time GMT= 1577817031
W (00:00:31.766) NVM: part erase scs
W (00:00:31.766) NVM: part erase restart
W (00:00:31.787) NVM: esp_part_write scs
W (00:00:31.902) NVM: part erase scs
W (00:00:31.903) NVM: part erase restart
W (00:00:31.924) NVM: esp_part_write scs
W (00:00:31.985) EDRV: hvc 1 nvc 0 lvc 0 V 525335 C 0 P 0 pc 0 vl_or 0 vs 25
W (00:00:32.485) EDRV: hvc 0 nvc 0 lvc 0 V 222687 C 0 P 0 pc 1 vl_or 0 vs 25
I (00:00:32.606) TDRV: Temp periodic tmr exp
W (00:00:32.609) OST: Temperature conv tmr Tmr Strtd Scsfly
W (00:00:32.985) EDRV: hvc 0 nvc 0 lvc 0 V 222687 C 0 P 0 pc 2 vl_or 0 vs 25
I (00:00:33.367) TDRV: result: -0.543000 minus_val 1
W (00:00:33.367) TDRV: B_LUT=26.062500 A_LUT=25.519501
W (00:00:33.368) TDRV: p_tmp1=25.519501 c_tmp1=25.519501 inv_cnt=0 prv_neg 0.000000
W (00:00:33.373) TDRV: p_tmp2=25.519501 c_tmp2=25.519501
W (00:00:33.378) SAC: Temp conv cb Exe
W (00:00:33.381) SAC: Scs Val = 0 Read Sts = 0
I (00:00:33.386) SAC: Thres Comparison Executed Gysr Temp State 42 Low Temp State 0
W (00:00:33.485) EDRV: hvc 0 nvc 0 lvc 0 V 222687 C 0 P 0 pc 3 vl_or 0 vs 25
W (00:00:33.985) EDRV: hvc 0 nvc 0 lvc 0 V 222687 C 0 P 0 pc 4 vl_or 0 vs 25
W (00:00:34.485) EDRV: hvc 0 nvc 0 lvc 0 V 222687 C 0 P 0 pc 5 vl_or 0 vs 25
I (00:00:34.606) TDRV: Temp periodic tmr exp
W (00:00:34.609) OST: Temperature conv tmr Tmr Strtd Scsfly
W (00:00:34.985) EDRV: hvc 0 nvc 0 lvc 0 V 222687 C 0 P 0 pc 6 vl_or 0 vs 25
I (00:00:35.367) TDRV: result: -0.543000 minus_val 1
W (00:00:35.367) TDRV: B_LUT=26.062500 A_LUT=25.519501
W (00:00:35.367) TDRV: p_tmp1=25.519501 c_tmp1=25.519501 inv_cnt=0 prv_neg 0.000000
W (00:00:35.373) TDRV: p_tmp2=25.519501 c_tmp2=25.519501
W (00:00:35.378) SAC: Temp conv cb Exe
W (00:00:35.381) SAC: Scs Val = 0 Read Sts = 0
I (00:00:35.386) SAC: Thres Comparison Executed Gysr Temp State 42 Low Temp State 0
W (00:00:35.485) EDRV: hvc 0 nvc 0 lvc 0 V 222687 C 0 P 0 pc 7 vl_or 0 vs 25
W (00:00:35.985) EDRV: hvc 0 nvc 0 lvc 0 V 222687 C 0 P 0 pc 8 vl_or 0 vs 25
W (00:00:36.485) EDRV: hvc 0 nvc 0 lvc 0 V 222687 C 0 P 0 pc 9 vl_or 0 vs 25
I (00:00:36.606) TDRV: Temp periodic tmr exp
W (00:00:36.609) OST: Temperature conv tmr Tmr Strtd Scsfly
W (00:00:36.923) EX: TF: 0 TZ: 19800 Sys_tm:1577836836
I (00:00:36.924) EX: get time GMT= 1577817036
W (00:00:37.040) NVM: part erase scs
W (00:00:37.041) NVM: part erase restart
W (00:00:37.062) EDRV: hvc 0 nvc 0 lvc 0 V 222687 C 0 P 0 pc 10 vl_or 0 vs 25
W (00:00:37.062) NVM: esp_part_write scs
W (00:00:37.178) NVM: part erase scs
W (00:00:37.178) NVM: part erase restart
W (00:00:37.199) NVM: esp_part_write scs
I (00:00:37.367) TDRV: result: -0.543000 minus_val 1
W (00:00:37.367) TDRV: B_LUT=26.062500 A_LUT=25.519501
W (00:00:37.368) TDRV: p_tmp1=25.519501 c_tmp1=25.519501 inv_cnt=0 prv_neg 0.000000
W (00:00:37.373) TDRV: p_tmp2=25.519501 c_tmp2=25.519501
W (00:00:37.378) SAC: Temp conv cb Exe
W (00:00:37.381) SAC: Scs Val = 0 Read Sts = 0
I (00:00:37.386) SAC: Thres Comparison Executed Gysr Temp State 42 Low Temp State 0
W (00:00:37.485) EDRV: hvc 0 nvc 0 lvc 0 V 222687 C 0 P 0 pc 0 vl_or 0 vs 25
W (00:00:37.985) EDRV: hvc 0 nvc 0 lvc 0 V 222687 C 0 P 0 pc 1 vl_or 0 vs 25
W (00:00:38.485) EDRV: hvc 0 nvc 0 lvc 0 V 222687 C 0 P 0 pc 2 vl_or 0 vs 25
I (00:00:38.606) TDRV: Temp periodic tmr exp
W (00:00:38.609) OST: Temperature conv tmr Tmr Strtd Scsfly
W (00:00:38.985) EDRV: hvc 0 nvc 0 lvc 0 V 222687 C 0 P 0 pc 3 vl_or 0 vs 25
I (00:00:39.367) TDRV: result: -0.543000 minus_val 1
W (00:00:39.367) TDRV: B_LUT=26.062500 A_LUT=25.519501
W (00:00:39.367) TDRV: p_tmp1=25.519501 c_tmp1=25.519501 inv_cnt=0 prv_neg 0.000000
W (00:00:39.373) TDRV: p_tmp2=25.519501 c_tmp2=25.519501
W (00:00:39.378) SAC: Temp conv cb Exe
W (00:00:39.381) SAC: Scs Val = 0 Read Sts = 0
I (00:00:39.386) SAC: Thres Comparison Executed Gysr Temp State 42 Low Temp State 0
W (00:00:39.485) EDRV: hvc 0 nvc 0 lvc 0 V 222687 C 0 P 0 pc 4 vl_or 0 vs 25
W (00:00:39.985) EDRV: hvc 0 nvc 0 lvc 0 V 222687 C 0 P 0 pc 5 vl_or 0 vs 25
W (00:00:40.485) EDRV: hvc 0 nvc 0 lvc 0 V 222687 C 0 P 0 pc 6 vl_or 0 vs 25
I (00:00:40.606) TDRV: Temp periodic tmr exp
W (00:00:40.609) OST: Temperature conv tmr Tmr Strtd Scsfly
W (00:00:40.985) EDRV: hvc 0 nvc 0 lvc 0 V 222687 C 0 P 0 pc 7 vl_or 0 vs 25
I (00:00:41.367) TDRV: result: -0.543000 minus_val 1
W (00:00:41.367) TDRV: B_LUT=26.062500 A_LUT=25.519501
W (00:00:41.367) TDRV: p_tmp1=25.519501 c_tmp1=25.519501 inv_cnt=0 prv_neg 0.000000
W (00:00:41.373) TDRV: p_tmp2=25.519501 c_tmp2=25.519501
W (00:00:41.378) SAC: Temp conv cb Exe
W (00:00:41.381) SAC: Scs Val = 0 Read Sts = 0
I (00:00:41.386) SAC: Thres Comparison Executed Gysr Temp State 42 Low Temp State 0
W (00:00:41.485) EDRV: hvc 0 nvc 0 lvc 0 V 222687 C 0 P 0 pc 8 vl_or 0 vs 25
W (00:00:41.985) EDRV: hvc 0 nvc 0 lvc 0 V 222687 C 0 P 0 pc 9 vl_or 0 vs 25
W (00:00:42.198) EX: TF: 0 TZ: 19800 Sys_tm:1577836842
I (00:00:42.199) EX: get time GMT= 1577817042
W (00:00:42.300) NVM: part erase scs
W (00:00:42.300) NVM: part erase restart
W (00:00:42.322) NVM: esp_part_write scs
W (00:00:42.426) NVM: part erase scs
W (00:00:42.426) NVM: part erase restart
W (00:00:42.447) NVM: esp_part_write scs
W (00:00:42.485) EDRV: hvc 1 nvc 0 lvc 0 V 571689 C 0 P 0 pc 0 vl_or 0 vs 25
I (00:00:42.606) TDRV: Temp periodic tmr exp
W (00:00:42.609) OST: Temperature conv tmr Tmr Strtd Scsfly
W (00:00:42.985) EDRV: hvc 0 nvc 0 lvc 0 V 222323 C 0 P 0 pc 1 vl_or 0 vs 25
I (00:00:43.367) TDRV: result: -0.543000 minus_val 1
W (00:00:43.367) TDRV: B_LUT=26.000000 A_LUT=25.457001
W (00:00:43.368) TDRV: p_tmp1=25.519501 c_tmp1=25.457001 inv_cnt=0 prv_neg 0.000000
W (00:00:43.373) TDRV: p_tmp2=25.457001 c_tmp2=25.457001
W (00:00:43.378) SAC: Temp conv cb Exe
W (00:00:43.381) SAC: Scs Val = 0 Read Sts = 0
I (00:00:43.386) SAC: Thres Comparison Executed Gysr Temp State 42 Low Temp State 0
W (00:00:43.485) EDRV: hvc 0 nvc 0 lvc 0 V 222687 C 0 P 0 pc 2 vl_or 0 vs 25
W (00:00:43.985) EDRV: hvc 0 nvc 0 lvc 0 V 222687 C 0 P 0 pc 3 vl_or 0 vs 25
W (00:00:44.485) EDRV: hvc 0 nvc 0 lvc 0 V 222687 C 0 P 0 pc 4 vl_or 0 vs 25
I (00:00:44.606) TDRV: Temp periodic tmr exp
W (00:00:44.609) OST: Temperature conv tmr Tmr Strtd Scsfly
W (00:00:44.985) EDRV: hvc 0 nvc 0 lvc 0 V 222687 C 0 P 0 pc 5 vl_or 0 vs 25
I (00:00:45.367) TDRV: result: -0.543000 minus_val 1
W (00:00:45.367) TDRV: B_LUT=26.062500 A_LUT=25.519501
W (00:00:45.367) TDRV: p_tmp1=25.457001 c_tmp1=25.519501 inv_cnt=0 prv_neg 0.000000
W (00:00:45.373) TDRV: p_tmp2=25.519501 c_tmp2=25.519501
W (00:00:45.378) SAC: Temp conv cb Exe
W (00:00:45.381) SAC: Scs Val = 0 Read Sts = 0
I (00:00:45.386) SAC: Thres Comparison Executed Gysr Temp State 42 Low Temp State 0
W (00:00:45.485) EDRV: hvc 0 nvc 0 lvc 0 V 222687 C 0 P 0 pc 6 vl_or 0 vs 25
W (00:00:45.985) EDRV: hvc 0 nvc 0 lvc 0 V 222687 C 0 P 0 pc 7 vl_or 0 vs 25
W (00:00:46.485) EDRV: hvc 0 nvc 0 lvc 0 V 222687 C 0 P 0 pc 8 vl_or 0 vs 25
I (00:00:46.606) TDRV: Temp periodic tmr exp
W (00:00:46.609) OST: Temperature conv tmr Tmr Strtd Scsfly
W (00:00:46.985) EDRV: hvc 0 nvc 0 lvc 0 V 222323 C 0 P 0 pc 9 vl_or 0 vs 25
I (00:00:47.367) TDRV: result: -0.543000 minus_val 1
W (00:00:47.367) TDRV: B_LUT=26.062500 A_LUT=25.519501
W (00:00:47.367) TDRV: p_tmp1=25.519501 c_tmp1=25.519501 inv_cnt=0 prv_neg 0.000000
W (00:00:47.373) TDRV: p_tmp2=25.519501 c_tmp2=25.519501
W (00:00:47.378) SAC: Temp conv cb Exe
W (00:00:47.381) SAC: Scs Val = 0 Read Sts = 0
I (00:00:47.386) SAC: Thres Comparison Executed Gysr Temp State 42 Low Temp State 0
W (00:00:47.447) EX: TF: 0 TZ: 19800 Sys_tm:1577836847
I (00:00:47.448) EX: get time GMT= 1577817047
W (00:00:47.554) NVM: part erase scs
W (00:00:47.554) NVM: part erase restart
W (00:00:47.575) NVM: esp_part_write scs
W (00:00:47.575) EDRV: hvc 0 nvc 0 lvc 0 V 222687 C 0 P 0 pc 10 vl_or 0 vs 25
W (00:00:47.687) NVM: part erase scs
W (00:00:47.688) NVM: part erase restart
W (00:00:47.709) NVM: esp_part_write scs
W (00:00:47.985) EDRV: hvc 0 nvc 0 lvc 0 V 222687 C 0 P 0 pc 0 vl_or 0 vs 25
W (00:00:48.485) EDRV: hvc 0 nvc 0 lvc 0 V 222687 C 0 P 0 pc 1 vl_or 0 vs 25
I (00:00:48.606) TDRV: Temp periodic tmr exp
W (00:00:48.609) OST: Temperature conv tmr Tmr Strtd Scsfly
W (00:00:48.985) EDRV: hvc 0 nvc 0 lvc 0 V 222687 C 0 P 0 pc 2 vl_or 0 vs 25
I (00:00:49.367) TDRV: result: -0.543000 minus_val 1
W (00:00:49.367) TDRV: B_LUT=26.062500 A_LUT=25.519501
W (00:00:49.368) TDRV: p_tmp1=25.519501 c_tmp1=25.519501 inv_cnt=0 prv_neg 0.000000
W (00:00:49.373) TDRV: p_tmp2=25.519501 c_tmp2=25.519501
W (00:00:49.378) SAC: Temp conv cb Exe
W (00:00:49.381) SAC: Scs Val = 0 Read Sts = 0
I (00:00:49.386) SAC: Thres Comparison Executed Gysr Temp State 42 Low Temp State 0
W (00:00:49.485) EDRV: hvc 0 nvc 0 lvc 0 V 222687 C 0 P 0 pc 3 vl_or 0 vs 25
W (00:00:49.985) EDRV: hvc 0 nvc 0 lvc 0 V 222687 C 0 P 0 pc 4 vl_or 0 vs 25
W (00:00:50.485) EDRV: hvc 0 nvc 0 lvc 0 V 222687 C 0 P 0 pc 5 vl_or 0 vs 25
I (00:00:50.606) TDRV: Temp periodic tmr exp
W (00:00:50.609) OST: Temperature conv tmr Tmr Strtd Scsfly
W (00:00:50.985) EDRV: hvc 0 nvc 0 lvc 0 V 222687 C 0 P 0 pc 6 vl_or 0 vs 25
I (00:00:51.367) TDRV: result: -0.543000 minus_val 1
W (00:00:51.367) TDRV: B_LUT=26.062500 A_LUT=25.519501
W (00:00:51.367) TDRV: p_tmp1=25.519501 c_tmp1=25.519501 inv_cnt=0 prv_neg 0.000000
W (00:00:51.373) TDRV: p_tmp2=25.519501 c_tmp2=25.519501
W (00:00:51.378) SAC: Temp conv cb Exe
W (00:00:51.381) SAC: Scs Val = 0 Read Sts = 0
I (00:00:51.386) SAC: Thres Comparison Executed Gysr Temp State 42 Low Temp State 0
W (00:00:51.485) EDRV: hvc 0 nvc 0 lvc 0 V 222687 C 0 P 0 pc 7 vl_or 0 vs 25
W (00:00:51.985) EDRV: hvc 0 nvc 0 lvc 0 V 222687 C 0 P 0 pc 8 vl_or 0 vs 25
W (00:00:52.485) EDRV: hvc 0 nvc 0 lvc 0 V 222687 C 0 P 0 pc 9 vl_or 0 vs 25
I (00:00:52.606) TDRV: Temp periodic tmr exp
W (00:00:52.609) OST: Temperature conv tmr Tmr Strtd Scsfly
W (00:00:52.709) EX: TF: 0 TZ: 19800 Sys_tm:1577836852
I (00:00:52.710) EX: get time GMT= 1577817052
W (00:00:52.830) NVM: part erase scs
W (00:00:52.830) NVM: part erase restart
W (00:00:52.852) NVM: esp_part_write scs
W (00:00:52.960) NVM: part erase scs
W (00:00:52.960) NVM: part erase restart
W (00:00:52.981) NVM: esp_part_write scs
W (00:00:53.000) EDRV: hvc 0 nvc 0 lvc 0 V 222687 C 0 P 0 pc 10 vl_or 0 vs 25
I (00:00:53.367) TDRV: result: -0.543000 minus_val 1
W (00:00:53.367) TDRV: B_LUT=26.125000 A_LUT=25.582001
W (00:00:53.368) TDRV: p_tmp1=25.519501 c_tmp1=25.582001 inv_cnt=0 prv_neg 0.000000
W (00:00:53.373) TDRV: p_tmp2=25.582001 c_tmp2=25.582001
W (00:00:53.378) SAC: Temp conv cb Exe
W (00:00:53.381) SAC: Scs Val = 0 Read Sts = 0
I (00:00:53.386) SAC: Thres Comparison Executed Gysr Temp State 42 Low Temp State 0
W (00:00:53.485) EDRV: hvc 0 nvc 0 lvc 0 V 222687 C 0 P 0 pc 0 vl_or 0 vs 25
W (00:00:53.985) EDRV: hvc 0 nvc 0 lvc 0 V 222687 C 0 P 0 pc 1 vl_or 0 vs 25
W (00:00:54.485) EDRV: hvc 0 nvc 0 lvc 0 V 222687 C 0 P 0 pc 2 vl_or 0 vs 25
I (00:00:54.606) TDRV: Temp periodic tmr exp
W (00:00:54.609) OST: Temperature conv tmr Tmr Strtd Scsfly
W (00:00:54.985) EDRV: hvc 0 nvc 0 lvc 0 V 222687 C 0 P 0 pc 3 vl_or 0 vs 25
I (00:00:55.367) TDRV: result: -0.543000 minus_val 1
W (00:00:55.367) TDRV: B_LUT=26.125000 A_LUT=25.582001
W (00:00:55.367) TDRV: p_tmp1=25.582001 c_tmp1=25.582001 inv_cnt=0 prv_neg 0.000000
W (00:00:55.373) TDRV: p_tmp2=25.582001 c_tmp2=25.582001
W (00:00:55.378) SAC: Temp conv cb Exe
W (00:00:55.381) SAC: Scs Val = 0 Read Sts = 0
I (00:00:55.386) SAC: Thres Comparison Executed Gysr Temp State 42 Low Temp State 0
W (00:00:55.485) EDRV: hvc 0 nvc 0 lvc 0 V 222687 C 0 P 0 pc 4 vl_or 0 vs 25
W (00:00:55.985) EDRV: hvc 0 nvc 0 lvc 0 V 222687 C 0 P 0 pc 5 vl_or 0 vs 25
W (00:00:56.485) EDRV: hvc 0 nvc 0 lvc 0 V 222687 C 0 P 0 pc 6 vl_or 0 vs 25
I (00:00:56.606) TDRV: Temp periodic tmr exp
W (00:00:56.609) OST: Temperature conv tmr Tmr Strtd Scsfly
W (00:00:56.985) EDRV: hvc 0 nvc 0 lvc 0 V 222323 C 0 P 0 pc 7 vl_or 0 vs 25
I (00:00:57.367) TDRV: result: -0.543000 minus_val 1
W (00:00:57.367) TDRV: B_LUT=26.125000 A_LUT=25.582001
W (00:00:57.367) TDRV: p_tmp1=25.582001 c_tmp1=25.582001 inv_cnt=0 prv_neg 0.000000
W (00:00:57.373) TDRV: p_tmp2=25.582001 c_tmp2=25.582001
W (00:00:57.378) SAC: Temp conv cb Exe
W (00:00:57.381) SAC: Scs Val = 0 Read Sts = 0
I (00:00:57.386) SAC: Thres Comparison Executed Gysr Temp State 42 Low Temp State 0
W (00:00:57.485) EDRV: hvc 0 nvc 0 lvc 0 V 222323 C 0 P 0 pc 8 vl_or 0 vs 25
W (00:00:57.980) EX: TF: 0 TZ: 19800 Sys_tm:1577836857
I (00:00:57.981) EX: get time GMT= 1577817057
W (00:00:58.105) EDRV: hvc 0 nvc 0 lvc 0 V 222687 C 0 P 0 pc 9 vl_or 0 vs 25
W (00:00:58.105) NVM: part erase scs
W (00:00:58.106) NVM: part erase restart
W (00:00:58.128) NVM: esp_part_write scs
W (00:00:58.240) NVM: part erase scs
W (00:00:58.241) NVM: part erase restart
W (00:00:58.262) NVM: esp_part_write scs
W (00:00:58.485) EDRV: hvc 0 nvc 0 lvc 0 V 222687 C 0 P 0 pc 10 vl_or 0 vs 25
I (00:00:58.606) TDRV: Temp periodic tmr exp
W (00:00:58.609) OST: Temperature conv tmr Tmr Strtd Scsfly
W (00:00:58.985) EDRV: hvc 0 nvc 0 lvc 0 V 222687 C 0 P 0 pc 0 vl_or 0 vs 25
I (00:00:59.367) TDRV: result: -0.543000 minus_val 1
W (00:00:59.367) TDRV: B_LUT=26.062500 A_LUT=25.519501
W (00:00:59.368) TDRV: p_tmp1=25.582001 c_tmp1=25.519501 inv_cnt=0 prv_neg 0.000000
W (00:00:59.373) TDRV: p_tmp2=25.519501 c_tmp2=25.519501
W (00:00:59.378) SAC: Temp conv cb Exe
W (00:00:59.381) SAC: Scs Val = 0 Read Sts = 0
I (00:00:59.386) SAC: Thres Comparison Executed Gysr Temp State 42 Low Temp State 0
W (00:00:59.485) EDRV: hvc 0 nvc 0 lvc 0 V 222687 C 0 P 0 pc 1 vl_or 0 vs 25
W (00:00:59.985) EDRV: hvc 0 nvc 0 lvc 0 V 222687 C 0 P 0 pc 2 vl_or 0 vs 25
W (00:01:00.485) EDRV: hvc 0 nvc 0 lvc 0 V 222687 C 0 P 0 pc 3 vl_or 0 vs 25
I (00:01:00.606) TDRV: Temp periodic tmr exp
W (00:01:00.609) OST: Temperature conv tmr Tmr Strtd Scsfly
W (00:01:00.985) EDRV: hvc 0 nvc 0 lvc 0 V 222687 C 0 P 0 pc 4 vl_or 0 vs 25
I (00:01:01.367) TDRV: result: -0.543000 minus_val 1
W (00:01:01.367) TDRV: B_LUT=26.125000 A_LUT=25.582001
W (00:01:01.367) TDRV: p_tmp1=25.519501 c_tmp1=25.582001 inv_cnt=0 prv_neg 0.000000
W (00:01:01.373) TDRV: p_tmp2=25.582001 c_tmp2=25.582001
W (00:01:01.378) SAC: Temp conv cb Exe
W (00:01:01.381) SAC: Scs Val = 0 Read Sts = 0
I (00:01:01.386) SAC: Thres Comparison Executed Gysr Temp State 42 Low Temp State 0
W (00:01:01.485) EDRV: hvc 0 nvc 0 lvc 0 V 222687 C 0 P 0 pc 5 vl_or 0 vs 25
W (00:01:01.985) EDRV: hvc 0 nvc 0 lvc 0 V 222687 C 0 P 0 pc 6 vl_or 0 vs 25
W (00:01:02.485) EDRV: hvc 0 nvc 0 lvc 0 V 222687 C 0 P 0 pc 7 vl_or 0 vs 25
I (00:01:02.606) TDRV: Temp periodic tmr exp
W (00:01:02.609) OST: Temperature conv tmr Tmr Strtd Scsfly
W (00:01:02.985) EDRV: hvc 0 nvc 0 lvc 0 V 222323 C 0 P 0 pc 8 vl_or 0 vs 25
W (00:01:03.262) EX: TF: 0 TZ: 19800 Sys_tm:1577836863
I (00:01:03.263) EX: get time GMT= 1577817063
W (00:01:03.385) NVM: part erase scs
W (00:01:03.385) NVM: part erase restart
W (00:01:03.406) NVM: esp_part_write scs
W (00:01:03.511) NVM: part erase scs
W (00:01:03.511) NVM: part erase restart
W (00:01:03.533) NVM: esp_part_write scs
I (00:01:03.538) TDRV: result: -0.543000 minus_val 1
W (00:01:03.539) TDRV: B_LUT=26.062500 A_LUT=25.519501
W (00:01:03.539) TDRV: p_tmp1=25.582001 c_tmp1=25.519501 inv_cnt=0 prv_neg 0.000000
W (00:01:03.544) TDRV: p_tmp2=25.519501 c_tmp2=25.519501
W (00:01:03.549) SAC: Temp conv cb Exe
W (00:01:03.553) SAC: Scs Val = 0 Read Sts = 0
I (00:01:03.557) SAC: Thres Comparison Executed Gysr Temp State 42 Low Temp State 0
W (00:01:03.584) EDRV: hvc 1 nvc 0 lvc 0 V 316423 C 0 P 0 pc 0 vl_or 0 vs 25
W (00:01:03.985) EDRV: hvc 0 nvc 0 lvc 0 V 222687 C 0 P 0 pc 1 vl_or 0 vs 25
W (00:01:04.485) EDRV: hvc 0 nvc 0 lvc 0 V 222323 C 0 P 0 pc 2 vl_or 0 vs 25
I (00:01:04.606) TDRV: Temp periodic tmr exp
W (00:01:04.609) OST: Temperature conv tmr Tmr Strtd Scsfly
