W (00:11:56.344) EX: TF: 0 TZ: 0
 Sys_tm:716
I (00:11:56.344) EX
: get time GMT= 716
W (00:11:56.439) NVM: part erase
 scs
W (00:11:56.439) NVM: part
 erase restart
W (00:11:56.457) NVM: esp_part_w
rite scs
W (00:11:56.551) NVM: part erase
 scs
W (00:11:56.551) NVM: part erase restart
W (00:11:56.568) NVM: esp_part_w
rite scs
I (00:11:56.575) TDRV: result: -
0.543000 minus_val 1
W (00:11:5
6.576) TDRV: B_LUT=24.125000 A_L
UT=23.582001
W (00:11:56.576) T
DRV: p_tmp1=23.644501 c_tmp1=23.
582001 inv_cnt=0 prv_neg 0.00000
0
W (00:11:56.581) TDRV: p_tmp2
=23.582001 c_tmp2=23.582001
W (
00:11:56.586) SAC: Temp conv cb 
Exe
W (00:11:56.590) SAC: Scs V
al = 0 Read Sts = 0
I (00:11:56
.594) SAC: Thres Comparison Exec
uted Gysr Temp State 0 Low Temp 
State 0
I (00:11:56.601) SAC: T
hres Comparison Executed Gysr Te
mp State 0 Low Temp State 0
W (00:11:56.657) EDRV: hvc 1 nvc
 0 lvc 0 V 289493 C 0 P 0 pc 0 v
l_or 0 vs 25
W (00:11:57.157) EDRV: hvc 0 nvc
 0 lvc 0 V 223052 C 0 P 0 pc 1 v
l_or 0 vs 25
W (00:11:57.657) EDRV: hvc 0 nvc
 0 lvc 0 V 223418 C 0 P 0 pc 2 v
l_or 0 vs 25
I (00:11:57.772) TDRV: Temp peri
odic tmr exp
W (00:11:58.157) EDRV: hvc 0 nvc
 0 lvc 0 V 223418 C 0 P 0 pc 3 v
l_or 0 vs 25
I (00:11:58.533) TDRV: result: -
0.543000 minus_val 1
W (00:11:5
8.533) TDRV: B_LUT=24.125000 A_L
UT=23.582001
W (00:11:58.533) T
DRV: p_tmp1=23.582001 c_tmp1=23.
582001 inv_cnt=0 prv_neg 0.00000
0
W (00:11:58.539) TDRV: p_tmp2
=23.582001 c_tmp2=23.582001
W (
00:11:58.544) SAC: Temp conv cb 
Exe
W (00:11:58.547) SAC: Scs V
al = 0 Read Sts = 0
I (00:11:58
.551) SAC: Thres Comparison Exec
uted Gysr Temp State 0 Low Temp 
State 0
I (00:11:58.559) SAC: T
hres Comparison Executed Gysr Te
mp State 0 Low Temp State 0
W (00:11:58.657) EDRV: hvc 0 nvc
 0 lvc 0 V 223418 C 0 P 0 pc 4 v
l_or 0 vs 25
W (00:11:59.157) EDRV: hvc 0 nvc
 0 lvc 0 V 223052 C 0 P 0 pc 5 v
l_or 0 vs 25
W (00:11:59.657) EDRV: hvc 0 nvc
 0 lvc 0 V 223418 C 0 P 0 pc 6 v
l_or 0 vs 25
I (00:11:59.772) TDRV: Temp peri
odic tmr exp
W (00:12:00.157) EDRV: hvc 0 nvc
 0 lvc 0 V 223418 C 0 P 0 pc 7 vl_or 0 vs 25
I (00:12:00.533) TDRV: result: -
0.543000 minus_val 1
W (00:12:0
0.533) TDRV: B_LUT=24.125000 A_L
UT=23.582001
W (00:12:00.533) TDRV: p_tmp1=23.582001 c_tmp1=23.
582001 inv_cnt=0 prv_neg 0.00000
0
W (00:12:00.539) TDRV: p_tmp2
=23.582001 c_tmp2=23.582001
W (00:12:00.544) SAC: Temp conv cb 
Exe
W (00:12:00.547) SAC: Scs V
al = 0 Read Sts = 0
I (00:12:00
.551) SAC: Thres Comparison Exec
uted Gysr Temp State 0 Low Temp 
State 0
I (00:12:00.559) SAC: T
hres Comparison Executed Gysr Te
mp State 0 Low Temp State 0
W (00:12:00.657) EDRV: hvc 0 nvc
 0 lvc 0 V 223052 C 0 P 0 pc 8 v
l_or 0 vs 25
W (00:12:01.157) EDRV: hvc 0 nvc
 0 lvc 0 V 222687 C 0 P 0 pc 9 v
l_or 0 vs 25
W (00:12:01.568) EX: TF: 0 TZ: 0
 Sys_tm:721
I (00:12:01.568) EX
: get time GMT= 721
W (00:12:01.663) NVM: part erase
 scs
W (00:12:01.663) NVM: part
 erase restart
W (00:12:01.680) NVM: esp_part_write scs
W (00:12:01.781) EDRV: hvc 0 nvc
 0 lvc 0 V 223786 C 0 P 0 pc 10 
vl_or 0 vs 25
W (00:12:01.781) 
NVM: part erase scs
W (00:12:01
.781) NVM: part erase restart
I (00:12:01.781) TDRV: Temp peri
odic tmr exp
W (00:12:01.801) N
VM: esp_part_write scs
W (00:12:02.157) EDRV: hvc 0 nvc
 0 lvc 0 V 223786 C 0 P 0 pc 0 v
l_or 0 vs 25
I (00:12:02.562) TDRV: result: -
0.543000 minus_val 1
W (00:12:0
2.562) TDRV: B_LUT=24.125000 A_L
UT=23.582001
W (00:12:02.562) T
DRV: p_tmp1=23.582001 c_tmp1=23.
582001 inv_cnt=0 prv_neg 0.00000
0
W (00:12:02.568) TDRV: p_tmp2
=23.582001 c_tmp2=23.582001
W (
00:12:02.573) SAC: Temp conv cb 
Exe
W (00:12:02.576) SAC: Scs V
al = 0 Read Sts = 0
I (00:12:02
.581) SAC: Thres Comparison Exec
uted Gysr Temp State 0 Low Temp State 0
I (00:12:02.588) SAC: T
hres Comparison Executed Gysr Te
mp State 0 Low Temp State 0
W (00:12:02.657) EDRV: hvc 0 nvc
 0 lvc 0 V 223786 C 0 P 0 pc 1 vl_or 0 vs 25
W (00:12:03.157) EDRV: hvc 0 nvc
 0 lvc 0 V 223786 C 0 P 0 pc 2 v
l_or 0 vs 25
W (00:12:03.657) EDRV: hvc 0 nvc
 0 lvc 0 V 223786 C 0 P 0 pc 3 v
l_or 0 vs 25
I (00:12:03.772) TDRV: Temp peri
odic tmr exp
W (00:12:04.157) EDRV: hvc 0 nvc
 0 lvc 0 V 223786 C 0 P 0 pc 4 v
l_or 0 vs 25
I (00:12:04.533) TDRV: result: -
0.543000 minus_val 1
W (00:12:0
4.533) TDRV: B_LUT=24.125000 A_L
UT=23.582001
W (00:12:04.533) T
DRV: p_tmp1=23.582001 c_tmp1=23.
582001 inv_cnt=0 prv_neg 0.00000
0
W (00:12:04.539) TDRV: p_tmp2
=23.582001 c_tmp2=23.582001
W (
00:12:04.544) SAC: Temp conv cb 
Exe
W (00:12:04.547) SAC: Scs V
al = 0 Read Sts = 0
I (00:12:04.551) SAC: Thres Comparison Exec
uted Gysr Temp State 0 Low Temp 
State 0
I (00:12:04.559) SAC: T
hres Comparison Executed Gysr Te
mp State 0 Low Temp State 0
W (00:12:04.657) EDRV: hvc 0 nvc
 0 lvc 0 V 223786 C 0 P 0 pc 5 v
l_or 0 vs 25
W (00:12:05.157) EDRV: hvc 0 nvc
 0 lvc 0 V 223786 C 0 P 0 pc 6 v
l_or 0 vs 25
W (00:12:05.657) EDRV: hvc 0 nvc
 0 lvc 0 V 223786 C 0 P 0 pc 7 v
l_or 0 vs 25
I (00:12:05.772) TDRV: Temp peri
odic tmr exp
W (00:12:06.157) EDRV: hvc 0 nvc
 0 lvc 0 V 223786 C 0 P 0 pc 8 v
l_or 0 vs 25
I (00:12:06.533) TDRV: result: -
0.543000 minus_val 1
W (00:12:0
6.533) TDRV: B_LUT=24.187500 A_L
UT=23.644501
W (00:12:06.533) T
DRV: p_tmp1=23.582001 c_tmp1=23.
644501 inv_cnt=0 prv_neg 0.000000
W (00:12:06.539) TDRV: p_tmp2
=23.644501 c_tmp2=23.644501
W (
00:12:06.544) SAC: Temp conv cb 
Exe
W (00:12:06.547) SAC: Scs V
al = 0 Read Sts = 0
I (00:12:06
.551) SAC: Thres Comparison Exec
uted Gysr Temp State 0 Low Temp 
State 0
I (00:12:06.559) SAC: T
hres Comparison Executed Gysr Te
mp State 0 Low Temp State 0
W (00:12:06.657) EDRV: hvc 0 nvc
 0 lvc 0 V 223786 C 0 P 0 pc 9 v
l_or 0 vs 25
W (00:12:06.801) EX: TF: 0 TZ: 0
 Sys_tm:726
I (00:12:06.801) EX
: get time GMT= 726
W (00:12:06.894) NVM: part erase
 scs
W (00:12:06.895) NVM: part
 erase restart
W (00:12:06.912) NVM: esp_part_w
rite scs
W (00:12:07.013) NVM: part erase
 scs
W (00:12:07.013) NVM: part
 erase restart
W (00:12:07.031) NVM: esp_part_w
rite scs
W (00:12:07.157) EDRV: hvc 0 nvc
 0 lvc 0 V 223786 C 0 P 0 pc 10 
vl_or 0 vs 25
W (00:12:07.657) EDRV: hvc 0 nvc
 0 lvc 0 V 223786 C 0 P 0 pc 0 v
l_or 0 vs 25
I (00:12:07.772) TDRV: Temp peri
odic tmr exp
W (00:12:08.157) EDRV: hvc 0 nvc 0 lvc 0 V 223418 C 0 P 0 pc 1 v
l_or 0 vs 25
I (00:12:08.533) TDRV: result: -
0.543000 minus_val 1
W (00:12:0
8.533) TDRV: B_LUT=24.125000 A_L
UT=23.582001
W (00:12:08.533) T
DRV: p_tmp1=23.644501 c_tmp1=23.
582001 inv_cnt=0 prv_neg 0.00000
0
W (00:12:08.539) TDRV: p_tmp2
=23.582001 c_tmp2=23.582001
W (
00:12:08.544) SAC: Temp conv cb 
Exe
W (00:12:08.547) SAC: Scs V
al = 0 Read Sts = 0
I (00:12:08
.552) SAC: Thres Comparison Exec
uted Gysr Temp State 0 Low Temp 
State 0
I (00:12:08.559) SAC: T
hres Comparison Executed Gysr Te
mp State 0 Low Temp State 0
W (00:12:08.657) EDRV: hvc 0 nvc
 0 lvc 0 V 223052 C 0 P 0 pc 2 v
l_or 0 vs 25
W (00:12:09.157) EDRV: hvc 0 nvc
 0 lvc 0 V 223052 C 0 P 0 pc 3 v
l_or 0 vs 25
W (00:12:09.657) EDRV: hvc 0 nvc
 0 lvc 0 V 223418 C 0 P 0 pc 4 v
l_or 0 vs 25
I (00:12:09.772) TDRV: Temp peri
odic tmr exp
W (00:12:10.157) EDRV: hvc 0 nvc
 0 lvc 0 V 223418 C 0 P 0 pc 5 v
l_or 0 vs 25
I (00:12:10.533) TDRV: result: -
0.543000 minus_val 1
W (00:12:1
0.533) TDRV: B_LUT=24.125000 A_L
UT=23.582001
W (00:12:10.533) T
DRV: p_tmp1=23.582001 c_tmp1=23.
582001 inv_cnt=0 prv_neg 0.00000
0
W (00:12:10.539) TDRV: p_tmp2
=23.582001 c_tmp2=23.582001
W (
00:12:10.544) SAC: Temp conv cb 
Exe
W (00:12:10.547) SAC: Scs V
al = 0 Read Sts = 0
I (00:12:10
.551) SAC: Thres Comparison Exec
uted Gysr Temp State 0 Low Temp 
State 0
I (00:12:10.559) SAC: T
hres Comparison Executed Gysr Te
mp State 0 Low Temp State 0
W (00:12:10.657) EDRV: hvc 0 nvc
 0 lvc 0 V 223052 C 0 P 0 pc 6 v
l_or 0 vs 25
W (00:12:11.157) EDRV: hvc 0 nvc
 0 lvc 0 V 223052 C 0 P 0 pc 7 v
l_or 0 vs 25
W (00:12:11.657) EDRV: hvc 0 nvc
 0 lvc 0 V 223418 C 0 P 0 pc 8 v
l_or 0 vs 25
I (00:12:11.772) TDRV: Temp peri
odic tmr exp
W (00:12:12.031) EX: TF: 0 TZ: 0 Sys_tm:732
I (00:12:12.031) EX
: get time GMT= 732
W (00:12:12.127) NVM: part erase
 scs
W (00:12:12.128) NVM: part
 erase restart
W (00:12:12.145) NVM: esp_part_write scs
W (00:12:12.239) EDRV: hvc 0 nvc
 0 lvc 0 V 223052 C 0 P 0 pc 9 v
l_or 0 vs 25
W (00:12:12.239) N
VM: part erase scs
W (00:12:12.
240) NVM: part erase restart
W (00:12:12.259) NVM: esp_part_w
rite scs
I (00:12:12.533) TDRV: result: -
0.543000 minus_val 1
W (00:12:1
2.533) TDRV: B_LUT=24.125000 A_L
UT=23.582001
W (00:12:12.533) T
DRV: p_tmp1=23.582001 c_tmp1=23.
582001 inv_cnt=0 prv_neg 0.00000
0
W (00:12:12.539) TDRV: p_tmp2=23.582001 c_tmp2=23.582001
W (
00:12:12.544) SAC: Temp conv cb 
Exe
W (00:12:12.547) SAC: Scs V
al = 0 Read Sts = 0
I (00:12:12
.551) SAC: Thres Comparison Exec
uted Gysr Temp State 0 Low Temp 
State 0
I (00:12:12.559) SAC: T
hres Comparison Executed Gysr Te
mp State 0 Low Temp State 0
W (00:12:12.657) EDRV: hvc 0 nvc
 0 lvc 0 V 223418 C 0 P 0 pc 10 
vl_or 0 vs 25
W (00:12:13.157) EDRV: hvc 0 nvc
 0 lvc 0 V 223418 C 0 P 0 pc 0 v
l_or 0 vs 25
W (00:12:13.657) EDRV: hvc 0 nvc
 0 lvc 0 V 223052 C 0 P 0 pc 1 v
l_or 0 vs 25
I (00:12:13.772) TDRV: Temp peri
odic tmr exp
W (00:12:14.157) EDRV: hvc 0 nvc 0 lvc 0 V 223052 C 0 P 0 pc 2 v
l_or 0 vs 25
W (00:12:14.165) B
LE: ble curr user count 0 
W (0
0:12:14.165) MSH: total availabl
e app id count 0
W (00:12:14.16
5) BLE: ble_discnt_cnt 0
W (00:
12:14.166) BLE: ble_usr_con_cnt 
0 wifi_con_sts 0
I (00:12:14.533) TDRV: result: -
0.543000 minus_val 1
W (00:12:1
4.533) TDRV: B_LUT=24.125000 A_L
UT=23.582001
W (00:12:14.533) T
DRV: p_tmp1=23.582001 c_tmp1=23.
582001 inv_cnt=0 prv_neg 0.00000
0
W (00:12:14.539) TDRV: p_tmp2
=23.582001 c_tmp2=23.582001
W (
00:12:14.544) SAC: Temp conv cb 
Exe
W (00:12:14.547) SAC: Scs V
al = 0 Read Sts = 0
I (00:12:14
.552) SAC: Thres Comparison Exec
uted Gysr Temp State 0 Low Temp 
State 0
I (00:12:14.559) SAC: T
hres Comparison Executed Gysr Te
mp State 0 Low Temp State 0
W (00:12:14.657) EDRV: hvc 0 nvc
 0 lvc 0 V 223052 C 0 P 0 pc 3 v
l_or 0 vs 25
W (00:12:15.157) EDRV: hvc 0 nvc
 0 lvc 0 V 223052 C 0 P 0 pc 4 v
l_or 0 vs 25
W (00:12:15.657) EDRV: hvc 0 nvc
 0 lvc 0 V 223052 C 0 P 0 pc 5 v
l_or 0 vs 25
I (00:12:15.772) TDRV: Temp peri
odic tmr exp
W (00:12:16.157) EDRV: hvc 0 nvc
 0 lvc 0 V 223052 C 0 P 0 pc 6 v
l_or 0 vs 25
I (00:12:16.533) TDRV: result: -
0.543000 minus_val 1
W (00:12:1
6.533) TDRV: B_LUT=24.125000 A_L
UT=23.582001
W (00:12:16.533) T
DRV: p_tmp1=23.582001 c_tmp1=23.
582001 inv_cnt=0 prv_neg 0.00000
0
W (00:12:16.539) TDRV: p_tmp2
=23.582001 c_tmp2=23.582001
W (
00:12:16.544) SAC: Temp conv cb 
Exe
W (00:12:16.547) SAC: Scs V
al = 0 Read Sts = 0
I (00:12:16
.551) SAC: Thres Comparison Exec
uted Gysr Temp State 0 Low Temp 
State 0
I (00:12:16.559) SAC: T
hres Comparison Executed Gysr Te
mp State 0 Low Temp State 0
W (00:12:16.657) EDRV: hvc 0 nvc
 0 lvc 0 V 223052 C 0 P 0 pc 7 v
l_or 0 vs 25
W (00:12:17.157) EDRV: hvc 0 nvc
 0 lvc 0 V 223052 C 0 P 0 pc 8 v
l_or 0 vs 25
W (00:12:17.259) EX: TF: 0 TZ: 0
 Sys_tm:737
I (00:12:17.259) EX
: get time GMT= 737
W (00:12:17.356) NVM: part erase
 scs
W (00:12:17.356) NVM: part
 erase restart
W (00:12:17.373) NVM: esp_part_w
rite scs
W (00:12:17.467) NVM: part erase
 scs
W (00:12:17.467) NVM: part
 erase restart
W (00:12:17.485) NVM: esp_part_w
rite scs
W (00:12:17.657) EDRV: hvc 0 nvc
 0 lvc 0 V 223418 C 0 P 0 pc 9 v
l_or 0 vs 25
I (00:12:17.772) TDRV: Temp peri
odic tmr exp
W (00:12:18.157) EDRV: hvc 0 nvc
 0 lvc 0 V 223052 C 0 P 0 pc 10 
vl_or 0 vs 25
I (00:12:18.533) TDRV: result: -
0.543000 minus_val 1
W (00:12:1
8.533) TDRV: B_LUT=24.125000 A_L
UT=23.582001
W (00:12:18.533) T
DRV: p_tmp1=23.582001 c_tmp1=23.
582001 inv_cnt=0 prv_neg 0.00000
0
W (00:12:18.539) TDRV: p_tmp2
=23.582001 c_tmp2=23.582001
W (
00:12:18.544) SAC: Temp conv cb 
Exe
W (00:12:18.547) SAC: Scs V
al = 0 Read Sts = 0
I (00:12:18
.552) SAC: Thres Comparison Exec
uted Gysr Temp State 0 Low Temp 
State 0
I (00:12:18.559) SAC: T
hres Comparison Executed Gysr Te
mp State 0 Low Temp State 0
W (00:12:18.657) EDRV: hvc 0 nvc
 0 lvc 0 V 223052 C 0 P 0 pc 0 v
l_or 0 vs 25
W (00:12:19.157) EDRV: hvc 0 nvc
 0 lvc 0 V 223052 C 0 P 0 pc 1 v
l_or 0 vs 25
W (00:12:19.657) EDRV: hvc 0 nvc
 0 lvc 0 V 223052 C 0 P 0 pc 2 v
l_or 0 vs 25
I (00:12:19.772) TDRV: Temp peri
odic tmr exp
W (00:12:20.157) EDRV: hvc 0 nvc
 0 lvc 0 V 223418 C 0 P 0 pc 3 v
l_or 0 vs 25
I (00:12:20.533) TDRV: result: -
0.543000 minus_val 1
W (00:12:2
0.533) TDRV: B_LUT=24.125000 A_L
UT=23.582001
W (00:12:20.533) T
DRV: p_tmp1=23.582001 c_tmp1=23.
582001 inv_cnt=0 prv_neg 0.00000
0
W (00:12:20.539) TDRV: p_tmp2
=23.582001 c_tmp2=23.582001
W (
00:12:20.544) SAC: Temp conv cb 
Exe
W (00:12:20.547) SAC: Scs V
al = 0 Read Sts = 0
I (00:12:20
.551) SAC: Thres Comparison Exec
uted Gysr Temp State 0 Low Temp 
State 0
I (00:12:20.559) SAC: T
hres Comparison Executed Gysr Te
mp State 0 Low Temp State 0
W (00:12:20.657) EDRV: hvc 0 nvc
 0 lvc 0 V 223052 C 0 P 0 pc 4 v
l_or 0 vs 25
W (00:12:21.157) EDRV: hvc 0 nvc
 0 lvc 0 V 223052 C 0 P 0 pc 5 v
l_or 0 vs 25
W (00:12:21.657) EDRV: hvc 0 nvc
 0 lvc 0 V 223418 C 0 P 0 pc 6 v
l_or 0 vs 25
I (00:12:21.772) TDRV: Temp peri
odic tmr exp
W (00:12:22.157) EDRV: hvc 0 nvc
 0 lvc 0 V 223418 C 0 P 0 pc 7 v
l_or 0 vs 25
W (00:12:22.485) EX: TF: 0 TZ: 0 Sys_tm:742
I (00:12:22.485) EX
: get time GMT= 742
W (00:12:22.587) NVM: part erase
 scs
W (00:12:22.587) NVM: part
 erase restart
W (00:12:22.604) NVM: esp_part_w
rite scs
W (00:12:22.705) NVM: part erase
 scs
W (00:12:22.705) NVM: part
 erase restart
W (00:12:22.723) NVM: esp_part_w
rite scs
I (00:12:22.728) TDRV: result: -
0.543000 minus_val 1
W (00:12:2
2.729) TDRV: B_LUT=24.125000 A_L
UT=23.582001
W (00:12:22.729) T
DRV: p_tmp1=23.582001 c_tmp1=23.582001 inv_cnt=0 prv_neg 0.00000
0
W (00:12:22.734) TDRV: p_tmp2
=23.582001 c_tmp2=23.582001
W (
00:12:22.739) SAC: Temp conv cb 
Exe
W (00:12:22.743) SAC: Scs V
al = 0 Read Sts = 0
I (00:12:22
.747) SAC: Thres Comparison Exec
uted Gysr Temp State 0 Low Temp 
State 0
I (00:12:22.754) SAC: T
hres Comparison Executed Gysr Te
mp State 0 Low Temp State 0
W (00:12:22.781) EDRV: hvc 1 nvc
 0 lvc 0 V 278815 C 0 P 0 pc 0 vl_or 0 vs 25
W (00:12:23.157) EDRV: hvc 0 nvc
 0 lvc 0 V 223052 C 0 P 0 pc 1 v
l_or 0 vs 25
W (00:12:23.657) EDRV: hvc 0 nvc
 0 lvc 0 V 223418 C 0 P 0 pc 2 v
l_or 0 vs 25
I (00:12:23.772) TDRV: Temp peri
odic tmr exp
W (00:12:24.157) EDRV: hvc 0 nvc
 0 lvc 0 V 223418 C 0 P 0 pc 3 v
l_or 0 vs 25
I (00:12:24.533) TDRV: result: -
0.543000 minus_val 1
W (00:12:2
4.533) TDRV: B_LUT=24.125000 A_L
UT=23.582001
W (00:12:24.533) T
DRV: p_tmp1=23.582001 c_tmp1=23.
582001 inv_cnt=0 prv_neg 0.00000
0
W (00:12:24.539) TDRV: p_tmp2
=23.582001 c_tmp2=23.582001
W (
00:12:24.544) SAC: Temp conv cb 
Exe
W (00:12:24.547) SAC: Scs V
al = 0 Read Sts = 0
I (00:12:24
.551) SAC: Thres Comparison Exec
uted Gysr Temp State 0 Low Temp 
State 0
I (00:12:24.559) SAC: T
hres Comparison Executed Gysr Te
mp State 0 Low Temp State 0
W (00:12:24.657) EDRV: hvc 0 nvc
 0 lvc 0 V 223418 C 0 P 0 pc 4 v
l_or 0 vs 25
W (00:12:25.157) EDRV: hvc 0 nvc
 0 lvc 0 V 223418 C 0 P 0 pc 5 v
l_or 0 vs 25
W (00:12:25.657) EDRV: hvc 0 nvc
 0 lvc 0 V 223418 C 0 P 0 pc 6 v
l_or 0 vs 25
I (00:12:25.772) TDRV: Temp peri
odic tmr exp
W (00:12:26.157) EDRV: hvc 0 nvc
 0 lvc 0 V 223418 C 0 P 0 pc 7 v
l_or 0 vs 25
I (00:12:26.533) TDRV: result: -
0.543000 minus_val 1
W (00:12:2
6.533) TDRV: B_LUT=24.062500 A_L
UT=23.519501
W (00:12:26.533) T
DRV: p_tmp1=23.582001 c_tmp1=23.
519501 inv_cnt=0 prv_neg 0.00000
0
W (00:12:26.539) TDRV: p_tmp2
=23.519501 c_tmp2=23.519501
W (
00:12:26.544) SAC: Temp conv cb 
Exe
W (00:12:26.547) SAC: Scs V
al = 0 Read Sts = 0
I (00:12:26
.551) SAC: Thres Comparison Exec
uted Gysr Temp State 0 Low Temp 
State 0
I (00:12:26.559) SAC: T
hres Comparison Executed Gysr Te
mp State 0 Low Temp State 0
W (00:12:26.657) EDRV: hvc 0 nvc
 0 lvc 0 V 223052 C 0 P 0 pc 8 v
l_or 0 vs 25
W (00:12:27.157) EDRV: hvc 0 nvc
 0 lvc 0 V 223052 C 0 P 0 pc 9 v
l_or 0 vs 25
W (00:12:27.657) EDRV: hvc 0 nvc
 0 lvc 0 V 223052 C 0 P 0 pc 10 
vl_or 0 vs 25
W (00:12:27.723) EX: TF: 0 TZ: 0
 Sys_tm:747
I (00:12:27.723) EX
: get time GMT= 747
I (00:12:27.806) TDRV: Temp peri
odic tmr exp
W (00:12:27.806) N
VM: part erase scs
W (00:12:27.
806) NVM: part erase restart
W (00:12:27.824) NVM: esp_part_w
rite scs
W (00:12:27.906) NVM: part erase
 scs
W (00:12:27.906) NVM: part
 erase restart
W (00:12:27.924) NVM: esp_part_w
rite scs
W (00:12:28.157) EDRV: hvc 0 nvc
 0 lvc 0 V 223052 C 0 P 0 pc 0 v
l_or 0 vs 25
W (00:12:28.657) EDRV: hvc 0 nvc
 0 lvc 0 V 223418 C 0 P 0 pc 1 v
l_or 0 vs 25
I (00:12:28.666) TDRV: result: -
0.543000 minus_val 1
W (00:12:2
8.666) TDRV: B_LUT=24.125000 A_L
UT=23.582001
W (00:12:28.667) T
DRV: p_tmp1=23.519501 c_tmp1=23.
582001 inv_cnt=0 prv_neg 0.00000
0
W (00:12:28.672) TDRV: p_tmp2
=23.582001 c_tmp2=23.582001
W (
00:12:28.677) SAC: Temp conv cb 
Exe
W (00:12:28.681) SAC: Scs V
al = 0 Read Sts = 0
I (00:12:28
.685) SAC: Thres Comparison Exec
uted Gysr Temp State 0 Low Temp 
State 0
I (00:12:28.692) SAC: T
hres Comparison Executed Gysr Te
mp State 0 Low Temp State 0
W (00:12:29.157) EDRV: hvc 0 nvc
 0 lvc 0 V 223418 C 0 P 0 pc 2 v
l_or 0 vs 25
W (00:12:29.657) EDRV: hvc 0 nvc 0 lvc 0 V 223052 C 0 P 0 pc 3 v
l_or 0 vs 25
I (00:12:29.772) TDRV: Temp peri
odic tmr exp
W (00:12:30.157) EDRV: hvc 0 nvc
 0 lvc 0 V 223418 C 0 P 0 pc 4 v
l_or 0 vs 25
I (00:12:30.533) TDRV: result: -
0.543000 minus_val 1
W (00:12:3
0.533) TDRV: B_LUT=24.062500 A_L
UT=23.519501
W (00:12:30.533) T
DRV: p_tmp1=23.582001 c_tmp1=23.
519501 inv_cnt=0 prv_neg 0.00000
0
W (00:12:30.539) TDRV: p_tmp2
=23.519501 c_tmp2=23.519501
W (
00:12:30.544) SAC: Temp conv cb 
Exe
W (00:12:30.547) SAC: Scs V
al = 0 Read Sts = 0
I (00:12:30
.551) SAC: Thres Comparison Exec
uted Gysr Temp State 0 Low Temp 
State 0
I (00:12:30.559) SAC: T
hres Comparison Executed Gysr Te
mp State 0 Low Temp State 0
W (00:12:30.657) EDRV: hvc 0 nvc
 0 lvc 0 V 223052 C 0 P 0 pc 5 v
l_or 0 vs 25
W (00:12:31.157) EDRV: hvc 0 nvc
 0 lvc 0 V 223418 C 0 P 0 pc 6 v
l_or 0 vs 25
W (00:12:31.657) EDRV: hvc 0 nvc
 0 lvc 0 V 223052 C 0 P 0 pc 7 v
l_or 0 vs 25
I (00:12:31.772) TDRV: Temp peri
odic tmr exp
W (00:12:32.157) EDRV: hvc 0 nvc
 0 lvc 0 V 223418 C 0 P 0 pc 8 v
l_or 0 vs 25
I (00:12:32.533) TDRV: result: -
0.543000 minus_val 1
W (00:12:3
2.533) TDRV: B_LUT=24.125000 A_L
UT=23.582001
W (00:12:32.533) T
DRV: p_tmp1=23.519501 c_tmp1=23.
582001 inv_cnt=0 prv_neg 0.000000
W (00:12:32.539) TDRV: p_tmp2
=23.582001 c_tmp2=23.582001
W (00:12:32.544) SAC: Temp conv cb 
Exe
W (00:12:32.547) SAC: Scs V
al = 0 Read Sts = 0
I (00:12:32
.551) SAC: Thres Comparison Exec
uted Gysr Temp State 0 Low Temp 
State 0
I (00:12:32.559) SAC: T
hres Comparison Executed Gysr Te
mp State 0 Low Temp State 0
W (00:12:32.657) EDRV: hvc 0 nvc
 0 lvc 0 V 223052 C 0 P 0 pc 9 v
l_or 0 vs 25
W (00:12:32.924) EX: TF: 0 TZ: 0
 Sys_tm:752
I (00:12:32.924) EX
: get time GMT= 752
W (00:12:33.009) NVM: part erase
 scs
W (00:12:33.009) NVM: part
 erase restart
W (00:12:33.027) NVM: esp_part_w
rite scs
W (00:12:33.119) NVM: part erase
 scs
W (00:12:33.120) NVM: part
 erase restart
W (00:12:33.137) NVM: esp_part_w
rite scs
W (00:12:33.157) EDRV: hvc 0 nvc
 0 lvc 0 V 223052 C 0 P 0 pc 10 
vl_or 0 vs 25
W (00:12:33.657) EDRV: hvc 0 nvc
 0 lvc 0 V 223052 C 0 P 0 pc 0 v
l_or 0 vs 25
I (00:12:33.772) TDRV: Temp peri
odic tmr exp
W (00:12:34.157) EDRV: hvc 0 nvc
 0 lvc 0 V 223052 C 0 P 0 pc 1 v
l_or 0 vs 25
I (00:12:34.533) TDRV: result: -
0.543000 minus_val 1
W (00:12:34.533) TDRV: B_LUT=24.125000 A_L
UT=23.582001
W (00:12:34.533) T
DRV: p_tmp1=23.582001 c_tmp1=23.
582001 inv_cnt=0 prv_neg 0.00000
0
W (00:12:34.539) TDRV: p_tmp2
=23.582001 c_tmp2=23.582001
W (
00:12:34.544) SAC: Temp conv cb 
Exe
W (00:12:34.547) SAC: Scs V
al = 0 Read Sts = 0
I (00:12:34
.552) SAC: Thres Comparison Exec
uted Gysr Temp State 0 Low Temp 
State 0
I (00:12:34.559) SAC: T
hres Comparison Executed Gysr Te
mp State 0 Low Temp State 0
W (00:12:34.657) EDRV: hvc 0 nvc
 0 lvc 0 V 223052 C 0 P 0 pc 2 v
l_or 0 vs 25
W (00:12:35.157) EDRV: hvc 0 nvc
 0 lvc 0 V 223052 C 0 P 0 pc 3 v
l_or 0 vs 25
W (00:12:35.657) EDRV: hvc 0 nvc
 0 lvc 0 V 223052 C 0 P 0 pc 4 v
l_or 0 vs 25
I (00:12:35.772) TDRV: Temp periodic tmr exp
W (00:12:36.157) EDRV: hvc 0 nvc
 0 lvc 0 V 223052 C 0 P 0 pc 5 v
l_or 0 vs 25
I (00:12:36.533) TDRV: result: -
0.543000 minus_val 1
W (00:12:3
6.533) TDRV: B_LUT=24.062500 A_L
UT=23.519501
W (00:12:36.533) T
DRV: p_tmp1=23.582001 c_tmp1=23.
519501 inv_cnt=0 prv_neg 0.00000
0
W (00:12:36.539) TDRV: p_tmp2
=23.519501 c_tmp2=23.519501
W (
00:12:36.544) SAC: Temp conv cb 
Exe
W (00:12:36.547) SAC: Scs V
al = 0 Read Sts = 0
I (00:12:36
.551) SAC: Thres Comparison Exec
uted Gysr Temp State 0 Low Temp 
State 0
I (00:12:36.559) SAC: T
hres Comparison Executed Gysr Te
mp State 0 Low Temp State 0
W (00:12:36.657) EDRV: hvc 0 nvc
 0 lvc 0 V 223052 C 0 P 0 pc 6 v
l_or 0 vs 25
W (00:12:37.157) EDRV: hvc 0 nvc
 0 lvc 0 V 223052 C 0 P 0 pc 7 v
l_or 0 vs 25
W (00:12:37.657) EDRV: hvc 0 nvc
 0 lvc 0 V 223052 C 0 P 0 pc 8 v
l_or 0 vs 25
I (00:12:37.772) TDRV: Temp peri
odic tmr exp
W (00:12:38.137) EX: TF: 0 TZ: 0
 Sys_tm:758
I (00:12:38.137) EX
: get time GMT= 758
W (00:12:38.238) EDRV: hvc 0 nvc
 0 lvc 0 V 223052 C 0 P 0 pc 9 v
l_or 0 vs 25
W (00:12:38.238) N
VM: part erase scs
W (00:12:38.
239) NVM: part erase restart
W (00:12:38.258) NVM: esp_part_write scs
W (00:12:38.359) NVM: part erase
 scs
W (00:12:38.359) NVM: part
 erase restart
W (00:12:38.377) NVM: esp_part_w
rite scs
I (00:12:38.533) TDRV: result: -
0.543000 minus_val 1
W (00:12:3
8.533) TDRV: B_LUT=24.062500 A_L
UT=23.519501
W (00:12:38.533) T
DRV: p_tmp1=23.519501 c_tmp1=23.
519501 inv_cnt=0 prv_neg 0.00000
0
W (00:12:38.539) TDRV: p_tmp2
=23.519501 c_tmp2=23.519501
W (00:12:38.544) SAC: Temp conv cb 
Exe
W (00:12:38.547) SAC: Scs V
al = 0 Read Sts = 0
I (00:12:38.551) SAC: Thres Comparison Exec
uted Gysr Temp State 0 Low Temp 
State 0
I (00:12:38.559) SAC: T
hres Comparison Executed Gysr Te
mp State 0 Low Temp State 0
W (00:12:38.657) EDRV: hvc 0 nvc
 0 lvc 0 V 223418 C 0 P 0 pc 10 
vl_or 0 vs 25
W (00:12:39.157) EDRV: hvc 0 nvc
 0 lvc 0 V 223052 C 0 P 0 pc 0 v
l_or 0 vs 25
W (00:12:39.657) EDRV: hvc 0 nvc
 0 lvc 0 V 223052 C 0 P 0 pc 1 v
l_or 0 vs 25
I (00:12:39.772) TDRV: Temp peri
odic tmr exp
W (00:12:40.157) EDRV: hvc 0 nvc
 0 lvc 0 V 223052 C 0 P 0 pc 2 v
l_or 0 vs 25
I (00:12:40.533) TDRV: result: -
0.543000 minus_val 1
W (00:12:4
0.533) TDRV: B_LUT=24.062500 A_L
UT=23.519501
W (00:12:40.533) T
DRV: p_tmp1=23.519501 c_tmp1=23.519501 inv_cnt=0 prv_neg 0.00000
0
W (00:12:40.539) TDRV: p_tmp2
=23.519501 c_tmp2=23.519501
W (
00:12:40.544) SAC: Temp conv cb 
Exe
W (00:12:40.547) SAC: Scs V
al = 0 Read Sts = 0
I (00:12:40
.551) SAC: Thres Comparison Exec
uted Gysr Temp State 0 Low Temp 
State 0
I (00:12:40.559) SAC: T
hres Comparison Executed Gysr Te
mp State 0 Low Temp State 0
W (00:12:40.657) EDRV: hvc 0 nvc
 0 lvc 0 V 223052 C 0 P 0 pc 3 v
l_or 0 vs 25
W (00:12:41.157) EDRV: hvc 0 nvc
 0 lvc 0 V 223052 C 0 P 0 pc 4 v
l_or 0 vs 25
W (00:12:41.657) EDRV: hvc 0 nvc
 0 lvc 0 V 223052 C 0 P 0 pc 5 v
l_or 0 vs 25
I (00:12:41.772) TDRV: Temp peri
odic tmr exp
W (00:12:42.157) EDRV: hvc 0 nvc
 0 lvc 0 V 223052 C 0 P 0 pc 6 vl_or 0 vs 25
I (00:12:42.533) TDRV: result: -
0.543000 minus_val 1
W (00:12:4
2.533) TDRV: B_LUT=24.062500 A_L
UT=23.519501
W (00:12:42.533) T
DRV: p_tmp1=23.519501 c_tmp1=23.
519501 inv_cnt=0 prv_neg 0.00000
0
W (00:12:42.539) TDRV: p_tmp2
=23.519501 c_tmp2=23.519501
W (
00:12:42.544) SAC: Temp conv cb 
Exe
W (00:12:42.547) SAC: Scs V
al = 0 Read Sts = 0
I (00:12:42
.551) SAC: Thres Comparison Exec
uted Gysr Temp State 0 Low Temp 
State 0
I (00:12:42.559) SAC: T
hres Comparison Executed Gysr Te
mp State 0 Low Temp State 0
W (00:12:42.657) EDRV: hvc 0 nvc
 0 lvc 0 V 223052 C 0 P 0 pc 7 v
l_or 0 vs 25
W (00:12:43.157) EDRV: hvc 0 nvc
 0 lvc 0 V 223052 C 0 P 0 pc 8 v
l_or 0 vs 25
W (00:12:43.377) EX: TF: 0 TZ: 0
 Sys_tm:763
I (00:12:43.377) EX
: get time GMT= 763
W (00:12:43.473) NVM: part erase
 scs
W (00:12:43.473) NVM: part
 erase restart
W (00:12:43.491) NVM: esp_part_w
rite scs
W (00:12:43.582) NVM: part erase
 scs
W (00:12:43.582) NVM: part erase restart
W (00:12:43.600) NVM: esp_part_w
rite scs
W (00:12:43.657) EDRV: hvc 1 nvc
 0 lvc 0 V 371754 C 0 P 0 pc 0 v
l_or 0 vs 25
I (00:12:43.772) TDRV: Temp peri
odic tmr exp
W (00:12:44.157) EDRV: hvc 0 nvc
 0 lvc 0 V 223052 C 0 P 0 pc 1 v
l_or 0 vs 25
I (00:12:44.533) TDRV: result: -
0.543000 minus_val 1
W (00:12:4
4.533) TDRV: B_LUT=24.125000 A_L
UT=23.582001
W (00:12:44.533) T
DRV: p_tmp1=23.519501 c_tmp1=23.
582001 inv_cnt=0 prv_neg 0.00000
0
W (00:12:44.539) TDRV: p_tmp2
=23.582001 c_tmp2=23.582001
W (
00:12:44.544) SAC: Temp conv cb Exe
W (00:12:44.547) SAC: Scs V
al = 0 Read Sts = 0
I (00:12:44
.552) SAC: Thres Comparison Exec
uted Gysr Temp State 0 Low Temp 
State 0
I (00:12:44.559) SAC: Thres Comparison Executed Gysr Te
mp State 0 Low Temp State 0
W (00:12:44.657) EDRV: hvc 0 nvc 0 lvc 0 V 223052 C 0 P 0 pc 2 v
l_or 0 vs 25
W (00:12:45.157) EDRV: hvc 0 nvc
 0 lvc 0 V 223052 C 0 P 0 pc 3 v
l_or 0 vs 25
W (00:12:45.657) EDRV: hvc 0 nvc
 0 lvc 0 V 223052 C 0 P 0 pc 4 vl_or 0 vs 25
I (00:12:45.772) TDRV: Temp peri
odic tmr exp
W (00:12:46.157) EDRV: hvc 0 nvc 0 lvc 0 V 223052 C 0 P 0 pc 5 v
l_or 0 vs 25
I (00:12:46.533) TDRV: result: -
0.543000 minus_val 1
W (00:12:4
6.533) TDRV: B_LUT=24.062500 A_L
UT=23.519501
W (00:12:46.533) T
DRV: p_tmp1=23.582001 c_tmp1=23.
519501 inv_cnt=0 prv_neg 0.00000
0
W (00:12:46.539) TDRV: p_tmp2
=23.519501 c_tmp2=23.519501
W (
00:12:46.544) SAC: Temp conv cb 
Exe
W (00:12:46.547) SAC: Scs V
al = 0 Read Sts = 0
I (00:12:46
.551) SAC: Thres Comparison Exec
uted Gysr Temp State 0 Low Temp 
State 0
I (00:12:46.559) SAC: T
hres Comparison Executed Gysr Te
mp State 0 Low Temp State 0
W (00:12:46.657) EDRV: hvc 0 nvc
 0 lvc 0 V 223052 C 0 P 0 pc 6 v
l_or 0 vs 25
W (00:12:47.157) EDRV: hvc 0 nvc
 0 lvc 0 V 223052 C 0 P 0 pc 7 v
l_or 0 vs 25
W (00:12:47.657) EDRV: hvc 0 nvc
 0 lvc 0 V 223052 C 0 P 0 pc 8 v
l_or 0 vs 25
I (00:12:47.772) TDRV: Temp peri
odic tmr exp
W (00:12:48.157) EDRV: hvc 0 nvc
 0 lvc 0 V 223052 C 0 P 0 pc 9 v
l_or 0 vs 25
I (00:12:48.533) TDRV: result: -
0.543000 minus_val 1
W (00:12:4
8.533) TDRV: B_LUT=24.062500 A_L
UT=23.519501
W (00:12:48.533) T
DRV: p_tmp1=23.519501 c_tmp1=23.
519501 inv_cnt=0 prv_neg 0.00000
0
W (00:12:48.539) TDRV: p_tmp2
=23.519501 c_tmp2=23.519501
W (00:12:48.544) SAC: Temp conv cb 
Exe
W (00:12:48.547) SAC: Scs V
al = 0 Read Sts = 0
I (00:12:48
.551) SAC: Thres Comparison Exec
uted Gysr Temp State
 0 Low Temp 
State 0
I (00:12:48.559) SAC: T
hres Comparison Executed Gysr Te
mp State 0 Low Temp State 0
W (00:12:48.600) EX: TF: 0 TZ: 0
 Sys_tm:768
I (00:12:48.600) EX
: get time GMT= 768
W (00:12:48.705) NVM: part erase
 scs
W (00:12:48.705) NVM: part
 erase restart
W (00:12:48.723) NVM: esp_part_w
rite scs
W (00:12:48.817) NVM: part erase
 scs
W (00:12:48.817) EDRV: hvc
 0 nvc 0 lvc 0 V 223052 C 0 P 0 
pc 10 vl_or 0 vs 25
W (00:12:48
.818) NVM: part erase restart
W (00:12:48.837) NVM: esp_part_w
rite scs
W (00:12:49.157) EDRV: hvc 0 nvc
 0 lvc 0 V 223052 C 0 P 0 pc 0 v
l_or 0 vs 25
W (00:12:49.657) EDRV: hvc 0 nvc
 0 lvc 0 V 223052 C 0 P 0 pc 1 v
l_or 0 vs 25
I (00:12:49.772) TDRV: Temp periodic tmr exp
W (00:12:50.157) EDRV: hvc 0 nvc
 0 lvc 0 V 223052 C 0 P 0 pc 2 v
l_or 0 vs 25
I (00:12:50.533) TDRV: result: -
0.543000 minus_val 1
W (00:12:50.533) TDRV: B_LUT=24.062500 A_L
UT=23.519501
W (00:12:50.533) T
DRV: p_tmp1=23.519501 c_tmp1=23.
519501 inv_cnt=0 prv_neg 0.000000
W (00:12:50.539) TDRV: p_tmp2
=23.519501 c_tmp2=23.519501
W (
00:12:50.544) SAC: Temp conv cb 
Exe
W (00:12:50.547) SAC: Scs V
al = 0 Read Sts = 0
I (00:12:50
.551) SAC: Thres Comparison Exec
uted Gysr Temp State 0 Low Temp 
State 0
I (00:12:50.559) SAC: T
hres Comparison Executed Gysr Te
mp State 0 Low Temp State 0
W (00:12:50.657) EDRV: hvc 0 nvc
 0 lvc 0 V 223052 C 0 P 0 pc 3 v
l_or 0 vs 25
W (00:12:51.157) EDRV: hvc 0 nvc
 0 lvc 0 V 223052 C 0 P 0 pc 4 v
l_or 0 vs 25
W (00:12:51.657) EDRV: hvc 0 nvc
 0 lvc 0 V 223418 C 0 P 0 pc 5 v
l_or 0 vs 25
I (00:12:51.772) TDRV: Temp peri
odic tmr exp
W (00:12:52.157) EDRV: hvc 0 nvc
 0 lvc 0 V 223052 C 0 P 0 pc 6 v
l_or 0 vs 25
I (00:12:52.533) TDRV: result: -
0.543000 minus_val 1
W (00:12:5
2.533) TDRV: B_LUT=24.062500 A_L
UT=23.519501
W (00:12:52.533) T
DRV: p_tmp1=23.519501 c_tmp1=23.
519501 inv_cnt=0 prv_neg 0.00000
0
W (00:12:52.539) TDRV: p_tmp2
=23.519501 c_tmp2=23.519501
W (
00:12:52.544) SAC: Temp conv cb 
Exe
W (00:12:52.547) SAC: Scs V
al = 0 Read Sts = 0
I (00:12:52
.551) SAC: Thres Comparison Exec
uted Gysr Temp State 0 Low Temp 
State 0
I (00:12:52.559) SAC: T
hres Comparison Executed Gysr Te
mp State 0 Low Temp State 0
W (00:12:52.657) EDRV: hvc 0 nvc
 0 lvc 0 V 223052 C 0 P 0 pc 7 v
l_or 0 vs 25
W (00:12:53.157) EDRV: hvc 0 nvc
 0 lvc 0 V 223418 C 0 P 0 pc 8 v
l_or 0 vs 25
W (00:12:53.657) EDRV: hvc 0 nvc
 0 lvc 0 V 223052 C 0 P 0 pc 9 v
l_or 0 vs 25
I (00:12:53.772) TDRV: Temp peri
odic tmr exp
W (00:12:53.837) EX: TF: 0 TZ: 0
 Sys_tm:773
I (00:12:53.837) EX
: get time GMT= 773
W (00:12:53.947) NVM: part erase
 scs
W (00:12:53.947) NVM: part
 erase restart
W (00:12:53.965) NVM: esp_part_w
rite scs
W (00:12:54.063) NVM: part erase
 scs
W (00:12:54.063) NVM: part
 erase restart
W (00:12:54.081) NVM: esp_part_w
rite scs
W (00:12:54.157) EDRV: hvc 0 nvc
 0 lvc 0 V 270500 C 0 P 0 pc 10 
vl_or 0 vs 25
I (00:12:54.533) TDRV: result: -
0.543000 minus_val 1
W (00:12:5
4.533) TDRV: B_LUT=24.062500 A_L
UT=23.519501
W (00:12:54.533) T
DRV: p_tmp1=23.519501 c_tmp1=23.
519501 inv_cnt=0 prv_neg 0.00000
0
W (00:12:54.539) TDRV: p_tmp2
=23.519501 c_tmp2=23.519501
W (
00:12:54.544) SAC: Temp conv cb 
Exe
W (00:12:54.547) SAC: Scs V
al = 0 Read Sts = 0
I (00:12:54
.552) SAC: Thres Comparison Exec
uted Gysr Temp State 0 Low Temp 
State 0
I (00:12:54.559) SAC: T
hres Comparison Executed Gysr Te
mp State 0 Low Temp State 0
W (00:12:54.657) EDRV: hvc 0 nvc
 0 lvc 0 V 223052 C 0 P 0 pc 0 v
l_or 0 vs 25
W (00:12:55.157) EDRV: hvc 0 nvc
 0 lvc 0 V 223418 C 0 P 0 pc 1 v
l_or 0 vs 25
W (00:12:55.657) EDRV: hvc 0 nvc
 0 lvc 0 V 223418 C 0 P 0 pc 2 v
l_or 0 vs 25
I (00:12:55.772) TDRV: Temp peri
odic tmr exp
W (00:12:56.157) EDRV: hvc 0 nvc
 0 lvc 0 V 223052 C 0 P 0 pc 3 vl_or 0 vs 25
I (00:12:56.533) TDRV: result: -
0.543000 minus_val 1
W (00:12:56.533) TDRV: B_LUT=24.062500 A_L
UT=23.519501
W (00:12:56.533) T
DRV: p_tmp1=23.519501 c_tmp1=23.
519501 inv_cnt=0 prv_neg 0.00000
0
W (00:12:56.539) TDRV: p_tmp2
=23.519501 c_tmp2=23.519501
W (
00:12:56.544) SAC: Temp conv cb 
Exe
W (00:12:56.547) SAC: Scs V
al = 0 Read Sts = 0
I (00:12:56
.551) SAC: Thres Comparison Exec
uted Gysr Temp State 0 Low Temp 
State 0
I (00:12:56.559) SAC: T
hres Comparison Executed Gysr Te
mp State 0 Low Temp State 0
W (00:12:56.657) EDRV: hvc 0 nvc
 0 lvc 0 V 223052 C 0 P 0 pc 4 v
l_or 0 vs 25
W (00:12:57.157) EDRV: hvc 0 nvc
 0 lvc 0 V 223418 C 0 P 0 pc 5 v
l_or 0 vs 25
W (00:12:57.657) EDRV: hvc 0 nvc
 0 lvc 0 V 223418 C 0 P 0 pc 6 v
l_or 0 vs 25
I (00:12:57.772) TDRV: Temp peri
odic tmr exp
W (00:12:58.157) EDRV: hvc 0 nvc
 0 lvc 0 V 223418 C 0 P 0 pc 7 v
l_or 0 vs 25
I (00:12:58.533) TDRV: result: -
0.543000 minus_val 1
W (00:12:5
8.533) TDRV: B_LUT=24.062500 A_L
UT=23.519501
W (00:12:58.533) T
DRV: p_tmp1=23.519501 c_tmp1=23.
519501 inv_cnt=0 prv_neg 0.00000
0
W (00:12:58.539) TDRV: p_tmp2
=23.519501 c_tmp2=23.519501
W (
00:12:58.544) SAC: Temp conv cb 
Exe
W (00:12:58.547) SAC: Scs Val = 0 Read Sts = 0
I (00:12:58
.551) SAC: Thres Comparison Exec
uted Gysr Temp State 0 Low Temp 
State 0
I (00:12:58.559) SAC: Thres Comparison Executed Gysr Te
mp State 0 Low Temp State 0
W (00:12:58.657) EDRV: hvc 0 nvc
 0 lvc 0 V 223052 C 0 P 0 pc 8 v
l_or 0 vs 25
W (00:12:59.081) EX: TF: 0 TZ: 0
 Sys_tm:779
I (00:12:59.081) EX
: get time GMT= 779
W (00:12:59.188) NVM: part erase
 scs
W (00:12:59.189) NVM: part
 erase restart
W (00:12:59.206) NVM: esp_part_w
rite scs
W (00:12:59.299) NVM: part erase
 scs
W (00:12:59.299) EDRV: hvc
 0 nvc 0 lvc 0 V 223052 C 0 P 0 
pc 9 vl_or 0 vs 25
W (00:12:59.
299) NVM: part erase restart
W (00:12:59.318) NVM: esp_part_w
rite scs
W (00:12:59.657) EDRV: hvc 0 nvc
 0 lvc 0 V 223052 C 0 P 0 pc 10 
vl_or 0 vs 25
I (00:12:59.772) TDRV: Temp peri
odic tmr exp
W (00:13:00.157) EDRV: hvc 0 nvc
 0 lvc 0 V 223418 C 0 P 0 pc 0 v
l_or 0 vs 25
I (00:13:00.533) TDRV: result: -
0.543000 minus_val 1
W (00:13:0
0.533) TDRV: B_LUT=24.062500 A_L
UT=23.519501
W (00:13:00.533) T
DRV: p_tmp1=23.519501 c_tmp1=23.
519501 inv_cnt=0 prv_neg 0.00000
0
W (00:13:00.539) TDRV: p_tmp2
=23.519501 c_tmp2=23.519501
W (00:13:00.544) SAC: Temp conv cb 
Exe
W (00:13:00.547) SAC: Scs V
al = 0 Read Sts = 0
I (00:13:00
.551) SAC: Thres Comparison Exec
uted Gysr Temp State 0 Low Temp 
State 0
I (00:13:00.559) SAC: T
hres Comparison Executed Gysr Te
mp State 0 Low Temp State 0
W (00:13:00.657) EDRV: hvc 0 nvc
 0 lvc 0 V 223418 C 0 P 0 pc 1 v
l_or 0 vs 25
W (00:13:01.157) EDRV: hvc 0 nvc
 0 lvc 0 V 223418 C 0 P 0 pc 2 vl_or 0 vs 25
W (00:13:01.657) EDRV: hvc 0 nvc
 0 lvc 0 V 223052 C 0 P 0 pc 3 v
l_or 0 vs 25
I (00:13:01.772) TDRV: Temp peri
odic tmr exp
W (00:13:02.157) EDRV: hvc 0 nvc
 0 lvc 0 V 223418 C 0 P 0 pc 4 v
l_or 0 vs 25
I (00:13:02.533) TDRV: result: -
0.543000 minus_val 1
W (00:13:0
2.533) TDRV: B_LUT=24.062500 A_L
UT=23.519501
W (00:13:02.533) T
DRV: p_tmp1=23.519501 c_tmp1=23.
519501 inv_cnt=0 prv_neg 0.00000
0
W (00:13:02.539) TDRV: p_tmp2
=23.519501 c_tmp2=23.519501
W (
00:13:02.544) SAC: Temp conv cb 
Exe
W (00:13:02.547) SAC: Scs V
al = 0 Read Sts = 0
I (00:13:02
.551) SAC: Thres Comparison Exec
uted Gysr Temp State 0 Low Temp 
State 0
I (00:13:02.559) SAC: T
hres Comparison Executed Gysr Te
mp State 0 Low Temp State 0
W (00:13:02.657) EDRV: hvc 0 nvc
 0 lvc 0 V 223418 C 0 P 0 pc 5 v
l_or 0 vs 25
W (00:13:03.157) EDRV: hvc 0 nvc 0 lvc 0 V 223418 C 0 P 0 pc 6 v
l_or 0 vs 25
W (00:13:03.657) EDRV: hvc 0 nvc
 0 lvc 0 V 223052 C 0 P 0 pc 7 vl_or 0 vs 25
I (00:13:03.772) TDRV: Temp peri
odic tmr exp
W (00:13:04.157) EDRV: hvc 0 nvc
 0 lvc 0 V 223418 C 0 P 0 pc 8 v
l_or 0 vs 25
W (00:13:04.318) EX: TF: 0 TZ: 0
 Sys_tm:784
I (00:13:04.318) EX
: get time GMT= 784
W (00:13:04.425) NVM: part erase
 scs
W (00:13:04.425) NVM: part
 erase restart
W (00:13:04.443) NVM: esp_part_write scs
W (00:13:04.534) NVM: part erase
 scs
W (00:13:04.535) NVM: part
 erase restart
W (00:13:04.552) NVM: esp_part_w
rite scs
I (00:13:04.559) TDRV: result: -0.543000 minus_val 1
W (00:13:0
4.559) TDRV: B_LUT=24.062500 A_L
UT=23.519501
W (00:13:04.560) T
DRV: p_tmp1=23.519501 c_tmp1=23.519501 inv_cnt=0 prv_neg 0.00000
0
W (00:13:04.565) TDRV: p_tmp2
=23.519501 c_tmp2=23.519501
W (
00:13:04.570) SAC: Temp conv cb 
Exe
W (00:13:04.574) SAC: Scs V
al = 0 Read Sts = 0
I (00:13:04
.578) SAC: Thres Comparison Exec
uted Gysr Temp State 0 Low Temp 
State 0
I (00:13:04.585) SAC: T
hres Comparison Executed Gysr Te
mp State 0 Low Temp State 0
W (00:13:04.657) EDRV: hvc 0 nvc
 0 lvc 0 V 259165 C 0 P 0 pc 9 vl_or 0 vs 25
W (00:13:05.157) EDRV: hvc 0 nvc
 0 lvc 0 V 223418 C 0 P 0 pc 10 
vl_or 0 vs 25
W (00:13:05.657) EDRV: hvc 0 nvc
 0 lvc 0 V 223418 C 0 P 0 pc 0 v
l_or 0 vs 25
I (00:13:05.772) TDRV: Temp peri
odic tmr exp
W (00:13:06.157) EDRV: hvc 0 nvc
 0 lvc 0 V 223052 C 0 P 0 pc 1 v
l_or 0 vs 25
I (00:13:06.533) TDRV: result: -
0.543000 minus_val 1
W (00:13:0
6.533) TDRV: B_LUT=24.062500 A_L
UT=23.519501
W (00:13:06.533) T
DRV: p_tmp1=23.519501 c_tmp1=23.
519501 inv_cnt=0 prv_neg 0.00000
0
W (00:13:06.539) TDRV: p_tmp2
=23.519501 c_tmp2=23.519501
W (
00:13:06.544) SAC: Temp conv cb 
Exe
W (00:13:06.547) SAC: Scs V
al = 0 Read Sts = 0
I (00:13:06
.551) SAC: Thres Comparison Exec
uted Gysr Temp State 0 Low Temp 
State 0
I (00:13:06.559) SAC: T
hres Comparison Executed Gysr Te
mp State 0 Low Temp State 0
W (00:13:06.657) EDRV: hvc 0 nvc
 0 lvc 0 V 223418 C 0 P 0 pc 2 v
l_or 0 vs 25
W (00:13:07.157) EDRV: hvc 0 nvc
 0 lvc 0 V 223418 C 0 P 0 pc 3 vl_or 0 vs 25
W (00:13:07.657) EDRV: hvc 0 nvc
 0 lvc 0 V 223052 C 0 P 0 pc 4 v
l_or 0 vs 25
I (00:13:07.772) TDRV: Temp periodic tmr exp
W (00:13:08.157) EDRV: hvc 0 nvc
 0 lvc 0 V 223418 C 0 P 0 pc 5 v
l_or 0 vs 25
I (00:13:08.533) TDRV: result: -
0.543000 minus_val 1
W (00:13:0
8.533) TDRV: B_LUT=24.062500 A_L
UT=23.519501
W (00:13:08.533) T
DRV: p_tmp1=23.519501 c_tmp1=23.
519501 inv_cnt=0 prv_neg 0.00000
0
W (00:13:08.539) TDRV: p_tmp2
=23.519501 c_tmp2=23.519501
W (
00:13:08.544) SAC: Temp conv cb 
Exe
W (00:13:08.547) SAC: Scs V
al = 0 Read Sts = 0
I (00:13:08
.551) SAC: Thres Comparison Exec
uted Gysr Temp State 0 Low Temp 
State 0
I (00:13:08.559) SAC: T
hres Comparison Executed Gysr Te
mp State 0 Low Temp State 0
W (00:13:08.657) EDRV: hvc 0 nvc
 0 lvc 0 V 223418 C 0 P 0 pc 6 v
l_or 0 vs 25
W (00:13:09.157) EDRV: hvc 0 nvc
 0 lvc 0 V 223418 C 0 P 0 pc 7 v
l_or 0 vs 25
W (00:13:09.552) EX: TF: 0 TZ: 0
 Sys_tm:789
I (00:13:09.552) EX
: get time GMT= 789
W (00:13:09.657) NVM: part erase
 scs
W (00:13:09.657) NVM: part
 erase restart
W (00:13:09.675) NVM: esp_part_w
rite scs
W (00:13:09.750) EDRV: hvc 0 nvc
 0 lvc 0 V 223418 C 0 P 0 pc 8 v
l_or 0 vs 25
W (00:13:09.751) N
VM: part erase scs
W (00:13:09.
751) NVM: part erase restart
W (00:13:09.770) NVM: esp_part_w
rite scs
I (00:13:09.772) TDRV:
 Temp periodic tmr exp
W (00:13:10.157) EDRV: hvc 0 nvc
 0 lvc 0 V 223052 C 0 P 0 pc 9 v
l_or 0 vs 25
I (00:13:10.533) TDRV: result: -
0.543000 minus_val 1
W (00:13:1
0.533) TDRV: B_LUT=24.062500 A_L
UT=23.519501
W (00:13:10.533) T
DRV: p_tmp1=23.519501 c_tmp1=23.
519501 inv_cnt=0 prv_neg 0.00000
0
W (00:13:10.539) TDRV: p_tmp2
=23.519501 c_tmp2=23.519501
W (
00:13:10.544) SAC: Temp conv cb 
Exe
W (00:13:10.547) SAC: Scs V
al = 0 Read Sts = 0
I (00:13:10
.551) SAC: Thres Comparison Exec
uted Gysr Temp State 0 Low Temp 
State 0
I (00:13:10.559) SAC: T
hres Comparison Executed Gysr Te
mp State 0 Low Temp State 0
W (00:13:10.657) EDRV: hvc 0 nvc
 0 lvc 0 V 223052 C 0 P 0 pc 10 
vl_or 0 vs 25
W (00:13:11.157) EDRV: hvc 0 nvc
 0 lvc 0 V 223418 C 0 P 0 pc 0 v
l_or 0 vs 25
I (00:13:11.657) UART TEST: B_S .factory_reset
W (00:13:11.657)
 SKT: Factory Reset Func initiat
ed
W (00:13:11.657) OST: Period
ic Notify Timer,Tmr is not activ
e,Failed Stop
W (00:13:11.661) 
OST: PARTIAL_WRITE,Tmr is not ac
tive,Failed Stop
I (00:13:12.667) RLY:  temp rly 
ret var 0:0
W (00:00:00.000) SK
T: FR Sec 1577836800 LT 15778368
00
I (00:00:00.000) OST: mem alloc size is unalgnd 2046
W (00:
00:00.003) SKT: Reset Count = 32
8
W (00:00:00.096) NVM: part erase
 scs
W (00:00:00.096) NVM: part
 erase restart
W (00:00:00.113) NVM: esp_part_w
rite scs
W (00:00:00.191) NVM: part erase
 scs
W (00:00:00.192) NVM: part
 erase restart
W (00:00:00.209) NVM: esp_part_w
rite scs
W (00:00:00.209) SKT: 
Lv 160 Hv= 275 pv 180 ed 0
ets Jun  8 2016 00:22:57

rst:
0xc (SW_CPU_RESET),boot:0x17 (SP
I_FAST_FLASH_BOOT)
configsip: 0
, SPIWP:0xee
clk_drv:0x00,q_drv
:0x00,d_drv:0x00,cs0_drv:0x00,hd
_drv:0x00,wp_drv:0x00
mode:DIO,
 clock div:2
load:0x3fff0030,le
n:5884
ho 0 tail 12 room 4
loa
d:0x40078000,len:14332
load:0x4
0080400,len:3688
entry 0x40080678
I (29) boot: ESP-IDF HEAD-HASH-NOTFOUND 2nd stage bootloader
I 
(29) boot: compile time 04:35:33

I (29) boot: chip revision: 1
I (30) boot.esp32: SPI Speed   
   : 40MHz
I (34) boot.esp32: S
PI Mode       : DIO
I (37) boot
.esp32: SPI Flash Size : 4MB
I 
(41) boot: Enabling RNG early en
tropy source...
I (45) boot: Pa
rtition Table:
I (48) boot: ## 
Label            Usage          
Type ST Offset   Length
I (54) 
boot:  0 nvs              WiFi d
ata        01 02 00009000 000060
00
I (61) boot:  1 phy_init    
     RF data          01 01 0000
f000 00001000
I (67) boot:  2 n
vm_data_1       Unknown data    
 01 81 00010000 00001000
I (74)
 boot:  3 nvm_data_2       Unkno
wn data     01 81 00011000 00001
000
I (80) boot:  4 nvm_rd_only
      Unknown data     01 81 000
12000 00001000
I (87) boot:  5 
otadata          OTA data       
  01 00 00013000 00002000
I (93
) boot:  6 ota_0            OTA 
app          00 10 00020000 0019
0000
I (100) boot:  7 ota_1    
        OTA app          00 11 0
01b0000 00190000
I (106) boot: 
End of partition table
E (110) 
boot: ota data partition invalid
 and no factory, will try all pa
rtitions
I (117) esp_image: seg
ment 0: paddr=00020020 vaddr=3f4
00020 size=46ae0h (289504) map
I (234) esp_image: segment 1: paddr=00066b08 vaddr=3ffbdb60 size
=05b60h ( 23392) load
I (243) esp_image: segment 2: pa
ddr=0006c670 vaddr=40080000 size
=039a8h ( 14760) load
I (250) e
sp_image: segment 3: paddr=00070020 vaddr=400d0020 size=117e70h 
(1146480) map
I (683) esp_image: segment 4: pa
ddr=00187e98 vaddr=400839a8 size
=15ce0h ( 89312) load
I (721) esp_image: segment 5: pa
ddr=0019db80 vaddr=50000000 size
=00010h (    16) load
I (735) boot: Loaded app from pa
rtition at offset 0x20000
I (73
6) boot: Disabling RNG early entropy source...
I (745) cpu_start: Pro cpu up.
I (746) cpu_start: Starting app 
cpu, entry point is 0x400815a8
I (732) cpu_start: App cpu up.
I (759) cpu_start: Pro cpu start
 user code
I (759) cpu_start: c
pu freq: 240000000
I (759) cpu_
start: Application information:
I (761) cpu_start: Project name
:     sm_skt_dev
I (765) cpu_st
art: App version:      0.9
I (7
69) cpu_start: ELF file SHA256: 
 de47cb4ce255c38e...
I (774) cp
u_start: ESP-IDF:          HEAD-
HASH-NOTFOUND
I (779) heap_init
: Initializing. RAM available fo
r dynamic allocation:
I (785) h
eap_init: At 3FFAFF10 len 000000
F0 (0 KiB): DRAM
I (790) heap_i
nit: At 3FFB6388 len 00001C78 (7
 KiB): DRAM
I (795) heap_init: 
At 3FFB9A20 len 00004108 (16 KiB
): DRAM
I (800) heap_init: At 3
FFD7228 len 00008DD8 (35 KiB): D
RAM
I (806) heap_init: At 3FFE0
440 len 00003AE0 (14 KiB): D/IRA
M
I (811) heap_init: At 3FFE435
0 len 0001BCB0 (111 KiB): D/IRAM

I (816) heap_init: At 40099688
 len 00006978 (26 KiB): IRAM
I 
(822) spi_fla
sh: detected chip: 
generic
I (825) spi_flash: flas
h io: dio
I (829) esp_core_dump
_uart: Init cI (23:59:58.856) OS
S: log_sem Semaphore creation Sc
s
I (23:59:58.857) OSS: end_idx_sem Semaphore creation Scs
I (
23:59:58.857) NVM: nvm_para_init

I (23:59:58.859) OSS: NVM_SEM 
Semaphore creation Scs
I (23:59
:58.863) NVM: Chksum 3620 nvm ch
 3624
W (23:59:58.868) NVM: add
=10000 nvm_lbl nvm_data_1  3620 
chsmpos 329
I (23:59:58.873) NV
M: size=1000
W (23:59:58.876) N
VM: part rd scs
I (23:59:58.880
) NVM: part rd scs
E (23:59:58.
882) NVM: Retrived Magic num fro
m NVM  == 173
E (23:59:58.887) 
NVM: Retrived NVM ver from NVM  
== 2
I (23:59:58.892) NVM: rw_v
er_upd 2
E (23:59:58.895) NVM: 
nvm rd invld version err nvm_dat
a_1
W (23:59:58.900) NVM: nvm r
d checksum=9EE04FED 32 cchk 9EE0
4FED
W (23:59:58.906) NVM: nvm 
dt rd checksum scs nvm_data_1
W
 (23:59:58.911) NVM: add=11000 n
vm_lbl nvm_data_2  3620 chsmpos 
329
I (23:59:58.917) NVM: size=
1000
W (23:59:58.920) NVM: part
 rd scs
I (23:59:58.924) NVM: p
art rd scs
E (23:59:58.926) NVM
: Retrived Magic num from NVM  =
= 173
E (23:59:58.931) NVM: Ret
rived NVM ver from NVM  == 2
I 
(23:59:58.936) NVM: rw_ver_upd 2

E (23:59:58.939) NVM: nvm rd i
nvld version err nvm_data_2
W (
23:59:58.944) NVM: nvm rd checks
um=9EE04FED 32 cchk 9EE04FED
W 
(23:59:58.950) NVM: nvm dt rd ch
ecksum scs nvm_data_2
I (23:59:
58.955) NVM: part_1 part rd scs
I (23:59:58.958) NVM:  part_2  
rd scs
W (23:59:58.962) NVM: part_1_sts 0 part_2_sts 0
W (23:5
9:58.966) NVM: vld nvm_dt_1 copi
ed to RAM
I (23:59:58.970) NVM:
 cpy_part_dt_to_ram buf_len 3620

I (23:59:58.976) NVM: part rd scs
W (23:59:58.978) NVM: add=1
2000 nvm_lbl nvm_rd_only  1024 c
hsmpos 96
I (23:59:58.984) NVM:
 size=1000
W (23:59:58.987) NVM: part rd scs
I (23:59:58.990) 
NVM: part rd scs
E (23:59:58.99
3) NVM: Retrived Magic num from 
NVM  == 173
E (23:59:58.998) NVM: Retrived NVM ver from NVM  ==
 2
I (23:59:59.003) NVM: ro_ver
_upd 2
E (23:59:59.006) NVM: nv
m rd invld version err nvm_rd_on
ly
W (23:59:59.011) NVM: nvm rd
 checksum=87E1DF54 32 cchk 87E1D
F54
W (23:59:59.017) NVM: nvm d
t rd checksum scs nvm_rd_only
I
 (23:59:59.022) NVM: part_3 part rd scs
I (23:59:59.026) NVM: c
py_part_dt_to_ram buf_len 1024
I (23:59:59.031) NVM: part rd sc
s
W (23:59:59.033) MENC: CSK 0
I (23:59:59.036) MENC: nvm ro c
hksm scs 0
W (23:59:59.040) MEN
C: Ser num =SAC00020250506BB
W 
(23:59:59.044) OST: Up_time_time
r Tmr creation Scs
I (23:59:59.049) CEH: Device ble name 12 iin
v_smartac 

I (23:59:59.054) C
EH: AP_PROVISION NAME IN BLE iin
v_smartac 12
I (23:59:59.059) C
EH: Device name iinv_smartac

W (23:59:59.163) NVM: part erase
 scs
W (23:59:59.163) NVM: part
 erase restart
W (23:59:59.181) NVM: esp_part_write scs
W (23:59:59.272) NVM: part erase
 scs
W (23:59:59.272) NVM: part
 erase restart
W (23:59:59.290) NVM: esp_part_w
rite scs
I (23:59:59.290) TAG_G
EYSER: HDWRE 6 CNGE
W (23:59:59
.290) AP_MN: HWD_TYP 6 HW_VER 5 
SW_VER 0
W (23:59:59.291) AP_MN
: rly_gio 27 rld 22 gld 23 bld 2
6 rly_off_ste_tmr 300 rly_on_off
_time 1000 rly_off_on_time 1000 
rly_on_ste_tmr600
W (23:59:59.3
02) AP_MN: btn_gio 34 btn_glt 50

I (23:59:59.307) AP_MN: flw_gi
o 4 flw_ltr_cnt 553
W (23:59:59
.311) AP_MN: temp_gpio 13
I (23
:59:59.314) NVM: RO_NVM_VER 2
W
 (23:59:59.317) AP_MN: enrgy_cal
i_mode 0
W (23:59:59.321) AP_MN
: cf_gio 35 cf1_gio 36 sel_gio 1
2
W (23:59:59.326) AP_MN: curr 
10609 volt 136062 pwr 1546092
I
 (23:59:59.331) OST: mem alloc s
ize is unalgnd 23
W (23:59:59.3
36) AP_MN: Time_changes
W (23:5
9:59.339) AP_MN: var1: 429496729
5
W (23:59:59.343) AP_MN: var2:
 38972
W (23:59:59.346) AP_MN: 
var3: 17114
W (23:59:59.349) AP
_MN: var4: 7569
W (23:59:59.352
) AP_MN: var5: 4850
W (23:59:59
.355) AP_MN: var6: 3348
W (23:5
9:59.359) AP_MN: var7: 2301
W (
23:59:59.362) AP_MN: var8: 1699
W (23:59:59.365) AP_MN: var9: 1
122
W (23:59:59.368) AP_MN: var
10: 1236
W (23:59:59.371) AP_MN: var11: 698
I (23:59:59.377) g
pio: GPIO[12]| InputEn: 0| Outpu
tEn: 1| OpenDrain: 0| Pullup: 0|
 Pulldown: 0| Intr:0 
W (23:59:59.384) OST: power_meter_timer T
mr creation Scs
I (23:59:59.388
) NVM: RO_NVM_VER 2
I (23:59:59
.392) PWRM: time val in lut -1
I (23:59:59.395) PWRM: time val 
in lut 38972
I (23:59:59.399) P
WRM: time val in lut 17114
I (2
3:59:59.403) PWRM: time val in l
ut 7569
I (23:59:59.407) PWRM: 
time val in lut 4850
I (23:59:5
9.411) PWRM: time val in lut 334
8
I (23:59:59.415) PWRM: time v
al in lut 2301
I (23:59:59.419)
 PWRM: time val in lut 1699
I (
23:59:59.423) PWRM: time val in 
lut 1122
I (23:59:59.427) PWRM:
 time val in lut 1236
I (23:59:
59.431) PWRM: time val in lut 69
8
I (23:59:59.434) PWRM: time v
al not in lut  -1
I (23:59:59.4
39) PWRM: time val not in lut  3
8972
I (23:59:59.443) PWRM: tim
e val not in lut  17114
I (23:5
9:59.447) PWRM: time val not in 
lut  7569
I (23:59:59.452) PWRM
: time val not in lut  4850
I (
23:59:59.456) PWRM: time val not
 in lut  3348
I (23:59:59.460) 
PWRM: time val not in lut  2301
I (23:59:59.465) PWRM: time val
 not in lut  1699
I (23:59:59.4
69) PWRM: time val not in lut  1
122
I (23:59:59.473) PWRM: time
 val not in lut  1236
I (23:59:
59.478) PWRM: time val not in lu
t  698
I (23:59:59.482) NVM: ro
_ver_upd 2
I (23:59:59.485) NVM
: RO_NVM_VER 2
I (23:59:59.488)
 OST: mem alloc size is unalgnd 
33
I (23:59:59.493) PWRM: Energy_lut_value 846623
I (23:59:59.
497) PWRM: ref_val_ver_3_new_nvm
  846623
I (23:59:59.502) PWRM:
 ref_val_ver_3_new_nvm  1402799
I (23:59:59.506) PWRM: ref_val_
ver_3_new_nvm  1402799
I (23:59
:59.511) PWRM: ref_val_ver_3_new
_nvm  1402799
I (23:59:59.516) 
PWRM: ref_val_ver_3_new_nvm  140
2799
I (23:59:59.521) PWRM: ref
_val_ver_3_new_nvm  1402799
I (
23:59:59.526) PWRM: ref_val_ver_
3_new_nvm  1402799
I (23:59:59.
530) PWRM: ref_val_ver_3_new_nvm
  1402799
I (23:59:59.535) PWRM
: ref_val_ver_3_new_nvm  1402799

I (23:59:59.540) PWRM: ref_val
_ver_3_new_nvm  1402799
I (23:5
9:59.545) PWRM: ref_val_ver_3_ne
w_nvm  1402799
I (23:59:59.549)
 GDRV: cf_gpio 35 cf1_gpio 36 se
l_gpio 12
I (23:59:59.555) GDRV
: pwr_ref_param 1546092 vol_ref_
param 136062 curr_ref_param 1060
9
I (23:59:59.562) gpio: GPIO[2
7]| InputEn: 1| OutputEn: 1| Ope
nDrain: 0| Pullup: 0| Pulldown: 
0| Intr:2 
I (23:59:59.571)  DR
V_GPIO: rly_gpio 27
I (23:59:59
.575) DRV_GPIO: rly_off_ste_tmr 
300 rly_on_off_tmr 1000 rly_off_
on_tmr 1000 rly_on_ste_tmr 600
I (23:59:59.584) gpio: GPIO[22]|
 InputEn: 0| OutputEn: 1| OpenDr
ain: 0| Pullup: 1| Pulldown: 0| 
Intr:0 
I (23:59:59.593) gpio: 
GPIO[23]| InputEn: 0| OutputEn: 
1| OpenDrain: 0| Pullup: 1| Pull
down: 0| Intr:0 
I (23:59:59.60
2) DRV_GPIO: r_led 22 g_led 23
W (23:59:59.606) OST: btn_rls_tm
r Tmr creation Scs
W (23:59:59.
611) OST: btn_push_tmr Tmr creat
ion Scs
I (23:59:59.616) gpio: GPIO[34]| InputEn: 1| OutputEn: 
0| OpenDrain: 0| Pullup: 1| Pull
down: 0| Intr:3 
I (23:59:59.62
5) GDRV: btn_glitch 50
W (23:59
:59.628) OST: btn_press_tmr Tmr 
creation Scs
W (23:59:59.633) O
ST: btn_press_tmr Tmr creation S
cs
W (23:59:59.637) OST: btn_pr
ess_tmr Tmr creation Scs
W (23:
59:59.642) OST: btn_press_tmr Tm
r creation Scs
W (23:59:59.647)
 OST: btn_press_tmr Tmr creation
 Scs
W (23:59:59.651) OST: btn_
press_tmr Tmr creation Scs
I (2
3:59:59.656) gpio: GPIO[26]| Inp
utEn: 1| OutputEn: 1| OpenDrain:
 0| Pullup: 0| Pulldown: 0| Intr
:0 
W (23:59:59.665) OST: B Bli
nk Prd Led Tmr Tmr creation Scs
W (23:59:59.670) OST: R Blink P
rdc Led Tmr Tmr creation Scs
W 
(23:59:59.676) OST: Conn Prd Led
 Tmr Tmr creation Scs
W (23:59:
59.677) OST: btn_rls_tmr,Tmr is 
not active,Failed Stop
W (23:59
:59.686) OST: btn_press_tmr,Tmr 
is not active,Failed Stop
W (23
:59:59.692) OST: btn_press_tmr,T
mr is not active,Failed Stop
W 
(23:59:59.698) OST: btn_press_tm
r,Tmr is not active,Failed Stop
W (23:59:59.704) OST: btn_press
_tmr,Tmr is not active,Failed St
op
W (23:59:59.709) OST: btn_pr
ess_tmr,Tmr is not active,Failed
 Stop
W (23:59:59.715) OST: btn
_press_tmr,Tmr is not active,Fai
led Stop
W (23:59:59.721) OST: 
Time Out Led Tmr Tmr creation Sc
s
W (23:59:59.726) GDRV: b_led 
26 ,r_led 22
I (23:59:59.730) S
KT: Calibration_mode 0
W (23:59
:59.733) OST: Conn Prd Led Tmr,T
mr is not active,Failed Stop
I 
(23:59:59.740) gpio: GPIO[13]| I
nputEn: 1| OutputEn: 0| OpenDrai
n: 0| Pullup: 1| Pulldown: 0| In
tr:0 
I (23:59:59.749) GDRV: te
mp_gpio 13
I (23:59:59.752) SKT
: Calibration_mode 0
W (23:59:5
9.756) MENC: SW_VER 20 HW_VER 2 
fty_det.sfw_major_vsn 2 sfw_mino
r_vsn 0
W (23:59:59.763) MENC: 
 hw_mjr_vsn 0 hw_mnr_vsn 5  sw_b
uild_num 67 hw_ty 6
I (23:59:59.769) AP_MN: Hardware mode
W (2
3:59:59.773) AP_MN: Serial num =
 SAC00020250506BB
W (23:59:59.7
77) AP_MN: REV_NUMR :- 17563
I 
(23:59:59.781) OSS: frame_tx Sem
aphore creation Scs
W (23:59:59.811) AP_MN: Wdt_fl_e
n
E (23:59:59.811) PC: pairing wifi_router password
I (23:59:5
9.811) PC: pairing wifi_router S
SID: password:
I (23:59:59.812)
 PC: pairing wifi_router SSID: p
assword:
W (23:59:59.817) PC: r
outer mac 0
W (23:59:59.820) PC
: router mac 0
W (23:59:59.823)
 PC: router mac 0
W (23:59:59.8
26) PC: router mac 0
W (23:59:5
9.829) PC: router mac 0
W (23:5
9:59.832) PC: router mac 0
W (23:59:59.835) WAPSTA: set_local_m
ac_addr success 0 
W (23:59:59
.840) WAPSTA: set_local_mac_addr
 success 0 
W (23:59:59.845) W
APSTA: set_local_mac_addr success 0 
W (23:59:59.850) WAPSTA: 
set_local_mac_addr success 0 
W (23:59:59.855) WAPSTA: set_loc
al_mac_addr success 0 
W (23:5
9:59.860) WAPSTA: set_local_mac_
addr success 0 
I (23:59:59.86
5) PC: pairing read wifi_init_so
ftap SSID: password: nvm ssid :i
inv_smartac
I (23:59:59.873) PC
: pairing read wifi_init_softap 
SSID:iinv_smartac password:mypas
sword
I (23:59:59.881) SKT: Cal
ibration_mode 0
I (23:59:59.885) PC: read ble name=iinv_smartac

I (23:59:59.889) PC: ble_adv= 
gys-dvc-1 strlen= zu
I (23:59:5
9.893) CEH: prime mode 0 srvr ty
pe 0
I (23:59:59.897) PC: mdns data=
I (23:59:59.900) PC: mdns
 data=esp32-mdns
I (23:59:59.90
4) PC: read connectivity_mode_st
atus=0
I (23:59:59.909) CEH: wifi_ap_mode=0
I (23:59:59.912) C
EH: wifi_sta_mode=0
I (23:59:59
.915) CEH: wifi_ap_sta_mode=0
I
 (23:59:59.919) CEH: ble=0
E (2
3:59:59.922) WDT: dev reset reas
on 3
W (23:59:59.925) WDT: NVM 
time_zone 0
W (23:59:59.929) EX
: TF: 0 TZ: 0 Sys_tm:1577836799
I (23:59:59.933) EX: get time G
MT= 1577836799
W (23:59:59.937)
 WDT: rtc time 1577836799
W (23
:59:59.943) EX: TF: 0 TZ: 0 Sys_
tm:1577836799
I (23:59:59.945) 
EX: get time GMT= 1577836799
W 
(23:59:59.950) EX: bf_rst_time 0
 af_rst_time 1577836799 ret 3
W (23:59:59.955) EX: Upd_time_af_
rst= 2
W (23:59:59.959) EX: SET
_TIME:2

W (00:00:02.000) OFL:
 currt_cnt_init=0
W (00:00:02.003) OFL: Least_idx_init=0
W (00
:00:02.006) OFL: Read_current_cn
t_init=0
W (00:00:02.011) OFL: 
Rolbck_flag_init=0
W (00:00:02.
014) OFL: Time_stamp_nit=0
W (0
0:00:02.018) IINFO: NO_Partial_s
es_hapnd
I (00:00:02.022) QSND:
 INTF_MSG to 7 evnt 13 pld 0 len
(w) 0 ctx 0 fre_req 0
I (00:00:
02.028) EX: 0
W (00:00:02.030) 
OST: alarm_timer Tmr creation Sc
s
W (00:00:02.035) ALRM: 0
W (
00:00:02.037) ALRM: 0
W (00:00:
02.039) ALRM: 0
W (00:00:02.042) ALRM: 0
W (00:00:02.044) ALRM
: 0
W (00:00:02.046) ALRM: 0
W
 (00:00:02.048) ALRM: 0
W (00:0
0:02.051) ALRM: 0
W (00:00:02.0
53) ALRM: 0
W (00:00:02.055) AL
RM: 0
W (00:00:02.057) ALRM: 0
W (00:00:02.060) ALRM: 0
W (00
:00:02.062) ALRM: 0
W (00:00:02
.064) ALRM: 0
W (00:00:02.067) 
ALRM: 0
W (00:00:02.069) ALRM: 
0
W (00:00:02.071) ALRM: alarm_
used_cnt 0
W (00:00:02.075) ALR
M: No alarm schedule found
W (0
0:00:02.079) ALRM: sorted list c
ount 0
W (00:00:02.083) EX: TF:
 0 TZ: 0 Sys_tm:2
I (00:00:02.0
86) EX: get time GMT= 2
W (00:0
0:02.090) EX: TF: 0 TZ: 0 Sys_tm
:2
I (00:00:02.093) EX: get tim
e GMT= 2
I (00:00:02.097) AID: 
read_app_key_info_from_nvm
I (0
0:00:02.101) OST: mem alloc size
 is unalgnd 10
W (00:00:02.106)
 AID: app id read i 0 ptr=0 ptr_
tk 0 ptr_ts 0 auth_vfy 0
W (00:
00:02.112) AID: app id read i 1 
ptr=0 ptr_tk 0 ptr_ts 0 auth_vfy 0
W (00:00:02.118) AID: app id
 read i 2 ptr=0 ptr_tk 0 ptr_ts 
0 auth_vfy 0
W (00:00:02.125) A
ID: app id read i 3 ptr=0 ptr_tk
 0 ptr_ts 0 auth_vfy 0
W (00:00
:02.131) AID: app id read i 4 pt
r=0 ptr_tk 0 ptr_ts 0 auth_vfy 0

W (00:00:02.138) AID: app id r
ead i 5 ptr=0 ptr_tk 0 ptr_ts 0 
auth_vfy 0
W (00:00:02.144) AID
: app id read i 6 ptr=0 ptr_tk 0
 ptr_ts 0 auth_vfy 0
W (00:00:0
2.150) AID: app id read i 7 ptr=
0 ptr_tk 0 ptr_ts 0 auth_vfy 0
W (00:00:02.157) AID: app id rea
d i 8 ptr=0 ptr_tk 0 ptr_ts 0 au
th_vfy 0
W (00:00:02.163) AID: 
app id read i 9 ptr=0 ptr_tk 0 p
tr_ts 0 auth_vfy 0
W (00:00:02.
170) AID: read current_range_app
_id 0 vrfy_sts 0
I (00:00:02.175) AID: read_admin_info_from_nvm

W (00:00:02.179) MSH: admin 0
W (00:00:02.182) MSH: admin 0
W (00:00:02.185) MSH: admin 0
W
 (00:00:02.187) MSH: admin 0
W 
(00:00:02.190) MSH: admin 0
W (
00:00:02.193) MSH: admin 0
W (0
0:00:02.195) MSH: admin 0
W (00
:00:02.198) MSH: admin 0
W (00:
00:02.201) MSH: admin 0
W (00:0
0:02.203) MSH: admin 0
I (00:00
:02.206) AP_MN: electl_malfun.el
ectl_malfun_ntfy_en=0
W (00:00:
02.212) NVM: max_flw_time 20 max
_vol_usg 30
W (00:00:02.216) NV
M: ntfy_on_chng_only= 1 timesec 
5 thrs_cur200 thrs_vol 5 thrs_pw
r 50
W (00:00:02.224) NVM: ntfy
_on_chng_only= 1 timesec 5 thrs_
temp 5 thrs_flw 500
W (00:00:02
.231) KKKK: MMMMMMMM 1600 2500

W (00:00:02.235) OST: enrg_sv_
pattrn_tmr Tmr creation Scs
I (
00:00:02.240) SMAX: add_thrd_lis
t addr 0x3ffc9e58 thrd_list_cnt 
1 indx 0
I (00:00:02.240) MDEC: no flow control
I (00:00:02.25
0) SMAX: add_thrd_list addr 0x3f
fceac4 thrd_list_cnt 2 indx 1
I
 (00:00:02.257) SMAX: add_thrd_l
ist addr 0x3ffcb23c thrd_list_cn
t 3 indx 2
inside log_server..
W (00:00:02.264) OST: relay_on_
timer Tmr creation Scs
W (00:00
:02.270) OST: relay_off_timer Tm
r creation Scs
W (00:00:02.270)
 SMAX: Name rx_process hghwtrmrk
 3072
W (00:00:02.275) OST: rel
ay_on_timer Tmr creation Scs
I 
(00:00:02.280) SMAX: add_thrd_li
st addr 0x3ffcc604 thrd_list_cnt
 4 indx 3
W (00:00:02.285) OST:
 relay_off_timer Tmr creation Sc
s
W (00:00:02.285) SMAX: Name t
x_process hghwtrmrk 3608
I (00:
00:02.296) MSH: no flow control
W (00:00:02.301) OST: relay_on_
timer Tmr creation Scs
W (00:00
:02.309) OST: relay_off_timer Tm
r creation Scs
W (00:00:02.309)
 SMAX: Name log_server hghwtrmrk
 1700
W (00:00:02.314) OST: rel
ay_on_timer Tmr creation Scs
E 
(00:00:02.319) SMAX: null thrd e
rr occur
W (00:00:02.323) OST: 
relay_off_timer Tmr creation Scs

W (00:00:02.323) SMAX: Name Cn
trl_state hghwtrmrk 2772
W (00:
00:02.332) OST: relay_on_timer T
mr creation Scs
W (00:00:02.332
) OST: con_check_tmr Tmr creatio
n Scs
W (00:00:02.342) OST: rel
ay_off_timer Tmr creation Scs
W
 (00:00:02.351) OST: relay_on_ti
mer Tmr creation Scs
W (00:00:0
2.356) OST: relay_off_timer Tmr 
creation Scs
W (00:00:02.361) O
ST: relay_on_timer Tmr creation 
Scs
W (00:00:02.366) OST: relay
_off_timer Tmr creation Scs
W (
00:00:02.371) OST: relay_on_time
r Tmr creation Scs
W (00:00:02.
375) OST: relay_off_timer Tmr cr
eation Scs
E (00:00:02.380) SKT
: Gyser State Handler Factory De
tails HDWRE Type = 6
W (00:00:0
2.387) OST: enrg_con_prdic_tmr T
mr creation Scs
W (00:00:02.392
) GDRV: low_vlt_thrs 160 high_vl
t_thrs 275 no_vlt_thrs10 low_cur
r_thrs 200 high_curr_thrs15
W (
00:00:02.401) GDRV: low_vlt_cons
_cnt2  high_vlt_cons_cnt 2 no_vo
lt_cnt 2 high_curr_cn 5
W (00:0
0:02.409) GDRV: low_vlt_thrs 160
 prp_vlt_thrs 180 en_dis 0
W (0
0:00:02.415) GDRV: low_vlt_thrs 
160000 high_vlt_thrs 275000 no_v
lt_thrs 10000 prp_vlt_thrs 18000
0 low_curr_thrs 200 high_curr_th
rs 15000
W (00:00:02.427) GDRV:
 high_curr_cnt 5 low_vlt_cnt 2 h
igh_vlt_cnt 2 no_vlt_cnt 2
W (0
0:00:02.434) OST: Voltage_prdic_
tmr Tmr creation Scs
I (00:00:0
2.439) SKT: energy driver voltag
e periodic timer  is started
W 
(00:00:02.446) OST: On Duration 
Timer Tmr creation Scs
W (00:00
:02.451) OST: OFF Duration Timer
 Tmr creation Scs
W (00:00:02.456) OST: SCH Duration Timer Tmr 
creation Scs
W (00:00:02.461) O
ST: Periodic Notify Timer Tmr cr
eation Scs
W (00:00:02.466) OST
: PARTIAL_WRITE Tmr creation Scs

W (00:00:02.471) OST: INS_ON_O
FF Tmr creation Scs
W (00:00:02
.475) OST: Analytics_midnt_tm Tm
r creation Scs
I (00:00:02.479)
 SKT: Calibration_mode 0
W (00:
00:02.481) MSH: total available 
app id count 0
W (00:00:02.489)
 OST: ping_not_tmr Tmr creation 
Scs
W (00:00:02.493) IMSG: para
m 1 auto_on_off 0 sche_override:
 0 high_temp_thrs: 0 low_temp_th
rs: 0
W (00:00:02.502) GDRV: lo
w_temp_thresh 24 high_temp_thres
h 28
I (00:00:02.507) GDRV: l_t
_thres 24 h_t_thres 28
W (00:00
:02.512) OST: Temperature conv t
mr Tmr creation Scs
W (00:00:02
.517) OST: Temperature Prdic tmr
 Tmr creation Scs
I (00:00:02.5
24) TDRV: Find devices:
I (00:00:02.551) TDRV: 393de1d44
36d4628
W (00:00:02.551) TDRV: 
ret===0
I (00:00:02.558) TDRV: 
Sngle dev optmstns enabled CRC=1

I (00:00:02.579) TDRV: Resol set
 scs Val=1
I (00:00:02.580) PC:
 read connectivity_mode_status=0

I (00:00:02.580) QSND: INTF_MSG to 7 evnt 3 pld 0 len(w) 0 ctx
 0 fre_req 0
I (00:00:02.584) S
KT: calling pairing mode
W (00:
00:02.587) EDRV: gl:VOLT=223052
I (00:00:02.591) SKT: Prev_skt_
ste:0 0
W (00:00:02.594) SKT: g
ysr_start_time0 relay_status 0  
heating_dur 0 hv_lv_ovrr 0 ioesm
b 0
W (00:00:02.602) SKT: pen o
n sch 0 sch_st time 0 sch dur 0 
gysr stop time 0 rly ste chng 0

I (00:00:02.610) SKT: Calibra
tion_mode 0
W (00:00:02.614) SK
T: RLY  0:0,0 0

W (00:00:02.6
17) SKT: No pending process
I (
00:00:02.621) SKT: Curr_ste2
W 
(00:00:02.624) SKT: Inv Last off
 time 0 pending_sts 0 off dur 0
W (00:00:02.630) SKT: Pwr Off S
tate_event rcvd event=13
I (00:
00:02.635) CEH: common events =1
3
W (00:00:02.635) SMAX: Name C
ntrl_state hghwtrmrk 2612
I (00
:00:02.638) CEH: Time not sycned
 atleast one time
I (00:00:02.6
48) SKT: Gys_hdlr_ent_exit GCsta
te 2 UCstate 0 Event proc 13 from intf 7
I (00:00:02.655) PC: p
airing_connectivity_event_hdlr rcvd event=3
I (00:00:02.661) PC
: in pairing mode button press
W (00:00:02.666) OST: Periodic N
otify Timer,Tmr is not active,Fa
iled Stop
I (00:00:02.672) OSTH
: C T_N:- pairing Size:- 4096 Pr
iority:- 10 Core_id:- 0 handle:-
 0x3ffbad04
I (00:00:02.672) PC
: total_socket=0 0
I (00:00:02.681) SMAX: add_thrd_list addr 0x
3ffbad04 thrd_list_cnt 5 indx 4
I (00:00:02.684) PC: statr pair
ing thread api
I (00:00:02.691)
 SKT: Gys_hdlr_ent_exit GCstate 
2 UCstate 0 Event proc 3 from in
tf 7
I (00:00:02.695) SKT: Cali
bration_mode 0
I (00:00:02.906) BTDM_INIT: BT c
ontroller compile version [bc2e0
43]
I (00:00:02.907) system_api
: Base MAC address is not set
I
 (00:00:02.907) system_api: read
 default base MAC address from E
FUSE
I (00:00:02.915) phy_init:
 phy_version 4670,719f9f6,Feb 18
 2021,17:07:07
W (00:00:02.959) EDRV: hvc 0 nvc
 0 lvc 0 V 223052 C 0 P 0 pc 1 v
l_or 0 vs 24
W (00:00:03.145) SMAX: Name pair
ing hghwtrmrk 2124
W (00:00:03.197) OST: gatts_conf
ig_tmr Tmr creation Scs
W (00:0
0:03.197) BLE: BLE MAC ADDRESS
W (00:00:03.198) BLE: 34 98 7A 6
6 1C  F6 :
I (00:00:03.198) BLE
: reg app id registered, app_id 
0055, status 0
W (00:00:03.199)
 OST: Pairing_Timer Tmr creation
 Scs
I (00:00:03.204) SKT: Cali
bration_mode 0
I (4249) wifi:wi
fi driver task: 3ffe9578, prio:2
3, stack:6144, core=0
I (00:00:
03.213) BLE: pairing flag 1
W (
00:00:03.222) BLE: dev_name_scs 
0,dev_name_pair_mode iinv_smarta
c
I (4269) wifi:wifi firmware v
ersion: 4809a2e
I (4270) wifi:w
ifi certification version: v7.0
I (4274) wifi:config NVS flash:
 enabled
W (00:00:03.238) BLE: 
create attribute table sucesfuly
,the number handle = 11
I (4277
) wifi:config nano formating: en
abled
I (4288) wifi:Init data f
rame dynamic rx buffer num: 32
W (00:00:03.253) BLE: SERVICE_ST
ART_EVT, status 0, service_handl
e 40
I (4293) wifi:Init managem
ent frame dynamic rx buffer num:
 32
W (00:00:03.262) BLE: advrt
sng start scsfly
I (4305) wifi:
Init management short buffer num
: 32
I (4313) wifi:Init dynamic
 tx buffer num: 32
I (4317) wif
i:Init static rx buffer size: 16
00
I (4321) wifi:Init static rx
 buffer num: 2
I (4325) wifi:In
it dynamic rx buffer num: 32
I 
(00:00:03.292) wifi_init: rx ba 
win: 2
I (00:00:03.295) wifi_in
it: tcpip mbox: 16
I (00:00:03.299) wifi_init: udp mbox: 6
I (
00:00:03.303) wifi_init: tcp mbo
x: 6
I (00:00:03.306) wifi_init
: tcp tx win: 2440
I (00:00:03.
310) wifi_init: tcp rx win: 2440
I (00:00:03.314) wifi_init: tc
p mss: 536
I (00:00:03.318) WAP
STA: esp wifi init ret scs
W (0
0:00:03.322) OST: sta_retry_time
r Tmr creation Scs
I (00:00:03.
327) led: B_Led Pin Slctd
W (00
:00:03.330) OST: B Blink Prd Led
 Tmr,Tmr is not active,Failed St
op
W (00:00:03.336) OST: Time Out Led Tmr,Tmr is not active,Fai
led Stop
I (00:00:03.343) RLY: 
 temp rly ret var 0:0
I (00:00:
03.346) SMC: in smartconfig_config api
W (00:00:03.351) OST: sm
artconfig Tmr creation Scs
W (0
0:00:03.358) WAPSTA: esp_wifi_se
t_mode scs
I (4399) wifi:mode :
 sta (34:98:7a:66:1c:f4)
I (440
1) wifi:enable tsf
I (00:00:03.
367) SMC: after init SC
 wifi
W 
(00:00:03.367) WAPSTA: wifi even
t rcvd event_base WIFI_EVENT eve
nt_id 2
I (00:00:03.376) OSTH: 
C T_N:- smartconfig_example_task
 Size:- 4096 Priority:- 11 Core_
id:- 0 handle:- 0x3ffeec08
I (0
0:00:03.386) SMAX: add_thrd_list
 addr 0x3ffeec08 thrd_list_cnt 6
 indx 5
I (4481) smartconfig: SC version
: V3.0.1
W (00:00:03.459) EDRV: hvc 0 nvc
 0 lvc 0 V 223052 C 0 P 0 pc 2 v
l_or 0 vs 24
W (00:00:03.646) SMAX: Name smar
tconfig_exa hghwtrmrk 3388
W (00:00:03.959) EDRV: hvc 0 nvc
 0 lvc 0 V 223418 C 0 P 0 pc 3 vl_or 0 vs 24
W (00:00:04.459) EDRV: hvc 0 nvc
 0 lvc 0 V 223052 C 0 P 0 pc 4 v
l_or 0 vs 24
I (00:00:04.579) TDRV: Temp peri
odic tmr exp
W (00:00:04.959) EDRV: hvc 0 nvc
 0 lvc 0 V 223418 C 0 P 0 pc 5 v
l_or 0 vs 24
I (00:00:05.341) TDRV: result: -
