#
# A fatal error has been detected by the Java Runtime Environment:
#
#  EXCEPTION_ACCESS_VIOLATION (0xc0000005) at pc=0x000000007110b5db, pid=19308, tid=10192
#
# JRE version: OpenJDK Runtime Environment Temurin-17.0.9+9 (17.0.9+9) (build 17.0.9+9)
# Java VM: OpenJDK 64-Bit Server VM Temurin-17.0.9+9 (17.0.9+9, mixed mode, tiered, compressed oops, compressed class ptrs, g1 gc, windows-amd64)
# Problematic frame:
# C  [jSSC-2.8_x86_64.dll+0xb5db]
#
# No core dump will be written. Minidumps are not enabled by default on client versions of Windows
#
# If you would like to submit a bug report, please visit:
#   https://github.com/adoptium/adoptium-support/issues
# The crash happened outside the Java Virtual Machine in native code.
# See problematic frame for where to report the bug.
#

---------------  S U M M A R Y ------------

Command Line: -Dfile.encoding=UTF-8 -Dstdout.encoding=UTF-8 -Dstderr.encoding=UTF-8 -XX:+ShowCodeDetailsInExceptionMessages testcases_pairing.sample

Host: Intel(R) Core(TM) i5-6300U CPU @ 2.40GHz, 4 cores, 7G,  Windows 10 , 64 bit Build 19041 (10.0.19041.4842)
Time: Thu Sep 26 16:00:10 2024 India Standard Time elapsed time: 0.856979 seconds (0d 0h 0m 0s)

---------------  T H R E A D  ---------------

Current thread (0x000002cf4d352b60):  JavaThread "main" [_thread_in_native, id=10192, stack(0x000000f100300000,0x000000f100400000)]

Stack: [0x000000f100300000,0x000000f100400000],  sp=0x000000f1003fef30,  free space=1019k
Native frames: (J=compiled Java code, j=interpreted, Vv=VM code, C=native code)
C  [jSSC-2.8_x86_64.dll+0xb5db]

Java frames: (J=compiled Java code, j=interpreted, Vv=VM code)
j  jssc.SerialNativeInterface.openPort(Ljava/lang/String;Z)J+0
j  jssc.SerialPort.openPort()Z+65
j  utils.PassSTComment.stcomment(Ljava/lang/String;)V+11
j  testcases_pairing.sample.main([Ljava/lang/String;)V+11
v  ~StubRoutines::call_stub

siginfo: EXCEPTION_ACCESS_VIOLATION (0xc0000005), reading address 0x000000004b231edf


Registers:
RAX=0x000000004b231edf, RBX=0x000000f1003fefa0, RCX=0x00007ffb5f1ad744, RDX=0x0000000000000000
RSP=0x000000f1003fef30, RBP=0x000000f1003ff0b0, RSI=0x000002cf4d352e18, RDI=0x00000000000004c8
R8 =0x000000f1003fee28, R9 =0x000000f1003fef20, R10=0x0000000000000000, R11=0x0000000000000246
R12=0x000000f1003ff170, R13=0x000002cf66c180c0, R14=0x000000f1003ff060, R15=0x000002cf4d352b60
RIP=0x000000007110b5db, EFLAGS=0x0000000000010206


Register to memory mapping:

RIP=0x000000007110b5db jSSC-2.8_x86_64.dll
RAX=0x000000004b231edf is an unknown value
RBX=0x000000f1003fefa0 is pointing into the stack for thread: 0x000002cf4d352b60
RCX=0x00007ffb5f1ad744 ntdll.dll
RDX=0x0 is NULL
RSP=0x000000f1003fef30 is pointing into the stack for thread: 0x000002cf4d352b60
RBP=0x000000f1003ff0b0 is pointing into the stack for thread: 0x000002cf4d352b60
RSI=0x000002cf4d352e18 points into unknown readable memory: 0x00007ffac9009800 | 00 98 00 c9 fa 7f 00 00
RDI=0x00000000000004c8 is an unknown value
R8 =0x000000f1003fee28 is pointing into the stack for thread: 0x000002cf4d352b60
R9 =0x000000f1003fef20 is pointing into the stack for thread: 0x000002cf4d352b60
R10=0x0 is NULL
R11=0x0000000000000246 is an unknown value
R12=0x000000f1003ff170 is pointing into the stack for thread: 0x000002cf4d352b60
R13=0x000002cf66c180c0 points into unknown readable memory: 0x00657400344d4f43 | 43 4f 4d 34 00 74 65 00
R14=0x000000f1003ff060 is pointing into the stack for thread: 0x000002cf4d352b60
R15=0x000002cf4d352b60 is a thread


Top of Stack: (sp=0x000000f1003fef30)
0x000000f1003fef30:   000002cf6b1a85b0 00007ffb5f1347b1
0x000000f1003fef40:   000000007110b230 000002cf4b260000
0x000000f1003fef50:   000002cf4d352b60 0000000000000004
0x000000f1003fef60:   000002cf4d352e18 00000000000004c8
0x000000f1003fef70:   000000f1003ff0b0 0000000071112590
0x000000f1003fef80:   000000f1003fefe0 000002cf4b260000
0x000000f1003fef90:   000000f1003ff0b0 0000000000000000
0x000000f1003fefa0:   0000000000000000 00007ffb5ca313dc
0x000000f1003fefb0:   00000000000004c8 00007ffb5d01f05b
0x000000f1003fefc0:   000002cf66c180c0 000002cf4d352e18
0x000000f1003fefd0:   0000000071113500 0000000071113be8
0x000000f1003fefe0:   000000f1003ff010 0000000071112641
0x000000f1003feff0:   000000f1003fef80 0000000000000000
0x000000f1003ff000:   0000000000000000 0000000000000000
0x000000f1003ff010:   000000f1003ff0b0 0000000071101595
0x000000f1003ff020:   000000000000001c 000002cf4d352e18
0x000000f1003ff030:   000000f1003ff070 000000f1003ff178
0x000000f1003ff040:   000002cf00000003 00007ffa40000000
0x000000f1003ff050:   0000000000000000 000002cf57f6b30d
0x000000f1003ff060:   344d4f435c2e5c5c 0000000000000000
0x000000f1003ff070:   000002005c2e5c5c 000002cf4d352b60
0x000000f1003ff080:   000002cf6740ead0 0000000000000000
0x000000f1003ff090:   000002cf672f3df0 0000000000000000
0x000000f1003ff0a0:   000002cf6740ead0 000000f1003ff178
0x000000f1003ff0b0:   000000f1003ff148 000002cf57f4d601
0x000000f1003ff0c0:   000002cf672f3df0 000002cf57f4d31c
0x000000f1003ff0d0:   000002cf6740ead0 0000000000000000
0x000000f1003ff0e0:   000000f1003ff110 000000f1003ff168
0x000000f1003ff0f0:   000002cf57f49645 000002cf57f4d2d6
0x000000f1003ff100:   000000f1003ff100 000002cf6740ead0
0x000000f1003ff110:   000000f1003ff178 000002cf6740f8f0
0x000000f1003ff120:   0000000000000000 00000000896e9218 

Instructions: (pc=0x000000007110b5db)
0x000000007110b4db:   48 85 c0 74 bf 44 8b 03 45 85 c0 0f 84 77 ff ff
0x000000007110b4eb:   ff eb 9f 66 90 e8 8b fe ff ff 48 89 05 0c 34 01
0x000000007110b4fb:   00 eb ad 66 90 e8 7b fe ff ff 48 89 05 fc 33 01
0x000000007110b50b:   00 eb 8b e8 8d fe ff ff c7 03 01 00 00 00 e9 6f
0x000000007110b51b:   ff ff ff 66 90 55 48 89 e5 56 53 48 83 ec 20 48
0x000000007110b52b:   8b 05 d7 33 01 00 48 8b 31 48 89 cb 48 85 c0 74
0x000000007110b53b:   56 44 8b 18 45 85 db 78 42 48 8b 05 bd 33 01 00
0x000000007110b54b:   48 85 c0 74 50 44 8b 10 45 85 d2 74 1d 48 89 f1
0x000000007110b55b:   e8 d0 fd ff ff 48 8b 13 48 8d 42 40 48 8b 48 08
0x000000007110b56b:   48 8b 6a 40 48 8b 60 10 ff e1 48 8b 05 9c 33 01
0x000000007110b57b:   00 48 85 c0 74 2d 48 89 30 eb da e8 b5 fe ff ff
0x000000007110b58b:   0f 1f 44 00 00 eb b2 e8 e9 fd ff ff 48 89 05 6a
0x000000007110b59b:   33 01 00 eb 9c e8 db fd ff ff 48 89 05 5c 33 01
0x000000007110b5ab:   00 eb a2 e8 3d fd ff ff 48 89 05 5e 33 01 00 eb
0x000000007110b5bb:   c5 0f 1f 40 00 55 57 56 53 48 83 ec 28 48 8b 05
0x000000007110b5cb:   39 33 01 00 48 89 cb 48 85 c0 0f 84 c5 00 00 00
0x000000007110b5db:   8b 38 85 ff 0f 88 ab 00 00 00 48 8b 05 1c 33 01
0x000000007110b5eb:   00 48 85 c0 0f 84 bc 00 00 00 8b 30 85 f6 74 57
0x000000007110b5fb:   48 8b 05 0e 33 01 00 48 85 c0 0f 84 e5 00 00 00
0x000000007110b60b:   8b 28 48 8b 35 10 5e 01 00 ff d6 89 c7 89 e9 ff
0x000000007110b61b:   15 f4 5e 01 00 89 f9 48 89 c5 ff 15 b9 5e 01 00
0x000000007110b62b:   48 8b 05 de 32 01 00 48 89 2b 48 85 c0 74 46 48
0x000000007110b63b:   89 da 8b 08 ff 15 d7 5e 01 00 85 c0 74 27 48 83
0x000000007110b64b:   c4 28 5b 5e 5f 5d c3 48 8b 05 bf 32 01 00 48 85
0x000000007110b65b:   c0 74 64 48 8b 10 48 89 13 48 89 18 48 83 c4 28
0x000000007110b66b:   5b 5e 5f 5d c3 48 89 f2 48 83 c4 28 5b 5e 5f 5d
0x000000007110b67b:   48 ff e2 66 90 e8 8b fc ff ff 48 89 05 84 32 01
0x000000007110b68b:   00 eb ac 66 90 e8 ab fd ff ff e9 4b ff ff ff 66
0x000000007110b69b:   0f 1f 44 00 00 e8 db fc ff ff 48 89 05 5c 32 01
0x000000007110b6ab:   00 e9 2a ff ff ff e8 ca fc ff ff 48 89 05 4b 32
0x000000007110b6bb:   01 00 e9 33 ff ff ff e8 29 fc ff ff 48 89 05 4a
0x000000007110b6cb:   32 01 00 48 8b 10 48 85 c0 48 89 13 75 8b e8 12 


Stack slot to memory mapping:
stack at sp + 0 slots: 0x000002cf6b1a85b0 points into unknown readable memory: 0x005c002e005c005c | 5c 00 5c 00 2e 00 5c 00
stack at sp + 1 slots: 0x00007ffb5f1347b1 ntdll.dll
stack at sp + 2 slots: 0x000000007110b230 jSSC-2.8_x86_64.dll
stack at sp + 3 slots: 0x000002cf4b260000 points into unknown readable memory: 0x0000000000000000 | 00 00 00 00 00 00 00 00
stack at sp + 4 slots: 0x000002cf4d352b60 is a thread
stack at sp + 5 slots: 0x0000000000000004 is an unknown value
stack at sp + 6 slots: 0x000002cf4d352e18 points into unknown readable memory: 0x00007ffac9009800 | 00 98 00 c9 fa 7f 00 00
stack at sp + 7 slots: 0x00000000000004c8 is an unknown value


---------------  P R O C E S S  ---------------

Threads class SMR info:
_java_thread_list=0x000002cf66c4b9c0, length=13, elements={
0x000002cf4d352b60, 0x000002cf66a54a20, 0x000002cf66a26ff0, 0x000002cf66a5e470,
0x000002cf66a8f120, 0x000002cf66a92290, 0x000002cf66a933f0, 0x000002cf66a97e30,
0x000002cf66a9a000, 0x000002cf66b03d00, 0x000002cf66c11b30, 0x000002cf66c2fda0,
0x000002cf66d0c4a0
}

Java Threads: ( => current thread )
=>0x000002cf4d352b60 JavaThread "main" [_thread_in_native, id=10192, stack(0x000000f100300000,0x000000f100400000)]
  0x000002cf66a54a20 JavaThread "Reference Handler" daemon [_thread_blocked, id=15452, stack(0x000000f100a00000,0x000000f100b00000)]
  0x000002cf66a26ff0 JavaThread "Finalizer" daemon [_thread_blocked, id=13512, stack(0x000000f100b00000,0x000000f100c00000)]
  0x000002cf66a5e470 JavaThread "Signal Dispatcher" daemon [_thread_blocked, id=15152, stack(0x000000f100d00000,0x000000f100e00000)]
  0x000002cf66a8f120 JavaThread "Attach Listener" daemon [_thread_blocked, id=12812, stack(0x000000f100e00000,0x000000f100f00000)]
  0x000002cf66a92290 JavaThread "Service Thread" daemon [_thread_blocked, id=15796, stack(0x000000f100f00000,0x000000f101000000)]
  0x000002cf66a933f0 JavaThread "Monitor Deflation Thread" daemon [_thread_blocked, id=15380, stack(0x000000f101000000,0x000000f101100000)]
  0x000002cf66a97e30 JavaThread "C2 CompilerThread0" daemon [_thread_blocked, id=18608, stack(0x000000f101100000,0x000000f101200000)]
  0x000002cf66a9a000 JavaThread "C1 CompilerThread0" daemon [_thread_blocked, id=18416, stack(0x000000f101200000,0x000000f101300000)]
  0x000002cf66b03d00 JavaThread "Sweeper thread" daemon [_thread_blocked, id=22328, stack(0x000000f101300000,0x000000f101400000)]
  0x000002cf66c11b30 JavaThread "Notification Thread" daemon [_thread_blocked, id=13560, stack(0x000000f101400000,0x000000f101500000)]
  0x000002cf66c2fda0 JavaThread "Common-Cleaner" daemon [_thread_blocked, id=13624, stack(0x000000f101600000,0x000000f101700000)]
  0x000002cf66d0c4a0 JavaThread "C2 CompilerThread1" daemon [_thread_blocked, id=19720, stack(0x000000f101700000,0x000000f101800000)]

Other Threads:
  0x000002cf66a51cb0 VMThread "VM Thread" [stack: 0x000000f100900000,0x000000f100a00000] [id=21360]
  0x000002cf66c18440 WatcherThread [stack: 0x000000f101500000,0x000000f101600000] [id=19560]
  0x000002cf4d3ae5e0 GCTaskThread "GC Thread#0" [stack: 0x000000f100400000,0x000000f100500000] [id=1792]
  0x000002cf4d3bf1b0 ConcurrentGCThread "G1 Main Marker" [stack: 0x000000f100500000,0x000000f100600000] [id=14084]
  0x000002cf4d3bfbd0 ConcurrentGCThread "G1 Conc#0" [stack: 0x000000f100600000,0x000000f100700000] [id=13760]
  0x000002cf4d3fe970 ConcurrentGCThread "G1 Refine#0" [stack: 0x000000f100700000,0x000000f100800000] [id=12240]
  0x000002cf66898c80 ConcurrentGCThread "G1 Service" [stack: 0x000000f100800000,0x000000f100900000] [id=15944]

Threads with active compile tasks:

VM state: not at safepoint (normal execution)

VM Mutex/Monitor currently owned by a thread: None

Heap address: 0x0000000081c00000, size: 2020 MB, Compressed Oops mode: 32-bit

CDS archive(s) not mapped
Compressed class space mapped at: 0x0000000100000000-0x0000000140000000, reserved size: 1073741824
Narrow klass base: 0x0000000000000000, Narrow klass shift: 3, Narrow klass range: 0x140000000

GC Precious Log:
 CPUs: 4 total, 4 available
 Memory: 8072M
 Large Page Support: Disabled
 NUMA Support: Disabled
 Compressed Oops: Enabled (32-bit)
 Heap Region Size: 1M
 Heap Min Capacity: 8M
 Heap Initial Capacity: 128M
 Heap Max Capacity: 2020M
 Pre-touch: Disabled
 Parallel Workers: 4
 Concurrent Workers: 1
 Concurrent Refinement Workers: 4
 Periodic GC: Disabled

Heap:
 garbage-first heap   total 131072K, used 6144K [0x0000000081c00000, 0x0000000100000000)
  region size 1024K, 6 young (6144K), 0 survivors (0K)
 Metaspace       used 5187K, committed 5376K, reserved 1114112K
  class space    used 433K, committed 512K, reserved 1048576K

Heap Regions: E=young(eden), S=young(survivor), O=old, HS=humongous(starts), HC=humongous(continues), CS=collection set, F=free, OA=open archive, CA=closed archive, TAMS=top-at-mark-start (previous, next)
|   0|0x0000000081c00000, 0x0000000081d00000, 0x0000000081d00000|100%|HS|  |TAMS 0x0000000081c00000, 0x0000000081c00000| Complete 
|   1|0x0000000081d00000, 0x0000000081e00000, 0x0000000081e00000|100%|HS|  |TAMS 0x0000000081d00000, 0x0000000081d00000| Complete 
|   2|0x0000000081e00000, 0x0000000081e00000, 0x0000000081f00000|  0%| F|  |TAMS 0x0000000081e00000, 0x0000000081e00000| Untracked 
|   3|0x0000000081f00000, 0x0000000081f00000, 0x0000000082000000|  0%| F|  |TAMS 0x0000000081f00000, 0x0000000081f00000| Untracked 
|   4|0x0000000082000000, 0x0000000082000000, 0x0000000082100000|  0%| F|  |TAMS 0x0000000082000000, 0x0000000082000000| Untracked 
|   5|0x0000000082100000, 0x0000000082100000, 0x0000000082200000|  0%| F|  |TAMS 0x0000000082100000, 0x0000000082100000| Untracked 
|   6|0x0000000082200000, 0x0000000082200000, 0x0000000082300000|  0%| F|  |TAMS 0x0000000082200000, 0x0000000082200000| Untracked 
|   7|0x0000000082300000, 0x0000000082300000, 0x0000000082400000|  0%| F|  |TAMS 0x0000000082300000, 0x0000000082300000| Untracked 
|   8|0x0000000082400000, 0x0000000082400000, 0x0000000082500000|  0%| F|  |TAMS 0x0000000082400000, 0x0000000082400000| Untracked 
|   9|0x0000000082500000, 0x0000000082500000, 0x0000000082600000|  0%| F|  |TAMS 0x0000000082500000, 0x0000000082500000| Untracked 
|  10|0x0000000082600000, 0x0000000082600000, 0x0000000082700000|  0%| F|  |TAMS 0x0000000082600000, 0x0000000082600000| Untracked 
|  11|0x0000000082700000, 0x0000000082700000, 0x0000000082800000|  0%| F|  |TAMS 0x0000000082700000, 0x0000000082700000| Untracked 
|  12|0x0000000082800000, 0x0000000082800000, 0x0000000082900000|  0%| F|  |TAMS 0x0000000082800000, 0x0000000082800000| Untracked 
|  13|0x0000000082900000, 0x0000000082900000, 0x0000000082a00000|  0%| F|  |TAMS 0x0000000082900000, 0x0000000082900000| Untracked 
|  14|0x0000000082a00000, 0x0000000082a00000, 0x0000000082b00000|  0%| F|  |TAMS 0x0000000082a00000, 0x0000000082a00000| Untracked 
|  15|0x0000000082b00000, 0x0000000082b00000, 0x0000000082c00000|  0%| F|  |TAMS 0x0000000082b00000, 0x0000000082b00000| Untracked 
|  16|0x0000000082c00000, 0x0000000082c00000, 0x0000000082d00000|  0%| F|  |TAMS 0x0000000082c00000, 0x0000000082c00000| Untracked 
|  17|0x0000000082d00000, 0x0000000082d00000, 0x0000000082e00000|  0%| F|  |TAMS 0x0000000082d00000, 0x0000000082d00000| Untracked 
|  18|0x0000000082e00000, 0x0000000082e00000, 0x0000000082f00000|  0%| F|  |TAMS 0x0000000082e00000, 0x0000000082e00000| Untracked 
|  19|0x0000000082f00000, 0x0000000082f00000, 0x0000000083000000|  0%| F|  |TAMS 0x0000000082f00000, 0x0000000082f00000| Untracked 
|  20|0x0000000083000000, 0x0000000083000000, 0x0000000083100000|  0%| F|  |TAMS 0x0000000083000000, 0x0000000083000000| Untracked 
|  21|0x0000000083100000, 0x0000000083100000, 0x0000000083200000|  0%| F|  |TAMS 0x0000000083100000, 0x0000000083100000| Untracked 
|  22|0x0000000083200000, 0x0000000083200000, 0x0000000083300000|  0%| F|  |TAMS 0x0000000083200000, 0x0000000083200000| Untracked 
|  23|0x0000000083300000, 0x0000000083300000, 0x0000000083400000|  0%| F|  |TAMS 0x0000000083300000, 0x0000000083300000| Untracked 
|  24|0x0000000083400000, 0x0000000083400000, 0x0000000083500000|  0%| F|  |TAMS 0x0000000083400000, 0x0000000083400000| Untracked 
|  25|0x0000000083500000, 0x0000000083500000, 0x0000000083600000|  0%| F|  |TAMS 0x0000000083500000, 0x0000000083500000| Untracked 
|  26|0x0000000083600000, 0x0000000083600000, 0x0000000083700000|  0%| F|  |TAMS 0x0000000083600000, 0x0000000083600000| Untracked 
|  27|0x0000000083700000, 0x0000000083700000, 0x0000000083800000|  0%| F|  |TAMS 0x0000000083700000, 0x0000000083700000| Untracked 
|  28|0x0000000083800000, 0x0000000083800000, 0x0000000083900000|  0%| F|  |TAMS 0x0000000083800000, 0x0000000083800000| Untracked 
|  29|0x0000000083900000, 0x0000000083900000, 0x0000000083a00000|  0%| F|  |TAMS 0x0000000083900000, 0x0000000083900000| Untracked 
|  30|0x0000000083a00000, 0x0000000083a00000, 0x0000000083b00000|  0%| F|  |TAMS 0x0000000083a00000, 0x0000000083a00000| Untracked 
|  31|0x0000000083b00000, 0x0000000083b00000, 0x0000000083c00000|  0%| F|  |TAMS 0x0000000083b00000, 0x0000000083b00000| Untracked 
|  32|0x0000000083c00000, 0x0000000083c00000, 0x0000000083d00000|  0%| F|  |TAMS 0x0000000083c00000, 0x0000000083c00000| Untracked 
|  33|0x0000000083d00000, 0x0000000083d00000, 0x0000000083e00000|  0%| F|  |TAMS 0x0000000083d00000, 0x0000000083d00000| Untracked 
|  34|0x0000000083e00000, 0x0000000083e00000, 0x0000000083f00000|  0%| F|  |TAMS 0x0000000083e00000, 0x0000000083e00000| Untracked 
|  35|0x0000000083f00000, 0x0000000083f00000, 0x0000000084000000|  0%| F|  |TAMS 0x0000000083f00000, 0x0000000083f00000| Untracked 
|  36|0x0000000084000000, 0x0000000084000000, 0x0000000084100000|  0%| F|  |TAMS 0x0000000084000000, 0x0000000084000000| Untracked 
|  37|0x0000000084100000, 0x0000000084100000, 0x0000000084200000|  0%| F|  |TAMS 0x0000000084100000, 0x0000000084100000| Untracked 
|  38|0x0000000084200000, 0x0000000084200000, 0x0000000084300000|  0%| F|  |TAMS 0x0000000084200000, 0x0000000084200000| Untracked 
|  39|0x0000000084300000, 0x0000000084300000, 0x0000000084400000|  0%| F|  |TAMS 0x0000000084300000, 0x0000000084300000| Untracked 
|  40|0x0000000084400000, 0x0000000084400000, 0x0000000084500000|  0%| F|  |TAMS 0x0000000084400000, 0x0000000084400000| Untracked 
|  41|0x0000000084500000, 0x0000000084500000, 0x0000000084600000|  0%| F|  |TAMS 0x0000000084500000, 0x0000000084500000| Untracked 
|  42|0x0000000084600000, 0x0000000084600000, 0x0000000084700000|  0%| F|  |TAMS 0x0000000084600000, 0x0000000084600000| Untracked 
|  43|0x0000000084700000, 0x0000000084700000, 0x0000000084800000|  0%| F|  |TAMS 0x0000000084700000, 0x0000000084700000| Untracked 
|  44|0x0000000084800000, 0x0000000084800000, 0x0000000084900000|  0%| F|  |TAMS 0x0000000084800000, 0x0000000084800000| Untracked 
|  45|0x0000000084900000, 0x0000000084900000, 0x0000000084a00000|  0%| F|  |TAMS 0x0000000084900000, 0x0000000084900000| Untracked 
|  46|0x0000000084a00000, 0x0000000084a00000, 0x0000000084b00000|  0%| F|  |TAMS 0x0000000084a00000, 0x0000000084a00000| Untracked 
|  47|0x0000000084b00000, 0x0000000084b00000, 0x0000000084c00000|  0%| F|  |TAMS 0x0000000084b00000, 0x0000000084b00000| Untracked 
|  48|0x0000000084c00000, 0x0000000084c00000, 0x0000000084d00000|  0%| F|  |TAMS 0x0000000084c00000, 0x0000000084c00000| Untracked 
|  49|0x0000000084d00000, 0x0000000084d00000, 0x0000000084e00000|  0%| F|  |TAMS 0x0000000084d00000, 0x0000000084d00000| Untracked 
|  50|0x0000000084e00000, 0x0000000084e00000, 0x0000000084f00000|  0%| F|  |TAMS 0x0000000084e00000, 0x0000000084e00000| Untracked 
|  51|0x0000000084f00000, 0x0000000084f00000, 0x0000000085000000|  0%| F|  |TAMS 0x0000000084f00000, 0x0000000084f00000| Untracked 
|  52|0x0000000085000000, 0x0000000085000000, 0x0000000085100000|  0%| F|  |TAMS 0x0000000085000000, 0x0000000085000000| Untracked 
|  53|0x0000000085100000, 0x0000000085100000, 0x0000000085200000|  0%| F|  |TAMS 0x0000000085100000, 0x0000000085100000| Untracked 
|  54|0x0000000085200000, 0x0000000085200000, 0x0000000085300000|  0%| F|  |TAMS 0x0000000085200000, 0x0000000085200000| Untracked 
|  55|0x0000000085300000, 0x0000000085300000, 0x0000000085400000|  0%| F|  |TAMS 0x0000000085300000, 0x0000000085300000| Untracked 
|  56|0x0000000085400000, 0x0000000085400000, 0x0000000085500000|  0%| F|  |TAMS 0x0000000085400000, 0x0000000085400000| Untracked 
|  57|0x0000000085500000, 0x0000000085500000, 0x0000000085600000|  0%| F|  |TAMS 0x0000000085500000, 0x0000000085500000| Untracked 
|  58|0x0000000085600000, 0x0000000085600000, 0x0000000085700000|  0%| F|  |TAMS 0x0000000085600000, 0x0000000085600000| Untracked 
|  59|0x0000000085700000, 0x0000000085700000, 0x0000000085800000|  0%| F|  |TAMS 0x0000000085700000, 0x0000000085700000| Untracked 
|  60|0x0000000085800000, 0x0000000085800000, 0x0000000085900000|  0%| F|  |TAMS 0x0000000085800000, 0x0000000085800000| Untracked 
|  61|0x0000000085900000, 0x0000000085900000, 0x0000000085a00000|  0%| F|  |TAMS 0x0000000085900000, 0x0000000085900000| Untracked 
|  62|0x0000000085a00000, 0x0000000085a00000, 0x0000000085b00000|  0%| F|  |TAMS 0x0000000085a00000, 0x0000000085a00000| Untracked 
|  63|0x0000000085b00000, 0x0000000085b00000, 0x0000000085c00000|  0%| F|  |TAMS 0x0000000085b00000, 0x0000000085b00000| Untracked 
|  64|0x0000000085c00000, 0x0000000085c00000, 0x0000000085d00000|  0%| F|  |TAMS 0x0000000085c00000, 0x0000000085c00000| Untracked 
|  65|0x0000000085d00000, 0x0000000085d00000, 0x0000000085e00000|  0%| F|  |TAMS 0x0000000085d00000, 0x0000000085d00000| Untracked 
|  66|0x0000000085e00000, 0x0000000085e00000, 0x0000000085f00000|  0%| F|  |TAMS 0x0000000085e00000, 0x0000000085e00000| Untracked 
|  67|0x0000000085f00000, 0x0000000085f00000, 0x0000000086000000|  0%| F|  |TAMS 0x0000000085f00000, 0x0000000085f00000| Untracked 
|  68|0x0000000086000000, 0x0000000086000000, 0x0000000086100000|  0%| F|  |TAMS 0x0000000086000000, 0x0000000086000000| Untracked 
|  69|0x0000000086100000, 0x0000000086100000, 0x0000000086200000|  0%| F|  |TAMS 0x0000000086100000, 0x0000000086100000| Untracked 
|  70|0x0000000086200000, 0x0000000086200000, 0x0000000086300000|  0%| F|  |TAMS 0x0000000086200000, 0x0000000086200000| Untracked 
|  71|0x0000000086300000, 0x0000000086300000, 0x0000000086400000|  0%| F|  |TAMS 0x0000000086300000, 0x0000000086300000| Untracked 
|  72|0x0000000086400000, 0x0000000086400000, 0x0000000086500000|  0%| F|  |TAMS 0x0000000086400000, 0x0000000086400000| Untracked 
|  73|0x0000000086500000, 0x0000000086500000, 0x0000000086600000|  0%| F|  |TAMS 0x0000000086500000, 0x0000000086500000| Untracked 
|  74|0x0000000086600000, 0x0000000086600000, 0x0000000086700000|  0%| F|  |TAMS 0x0000000086600000, 0x0000000086600000| Untracked 
|  75|0x0000000086700000, 0x0000000086700000, 0x0000000086800000|  0%| F|  |TAMS 0x0000000086700000, 0x0000000086700000| Untracked 
|  76|0x0000000086800000, 0x0000000086800000, 0x0000000086900000|  0%| F|  |TAMS 0x0000000086800000, 0x0000000086800000| Untracked 
|  77|0x0000000086900000, 0x0000000086900000, 0x0000000086a00000|  0%| F|  |TAMS 0x0000000086900000, 0x0000000086900000| Untracked 
|  78|0x0000000086a00000, 0x0000000086a00000, 0x0000000086b00000|  0%| F|  |TAMS 0x0000000086a00000, 0x0000000086a00000| Untracked 
|  79|0x0000000086b00000, 0x0000000086b00000, 0x0000000086c00000|  0%| F|  |TAMS 0x0000000086b00000, 0x0000000086b00000| Untracked 
|  80|0x0000000086c00000, 0x0000000086c00000, 0x0000000086d00000|  0%| F|  |TAMS 0x0000000086c00000, 0x0000000086c00000| Untracked 
|  81|0x0000000086d00000, 0x0000000086d00000, 0x0000000086e00000|  0%| F|  |TAMS 0x0000000086d00000, 0x0000000086d00000| Untracked 
|  82|0x0000000086e00000, 0x0000000086e00000, 0x0000000086f00000|  0%| F|  |TAMS 0x0000000086e00000, 0x0000000086e00000| Untracked 
|  83|0x0000000086f00000, 0x0000000086f00000, 0x0000000087000000|  0%| F|  |TAMS 0x0000000086f00000, 0x0000000086f00000| Untracked 
|  84|0x0000000087000000, 0x0000000087000000, 0x0000000087100000|  0%| F|  |TAMS 0x0000000087000000, 0x0000000087000000| Untracked 
|  85|0x0000000087100000, 0x0000000087100000, 0x0000000087200000|  0%| F|  |TAMS 0x0000000087100000, 0x0000000087100000| Untracked 
|  86|0x0000000087200000, 0x0000000087200000, 0x0000000087300000|  0%| F|  |TAMS 0x0000000087200000, 0x0000000087200000| Untracked 
|  87|0x0000000087300000, 0x0000000087300000, 0x0000000087400000|  0%| F|  |TAMS 0x0000000087300000, 0x0000000087300000| Untracked 
|  88|0x0000000087400000, 0x0000000087400000, 0x0000000087500000|  0%| F|  |TAMS 0x0000000087400000, 0x0000000087400000| Untracked 
|  89|0x0000000087500000, 0x0000000087500000, 0x0000000087600000|  0%| F|  |TAMS 0x0000000087500000, 0x0000000087500000| Untracked 
|  90|0x0000000087600000, 0x0000000087600000, 0x0000000087700000|  0%| F|  |TAMS 0x0000000087600000, 0x0000000087600000| Untracked 
|  91|0x0000000087700000, 0x0000000087700000, 0x0000000087800000|  0%| F|  |TAMS 0x0000000087700000, 0x0000000087700000| Untracked 
|  92|0x0000000087800000, 0x0000000087800000, 0x0000000087900000|  0%| F|  |TAMS 0x0000000087800000, 0x0000000087800000| Untracked 
|  93|0x0000000087900000, 0x0000000087900000, 0x0000000087a00000|  0%| F|  |TAMS 0x0000000087900000, 0x0000000087900000| Untracked 
|  94|0x0000000087a00000, 0x0000000087a00000, 0x0000000087b00000|  0%| F|  |TAMS 0x0000000087a00000, 0x0000000087a00000| Untracked 
|  95|0x0000000087b00000, 0x0000000087b00000, 0x0000000087c00000|  0%| F|  |TAMS 0x0000000087b00000, 0x0000000087b00000| Untracked 
|  96|0x0000000087c00000, 0x0000000087c00000, 0x0000000087d00000|  0%| F|  |TAMS 0x0000000087c00000, 0x0000000087c00000| Untracked 
|  97|0x0000000087d00000, 0x0000000087d00000, 0x0000000087e00000|  0%| F|  |TAMS 0x0000000087d00000, 0x0000000087d00000| Untracked 
|  98|0x0000000087e00000, 0x0000000087e00000, 0x0000000087f00000|  0%| F|  |TAMS 0x0000000087e00000, 0x0000000087e00000| Untracked 
|  99|0x0000000087f00000, 0x0000000087f00000, 0x0000000088000000|  0%| F|  |TAMS 0x0000000087f00000, 0x0000000087f00000| Untracked 
| 100|0x0000000088000000, 0x0000000088000000, 0x0000000088100000|  0%| F|  |TAMS 0x0000000088000000, 0x0000000088000000| Untracked 
| 101|0x0000000088100000, 0x0000000088100000, 0x0000000088200000|  0%| F|  |TAMS 0x0000000088100000, 0x0000000088100000| Untracked 
| 102|0x0000000088200000, 0x0000000088200000, 0x0000000088300000|  0%| F|  |TAMS 0x0000000088200000, 0x0000000088200000| Untracked 
| 103|0x0000000088300000, 0x0000000088300000, 0x0000000088400000|  0%| F|  |TAMS 0x0000000088300000, 0x0000000088300000| Untracked 
| 104|0x0000000088400000, 0x0000000088400000, 0x0000000088500000|  0%| F|  |TAMS 0x0000000088400000, 0x0000000088400000| Untracked 
| 105|0x0000000088500000, 0x0000000088500000, 0x0000000088600000|  0%| F|  |TAMS 0x0000000088500000, 0x0000000088500000| Untracked 
| 106|0x0000000088600000, 0x0000000088600000, 0x0000000088700000|  0%| F|  |TAMS 0x0000000088600000, 0x0000000088600000| Untracked 
| 107|0x0000000088700000, 0x0000000088700000, 0x0000000088800000|  0%| F|  |TAMS 0x0000000088700000, 0x0000000088700000| Untracked 
| 108|0x0000000088800000, 0x0000000088800000, 0x0000000088900000|  0%| F|  |TAMS 0x0000000088800000, 0x0000000088800000| Untracked 
| 109|0x0000000088900000, 0x0000000088900000, 0x0000000088a00000|  0%| F|  |TAMS 0x0000000088900000, 0x0000000088900000| Untracked 
| 110|0x0000000088a00000, 0x0000000088a00000, 0x0000000088b00000|  0%| F|  |TAMS 0x0000000088a00000, 0x0000000088a00000| Untracked 
| 111|0x0000000088b00000, 0x0000000088b00000, 0x0000000088c00000|  0%| F|  |TAMS 0x0000000088b00000, 0x0000000088b00000| Untracked 
| 112|0x0000000088c00000, 0x0000000088c00000, 0x0000000088d00000|  0%| F|  |TAMS 0x0000000088c00000, 0x0000000088c00000| Untracked 
| 113|0x0000000088d00000, 0x0000000088d00000, 0x0000000088e00000|  0%| F|  |TAMS 0x0000000088d00000, 0x0000000088d00000| Untracked 
| 114|0x0000000088e00000, 0x0000000088e00000, 0x0000000088f00000|  0%| F|  |TAMS 0x0000000088e00000, 0x0000000088e00000| Untracked 
| 115|0x0000000088f00000, 0x0000000088f00000, 0x0000000089000000|  0%| F|  |TAMS 0x0000000088f00000, 0x0000000088f00000| Untracked 
| 116|0x0000000089000000, 0x0000000089000000, 0x0000000089100000|  0%| F|  |TAMS 0x0000000089000000, 0x0000000089000000| Untracked 
| 117|0x0000000089100000, 0x0000000089100000, 0x0000000089200000|  0%| F|  |TAMS 0x0000000089100000, 0x0000000089100000| Untracked 
| 118|0x0000000089200000, 0x0000000089200000, 0x0000000089300000|  0%| F|  |TAMS 0x0000000089200000, 0x0000000089200000| Untracked 
| 119|0x0000000089300000, 0x0000000089300000, 0x0000000089400000|  0%| F|  |TAMS 0x0000000089300000, 0x0000000089300000| Untracked 
| 120|0x0000000089400000, 0x0000000089400000, 0x0000000089500000|  0%| F|  |TAMS 0x0000000089400000, 0x0000000089400000| Untracked 
| 121|0x0000000089500000, 0x0000000089500000, 0x0000000089600000|  0%| F|  |TAMS 0x0000000089500000, 0x0000000089500000| Untracked 
| 122|0x0000000089600000, 0x0000000089700000, 0x0000000089700000|100%| E|  |TAMS 0x0000000089600000, 0x0000000089600000| Complete 
| 123|0x0000000089700000, 0x0000000089800000, 0x0000000089800000|100%| E|  |TAMS 0x0000000089700000, 0x0000000089700000| Complete 
| 124|0x0000000089800000, 0x0000000089900000, 0x0000000089900000|100%| E|CS|TAMS 0x0000000089800000, 0x0000000089800000| Complete 
| 125|0x0000000089900000, 0x0000000089a00000, 0x0000000089a00000|100%| E|CS|TAMS 0x0000000089900000, 0x0000000089900000| Complete 
| 126|0x0000000089a00000, 0x0000000089b00000, 0x0000000089b00000|100%| E|CS|TAMS 0x0000000089a00000, 0x0000000089a00000| Complete 
| 127|0x0000000089b00000, 0x0000000089c00000, 0x0000000089c00000|100%| E|CS|TAMS 0x0000000089b00000, 0x0000000089b00000| Complete 

Card table byte_map: [0x000002cf5fe10000,0x000002cf60210000] _byte_map_base: 0x000002cf5fa02000

Marking Bits (Prev, Next): (CMBitMap*) 0x000002cf4d3aec00, (CMBitMap*) 0x000002cf4d3aec40
 Prev Bits: [0x000002cf60610000, 0x000002cf625a0000)
 Next Bits: [0x000002cf625a0000, 0x000002cf64530000)

Polling page: 0x000002cf4cb00000

Metaspace:

Usage:
  Non-class:      4.64 MB used.
      Class:    433.62 KB used.
       Both:      5.07 MB used.

Virtual space:
  Non-class space:       64.00 MB reserved,       4.75 MB (  7%) committed,  1 nodes.
      Class space:        1.00 GB reserved,     512.00 KB ( <1%) committed,  1 nodes.
             Both:        1.06 GB reserved,       5.25 MB ( <1%) committed. 

Chunk freelists:
   Non-Class:  10.92 MB
       Class:  15.55 MB
        Both:  26.47 MB

MaxMetaspaceSize: unlimited
CompressedClassSpaceSize: 1.00 GB
Initial GC threshold: 21.00 MB
Current GC threshold: 21.00 MB
CDS: off
MetaspaceReclaimPolicy: balanced
 - commit_granule_bytes: 65536.
 - commit_granule_words: 8192.
 - virtual_space_node_default_size: 8388608.
 - enlarge_chunks_in_place: 1.
 - new_chunks_are_fully_committed: 0.
 - uncommit_free_chunks: 1.
 - use_allocation_guard: 0.
 - handle_deallocations: 1.


Internal statistics:

num_allocs_failed_limit: 0.
num_arena_births: 4.
num_arena_deaths: 0.
num_vsnodes_births: 2.
num_vsnodes_deaths: 0.
num_space_committed: 84.
num_space_uncommitted: 0.
num_chunks_returned_to_freelist: 0.
num_chunks_taken_from_freelist: 15.
num_chunk_merges: 0.
num_chunk_splits: 7.
num_chunks_enlarged: 6.
num_inconsistent_stats: 0.

CodeHeap 'non-profiled nmethods': size=120000Kb used=71Kb max_used=71Kb free=119928Kb
 bounds [0x000002cf584e0000, 0x000002cf58750000, 0x000002cf5fa10000]
CodeHeap 'profiled nmethods': size=120000Kb used=367Kb max_used=367Kb free=119632Kb
 bounds [0x000002cf50a10000, 0x000002cf50c80000, 0x000002cf57f40000]
CodeHeap 'non-nmethods': size=5760Kb used=1062Kb max_used=1088Kb free=4697Kb
 bounds [0x000002cf57f40000, 0x000002cf581b0000, 0x000002cf584e0000]
 total_blobs=570 nmethods=245 adapters=238
 compilation: enabled
              stopped_count=0, restarted_count=0
 full_count=0

Compilation events (20 events):
Event: 0.590 Thread 0x000002cf66a97e30 nmethod 235 0x000002cf584f1290 code [0x000002cf584f1400, 0x000002cf584f1458]
Event: 0.590 Thread 0x000002cf66a9a000 nmethod 233 0x000002cf50a66e90 code [0x000002cf50a67080, 0x000002cf50a674e8]
Event: 0.590 Thread 0x000002cf66a9a000  237   !   3       java.nio.DirectByteBuffer::get (34 bytes)
Event: 0.591 Thread 0x000002cf66d0c4a0  242       4       java.util.concurrent.ConcurrentHashMap::spread (10 bytes)
Event: 0.591 Thread 0x000002cf66a9a000 nmethod 237 0x000002cf50a67690 code [0x000002cf50a678c0, 0x000002cf50a680b8]
Event: 0.591 Thread 0x000002cf66d0c4a0 nmethod 242 0x000002cf584f1990 code [0x000002cf584f1b00, 0x000002cf584f1b78]
Event: 0.591 Thread 0x000002cf66a9a000  239       3       java.nio.DirectByteBuffer::ix (10 bytes)
Event: 0.591 Thread 0x000002cf66a9a000 nmethod 239 0x000002cf50a68510 code [0x000002cf50a686a0, 0x000002cf50a687b8]
Event: 0.591 Thread 0x000002cf66a9a000  240   !   3       jdk.internal.misc.ScopedMemoryAccess::getByte (20 bytes)
Event: 0.592 Thread 0x000002cf66a9a000 nmethod 240 0x000002cf50a68890 code [0x000002cf50a68a60, 0x000002cf50a68e98]
Event: 0.592 Thread 0x000002cf66a9a000  241   !   3       jdk.internal.misc.ScopedMemoryAccess::getByteInternal (36 bytes)
Event: 0.592 Thread 0x000002cf66a9a000 nmethod 241 0x000002cf50a69090 code [0x000002cf50a69240, 0x000002cf50a694a8]
Event: 0.592 Thread 0x000002cf66a9a000  238       1       java.nio.Buffer::limit (5 bytes)
Event: 0.592 Thread 0x000002cf66a9a000 nmethod 238 0x000002cf584f1c90 code [0x000002cf584f1e20, 0x000002cf584f1ef8]
Event: 0.592 Thread 0x000002cf66a9a000  236       3       java.lang.ref.Reference::<init> (25 bytes)
Event: 0.593 Thread 0x000002cf66a9a000 nmethod 236 0x000002cf50a69610 code [0x000002cf50a697c0, 0x000002cf50a69a38]
Event: 0.597 Thread 0x000002cf66a9a000  244       3       java.io.WinNTFileSystem::isSlash (18 bytes)
Event: 0.597 Thread 0x000002cf66a9a000 nmethod 244 0x000002cf50a69b10 code [0x000002cf50a69ca0, 0x000002cf50a69e38]
Event: 0.599 Thread 0x000002cf66a9a000  245   !   3       java.util.zip.Inflater::inflate (418 bytes)
Event: 0.601 Thread 0x000002cf66a9a000 nmethod 245 0x000002cf50a69f10 code [0x000002cf50a6a1e0, 0x000002cf50a6b348]

GC Heap History (0 events):
No events

Dll operation events (7 events):
Event: 0.027 Loaded shared library C:\Users\Invcuser_106\Downloads\eclipse-java-2023-12-R-win32-x86_64 (1)\eclipse\plugins\org.eclipse.justj.openjdk.hotspot.jre.full.win32.x86_64_17.0.9.v20231028-0858\jre\bin\java.dll
Event: 0.409 Loaded shared library C:\Users\Invcuser_106\Downloads\eclipse-java-2023-12-R-win32-x86_64 (1)\eclipse\plugins\org.eclipse.justj.openjdk.hotspot.jre.full.win32.x86_64_17.0.9.v20231028-0858\jre\bin\net.dll
Event: 0.412 Loaded shared library C:\Users\Invcuser_106\Downloads\eclipse-java-2023-12-R-win32-x86_64 (1)\eclipse\plugins\org.eclipse.justj.openjdk.hotspot.jre.full.win32.x86_64_17.0.9.v20231028-0858\jre\bin\nio.dll
Event: 0.423 Loaded shared library C:\Users\Invcuser_106\Downloads\eclipse-java-2023-12-R-win32-x86_64 (1)\eclipse\plugins\org.eclipse.justj.openjdk.hotspot.jre.full.win32.x86_64_17.0.9.v20231028-0858\jre\bin\zip.dll
Event: 0.572 Loaded shared library C:\Users\Invcuser_106\Downloads\eclipse-java-2023-12-R-win32-x86_64 (1)\eclipse\plugins\org.eclipse.justj.openjdk.hotspot.jre.full.win32.x86_64_17.0.9.v20231028-0858\jre\bin\verify.dll
Event: 0.586 Loaded shared library C:\Users\Invcuser_106\Downloads\eclipse-java-2023-12-R-win32-x86_64 (1)\eclipse\plugins\org.eclipse.justj.openjdk.hotspot.jre.full.win32.x86_64_17.0.9.v20231028-0858\jre\bin\jimage.dll
Event: 0.776 Loaded shared library C:\Users\Invcuser_106\.jssc\windows\jSSC-2.8_x86_64.dll

Deoptimization events (20 events):
Event: 0.373 Thread 0x000002cf4d352b60 Uncommon trap: trap_request=0xffffff45 fr.pc=0x000002cf584e15f8 relative=0x0000000000000078
Event: 0.373 Thread 0x000002cf4d352b60 Uncommon trap: reason=unstable_if action=reinterpret pc=0x000002cf584e15f8 method=java.lang.String.isLatin1()Z @ 10 c2
Event: 0.373 Thread 0x000002cf4d352b60 DEOPT PACKING pc=0x000002cf584e15f8 sp=0x000000f1003fed20
Event: 0.373 Thread 0x000002cf4d352b60 DEOPT UNPACKING pc=0x000002cf57f969a3 sp=0x000000f1003fec60 mode 2
Event: 0.441 Thread 0x000002cf4d352b60 DEOPT PACKING pc=0x000002cf50a3290c sp=0x000000f1003fa090
Event: 0.441 Thread 0x000002cf4d352b60 DEOPT UNPACKING pc=0x000002cf57f97143 sp=0x000000f1003f9520 mode 0
Event: 0.443 Thread 0x000002cf4d352b60 DEOPT PACKING pc=0x000002cf50a3290c sp=0x000000f1003fa090
Event: 0.443 Thread 0x000002cf4d352b60 DEOPT UNPACKING pc=0x000002cf57f97143 sp=0x000000f1003f9520 mode 0
Event: 0.451 Thread 0x000002cf4d352b60 DEOPT PACKING pc=0x000002cf50a19c67 sp=0x000000f1003f9f40
Event: 0.451 Thread 0x000002cf4d352b60 DEOPT UNPACKING pc=0x000002cf57f97143 sp=0x000000f1003f9360 mode 0
Event: 0.467 Thread 0x000002cf4d352b60 DEOPT PACKING pc=0x000002cf50a179d1 sp=0x000000f1003f9f00
Event: 0.467 Thread 0x000002cf4d352b60 DEOPT UNPACKING pc=0x000002cf57f97143 sp=0x000000f1003f9378 mode 0
Event: 0.523 Thread 0x000002cf4d352b60 DEOPT PACKING pc=0x000002cf50a4b7b4 sp=0x000000f1003fa3f0
Event: 0.523 Thread 0x000002cf4d352b60 DEOPT UNPACKING pc=0x000002cf57f97143 sp=0x000000f1003f9888 mode 0
Event: 0.533 Thread 0x000002cf4d352b60 DEOPT PACKING pc=0x000002cf50a41368 sp=0x000000f1003fa280
Event: 0.533 Thread 0x000002cf4d352b60 DEOPT UNPACKING pc=0x000002cf57f97143 sp=0x000000f1003f9710 mode 0
Event: 0.596 Thread 0x000002cf4d352b60 Uncommon trap: trap_request=0xffffff45 fr.pc=0x000002cf584ecfe4 relative=0x0000000000000064
Event: 0.596 Thread 0x000002cf4d352b60 Uncommon trap: reason=unstable_if action=reinterpret pc=0x000002cf584ecfe4 method=java.io.WinNTFileSystem.isSlash(C)Z @ 9 c2
Event: 0.596 Thread 0x000002cf4d352b60 DEOPT PACKING pc=0x000002cf584ecfe4 sp=0x000000f1003fe240
Event: 0.596 Thread 0x000002cf4d352b60 DEOPT UNPACKING pc=0x000002cf57f969a3 sp=0x000000f1003fe1c8 mode 2

Classes unloaded (0 events):
No events

Classes redefined (0 events):
No events

Internal exceptions (0 events):
No events

VM Operations (2 events):
Event: 0.449 Executing VM operation: HandshakeAllThreads
Event: 0.449 Executing VM operation: HandshakeAllThreads done

Events (20 events):
Event: 0.593 loading class java/net/JarURLConnection done
Event: 0.593 loading class sun/net/www/protocol/jar/JarURLConnection done
Event: 0.594 loading class sun/net/www/protocol/jar/JarFileFactory
Event: 0.594 loading class sun/net/www/protocol/jar/URLJarFile$URLJarFileCloseController
Event: 0.594 loading class sun/net/www/protocol/jar/URLJarFile$URLJarFileCloseController done
Event: 0.594 loading class sun/net/www/protocol/jar/JarFileFactory done
Event: 0.595 loading class sun/net/www/protocol/file/FileURLConnection
Event: 0.595 loading class sun/net/www/URLConnection
Event: 0.595 loading class sun/net/www/URLConnection done
Event: 0.595 loading class sun/net/www/protocol/file/FileURLConnection done
Event: 0.595 loading class sun/net/www/MessageHeader
Event: 0.595 loading class sun/net/www/MessageHeader done
Event: 0.596 loading class sun/net/www/protocol/jar/URLJarFile
Event: 0.596 loading class sun/net/www/protocol/jar/URLJarFile done
Event: 0.597 loading class sun/net/www/protocol/jar/URLJarFile$URLJarFileEntry
Event: 0.597 loading class sun/net/www/protocol/jar/URLJarFile$URLJarFileEntry done
Event: 0.597 loading class sun/net/www/protocol/jar/JarURLConnection$JarURLInputStream
Event: 0.597 loading class sun/net/www/protocol/jar/JarURLConnection$JarURLInputStream done
Event: 0.600 loading class java/io/FileOutputStream$1
Event: 0.600 loading class java/io/FileOutputStream$1 done


Dynamic libraries:
0x00007ff60c040000 - 0x00007ff60c04e000 	C:\Users\Invcuser_106\Downloads\eclipse-java-2023-12-R-win32-x86_64 (1)\eclipse\plugins\org.eclipse.justj.openjdk.hotspot.jre.full.win32.x86_64_17.0.9.v20231028-0858\jre\bin\javaw.exe
0x00007ffb5f110000 - 0x00007ffb5f308000 	C:\Windows\SYSTEM32\ntdll.dll
0x00007ffb5da20000 - 0x00007ffb5dae1000 	C:\Windows\System32\KERNEL32.DLL
0x00007ffb5ca00000 - 0x00007ffb5ccfd000 	C:\Windows\System32\KERNELBASE.dll
0x00007ffb5d010000 - 0x00007ffb5d110000 	C:\Windows\System32\ucrtbase.dll
0x00007ffb365c0000 - 0x00007ffb365d7000 	C:\Users\Invcuser_106\Downloads\eclipse-java-2023-12-R-win32-x86_64 (1)\eclipse\plugins\org.eclipse.justj.openjdk.hotspot.jre.full.win32.x86_64_17.0.9.v20231028-0858\jre\bin\jli.dll
0x00007ffb5e6a0000 - 0x00007ffb5e83d000 	C:\Windows\System32\USER32.dll
0x00007ffb5c9d0000 - 0x00007ffb5c9f2000 	C:\Windows\System32\win32u.dll
0x00007ffb5eab0000 - 0x00007ffb5eadb000 	C:\Windows\System32\GDI32.dll
0x00007ffb5c860000 - 0x00007ffb5c977000 	C:\Windows\System32\gdi32full.dll
0x00007ffb5c7c0000 - 0x00007ffb5c85d000 	C:\Windows\System32\msvcp_win.dll
0x00007ffb362b0000 - 0x00007ffb362cb000 	C:\Users\Invcuser_106\Downloads\eclipse-java-2023-12-R-win32-x86_64 (1)\eclipse\plugins\org.eclipse.justj.openjdk.hotspot.jre.full.win32.x86_64_17.0.9.v20231028-0858\jre\bin\VCRUNTIME140.dll
0x00007ffb501b0000 - 0x00007ffb5044a000 	C:\Windows\WinSxS\amd64_microsoft.windows.common-controls_6595b64144ccf1df_6.0.19041.4355_none_60b8b9eb71f62e16\COMCTL32.dll
0x00007ffb5d1f0000 - 0x00007ffb5d28e000 	C:\Windows\System32\msvcrt.dll
0x00007ffb5df60000 - 0x00007ffb5df8f000 	C:\Windows\System32\IMM32.DLL
0x00007ffb4eff0000 - 0x00007ffb4effc000 	C:\Users\Invcuser_106\Downloads\eclipse-java-2023-12-R-win32-x86_64 (1)\eclipse\plugins\org.eclipse.justj.openjdk.hotspot.jre.full.win32.x86_64_17.0.9.v20231028-0858\jre\bin\vcruntime140_1.dll
0x00007ffb00700000 - 0x00007ffb0078d000 	C:\Users\Invcuser_106\Downloads\eclipse-java-2023-12-R-win32-x86_64 (1)\eclipse\plugins\org.eclipse.justj.openjdk.hotspot.jre.full.win32.x86_64_17.0.9.v20231028-0858\jre\bin\msvcp140.dll
0x00007ffac84f0000 - 0x00007ffac9151000 	C:\Users\Invcuser_106\Downloads\eclipse-java-2023-12-R-win32-x86_64 (1)\eclipse\plugins\org.eclipse.justj.openjdk.hotspot.jre.full.win32.x86_64_17.0.9.v20231028-0858\jre\bin\server\jvm.dll
0x00007ffb5edb0000 - 0x00007ffb5ee60000 	C:\Windows\System32\ADVAPI32.dll
0x00007ffb5ec50000 - 0x00007ffb5ecf0000 	C:\Windows\System32\sechost.dll
0x00007ffb5e570000 - 0x00007ffb5e693000 	C:\Windows\System32\RPCRT4.dll
0x00007ffb5d110000 - 0x00007ffb5d137000 	C:\Windows\System32\bcrypt.dll
0x00007ffb5c570000 - 0x00007ffb5c5bb000 	C:\Windows\SYSTEM32\POWRPROF.dll
0x00007ffb4f310000 - 0x00007ffb4f319000 	C:\Windows\SYSTEM32\WSOCK32.dll
0x00007ffb5e4a0000 - 0x00007ffb5e50b000 	C:\Windows\System32\WS2_32.dll
0x00007ffb52a00000 - 0x00007ffb52a27000 	C:\Windows\SYSTEM32\WINMM.dll
0x00007ffb52f90000 - 0x00007ffb52f9a000 	C:\Windows\SYSTEM32\VERSION.dll
0x00007ffb5c550000 - 0x00007ffb5c562000 	C:\Windows\SYSTEM32\UMPDC.dll
0x00007ffb5b030000 - 0x00007ffb5b042000 	C:\Windows\SYSTEM32\kernel.appcore.dll
0x00007ffb45400000 - 0x00007ffb4540a000 	C:\Users\Invcuser_106\Downloads\eclipse-java-2023-12-R-win32-x86_64 (1)\eclipse\plugins\org.eclipse.justj.openjdk.hotspot.jre.full.win32.x86_64_17.0.9.v20231028-0858\jre\bin\jimage.dll
0x00007ffb57cb0000 - 0x00007ffb57e94000 	C:\Windows\SYSTEM32\DBGHELP.DLL
0x00007ffb516b0000 - 0x00007ffb516e4000 	C:\Windows\SYSTEM32\dbgcore.DLL
0x00007ffb5cf10000 - 0x00007ffb5cf92000 	C:\Windows\System32\bcryptPrimitives.dll
0x00007ffb347b0000 - 0x00007ffb347d5000 	C:\Users\Invcuser_106\Downloads\eclipse-java-2023-12-R-win32-x86_64 (1)\eclipse\plugins\org.eclipse.justj.openjdk.hotspot.jre.full.win32.x86_64_17.0.9.v20231028-0858\jre\bin\java.dll
0x00007ffb360a0000 - 0x00007ffb360b8000 	C:\Users\Invcuser_106\Downloads\eclipse-java-2023-12-R-win32-x86_64 (1)\eclipse\plugins\org.eclipse.justj.openjdk.hotspot.jre.full.win32.x86_64_17.0.9.v20231028-0858\jre\bin\zip.dll
0x00007ffb5d2b0000 - 0x00007ffb5da1f000 	C:\Windows\System32\SHELL32.dll
0x00007ffb57430000 - 0x00007ffb57bd3000 	C:\Windows\SYSTEM32\windows.storage.dll
0x00007ffb5df90000 - 0x00007ffb5e2e3000 	C:\Windows\System32\combase.dll
0x00007ffb5c180000 - 0x00007ffb5c1ae000 	C:\Windows\SYSTEM32\Wldp.dll
0x00007ffb5e840000 - 0x00007ffb5e90d000 	C:\Windows\System32\OLEAUT32.dll
0x00007ffb5d140000 - 0x00007ffb5d1ed000 	C:\Windows\System32\SHCORE.dll
0x00007ffb5ecf0000 - 0x00007ffb5ed45000 	C:\Windows\System32\shlwapi.dll
0x00007ffb5c6f0000 - 0x00007ffb5c714000 	C:\Windows\SYSTEM32\profapi.dll
0x00007ffb30d10000 - 0x00007ffb30d29000 	C:\Users\Invcuser_106\Downloads\eclipse-java-2023-12-R-win32-x86_64 (1)\eclipse\plugins\org.eclipse.justj.openjdk.hotspot.jre.full.win32.x86_64_17.0.9.v20231028-0858\jre\bin\net.dll
0x00007ffb4f760000 - 0x00007ffb4f86d000 	C:\Windows\SYSTEM32\WINHTTP.dll
0x00007ffb5be80000 - 0x00007ffb5beea000 	C:\Windows\system32\mswsock.dll
0x00007ffb26920000 - 0x00007ffb26936000 	C:\Users\Invcuser_106\Downloads\eclipse-java-2023-12-R-win32-x86_64 (1)\eclipse\plugins\org.eclipse.justj.openjdk.hotspot.jre.full.win32.x86_64_17.0.9.v20231028-0858\jre\bin\nio.dll
0x00007ffb52000000 - 0x00007ffb52010000 	C:\Users\Invcuser_106\Downloads\eclipse-java-2023-12-R-win32-x86_64 (1)\eclipse\plugins\org.eclipse.justj.openjdk.hotspot.jre.full.win32.x86_64_17.0.9.v20231028-0858\jre\bin\verify.dll
0x0000000071100000 - 0x0000000071125000 	C:\Users\Invcuser_106\.jssc\windows\jSSC-2.8_x86_64.dll

dbghelp: loaded successfully - version: 4.0.5 - missing functions: none
symbol engine: initialized successfully - sym options: 0x614 - pdb path: .;C:\Users\Invcuser_106\Downloads\eclipse-java-2023-12-R-win32-x86_64 (1)\eclipse\plugins\org.eclipse.justj.openjdk.hotspot.jre.full.win32.x86_64_17.0.9.v20231028-0858\jre\bin;C:\Windows\SYSTEM32;C:\Windows\WinSxS\amd64_microsoft.windows.common-controls_6595b64144ccf1df_6.0.19041.4355_none_60b8b9eb71f62e16;C:\Users\Invcuser_106\Downloads\eclipse-java-2023-12-R-win32-x86_64 (1)\eclipse\plugins\org.eclipse.justj.openjdk.hotspot.jre.full.win32.x86_64_17.0.9.v20231028-0858\jre\bin\server;C:\Users\Invcuser_106\.jssc\windows

VM Arguments:
jvm_args: -Dfile.encoding=UTF-8 -Dstdout.encoding=UTF-8 -Dstderr.encoding=UTF-8 -XX:+ShowCodeDetailsInExceptionMessages 
java_command: testcases_pairing.sample
java_class_path (initial): C:\Users\Invcuser_106\eclipse-workspace\MobileAppAutomation\target\test-classes;C:\Users\Invcuser_106\eclipse-workspace\MobileAppAutomation\target\classes;C:\Users\Invcuser_106\.m2\repository\com\aventstack\extentreports\5.0.9\extentreports-5.0.9.jar;C:\Users\Invcuser_106\.m2\repository\io\reactivex\rxjava3\rxjava\3.0.4\rxjava-3.0.4.jar;C:\Users\Invcuser_106\.m2\repository\org\reactivestreams\reactive-streams\1.0.3\reactive-streams-1.0.3.jar;C:\Users\Invcuser_106\.m2\repository\org\freemarker\freemarker\2.3.30\freemarker-2.3.30.jar;C:\Users\Invcuser_106\.m2\repository\org\projectlombok\lombok\1.18.12\lombok-1.18.12.jar;C:\Users\Invcuser_106\.m2\repository\com\google\code\gson\gson\2.8.6\gson-2.8.6.jar;C:\Users\Invcuser_106\.m2\repository\org\scream3r\jssc\2.8.0\jssc-2.8.0.jar;C:\Users\Invcuser_106\.m2\repository\com\github\stephenc\monte\monte-screen-recorder\0.7.7.0\monte-screen-recorder-0.7.7.0.jar;C:\Users\Invcuser_106\.m2\repository\io\github\bonigarcia\webdrivermanager\5.7.0\webdrivermanager-5.7.0.jar;C:\Users\Invcuser_106\.m2\repository\org\slf4j\slf4j-api\2.0.12\slf4j-api-2.0.12.jar;C:\Users\Invcuser_106\.m2\repository\com\github\docker-java\docker-java\3.3.5\docker-java-3.3.5.jar;C:\Users\Invcuser_106\.m2\repository\com\github\docker-java\docker-java-core\3.3.5\docker-java-core-3.3.5.jar;C:\Users\Invcuser_106\.m2\repository\com\github\docker-java\docker-java-api\3.3.5\docker-java-api-3.3.5.jar;C:\Users\Invcuser_106\.m2\repository\com\fasterxml\jackson\core\jackson-annotations\2.10.3\jackson-annotations-2.10.3.jar;C:\Users\Invcuser_106\.m2\repository\com\fasterxml\jackson\core\jackson-databind\2.10.3\jackson-databind-2.10.3.jar;C:\Users\Invcuser_106\.m2\repository\com\fasterxml\jackson\core\jackson-core\2.10.3\jackson-core-2.10.3.jar;C:\Users\Invcuser_106\.m2\repository\org\bouncycastle\bcpkix-jdk18on\1.76\bcpkix-jdk18on-1.76.jar;C:\Users\Invcuser_106\.m2\repository\org\bouncycastle\bcprov-jdk18on\1.76\bcprov-jdk18on-1.76.jar;C:\U
Launcher Type: SUN_STANDARD

[Global flags]
     intx CICompilerCount                          = 3                                         {product} {ergonomic}
     uint ConcGCThreads                            = 1                                         {product} {ergonomic}
     uint G1ConcRefinementThreads                  = 4                                         {product} {ergonomic}
   size_t G1HeapRegionSize                         = 1048576                                   {product} {ergonomic}
    uintx GCDrainStackTargetSize                   = 64                                        {product} {ergonomic}
   size_t InitialHeapSize                          = 134217728                                 {product} {ergonomic}
   size_t MarkStackSize                            = 4194304                                   {product} {ergonomic}
   size_t MaxHeapSize                              = 2118123520                                {product} {ergonomic}
   size_t MaxNewSize                               = 1270874112                                {product} {ergonomic}
   size_t MinHeapDeltaBytes                        = 1048576                                   {product} {ergonomic}
   size_t MinHeapSize                              = 8388608                                   {product} {ergonomic}
    uintx NonNMethodCodeHeapSize                   = 5832780                                {pd product} {ergonomic}
    uintx NonProfiledCodeHeapSize                  = 122912730                              {pd product} {ergonomic}
    uintx ProfiledCodeHeapSize                     = 122912730                              {pd product} {ergonomic}
    uintx ReservedCodeCacheSize                    = 251658240                              {pd product} {ergonomic}
     bool SegmentedCodeCache                       = true                                      {product} {ergonomic}
     bool ShowCodeDetailsInExceptionMessages       = true                                   {manageable} {command line}
   size_t SoftMaxHeapSize                          = 2118123520                             {manageable} {ergonomic}
     bool UseCompressedClassPointers               = true                           {product lp64_product} {ergonomic}
     bool UseCompressedOops                        = true                           {product lp64_product} {ergonomic}
     bool UseG1GC                                  = true                                      {product} {ergonomic}
     bool UseLargePagesIndividualAllocation        = false                                  {pd product} {ergonomic}

Logging:
Log output configuration:
 #0: stdout all=warning uptime,level,tags
 #1: stderr all=off uptime,level,tags

Environment Variables:
JAVA_HOME=C:\Program Files\Java\jdk-22
PATH=C:/Program Files/eclipse//plugins/org.eclipse.justj.openjdk.hotspot.jre.full.win32.x86_64_17.0.9.v20231028-0858/jre/bin/server;C:/Program Files/eclipse//plugins/org.eclipse.justj.openjdk.hotspot.jre.full.win32.x86_64_17.0.9.v20231028-0858/jre/bin;C:\Program Files\Common Files\Oracle\Java\javapath;C:\Python312\Scripts\;C:\Python312\;C:\Windows\system32;C:\Windows;C:\Windows\System32\Wbem;C:\Windows\System32\WindowsPowerShell\v1.0\;C:\Windows\System32\OpenSSH\;C:\Program Files\TortoiseSVN\bin;C:\Program Files\PuTTY\;C:\Program Files\Meld\;C:\Program Files\nodejs\;C:\ProgramData\chocolatey\bin;C:\Program Files\Java\jdk-22\bin;C:\Users\Invcuser_106\AppData\Local\Android\Sdk\tools\bin;C:\Users\Invcuser_106\AppData\Local\Android\Sdk\tools;C:\Users\Invcuser_106\AppData\Local\Android\Sdk\platform-tools;C:\Program Files\Apache\Maven\bin;C:\Program Files\Git\cmd;C:\Users\Invcuser_106\AppData\Local\Microsoft\WindowsApps;C:\Users\Invcuser_106\AppData\Local\Programs\Microsoft VS Code\bin;C:\Users\Invcuser_106\AppData\Roaming\npm;C:\Program Files\eclipse;
USERNAME=Invcuser_106
OS=Windows_NT
PROCESSOR_IDENTIFIER=Intel64 Family 6 Model 78 Stepping 3, GenuineIntel
TMP=C:\Users\INVCUS~2\AppData\Local\Temp
TEMP=C:\Users\INVCUS~2\AppData\Local\Temp



Periodic native trim disabled


---------------  S Y S T E M  ---------------

OS:
 Windows 10 , 64 bit Build 19041 (10.0.19041.4842)
OS uptime: 3 days 6:53 hours

CPU: total 4 (initial active 4) (2 cores per cpu, 2 threads per core) family 6 model 78 stepping 3 microcode 0xea, cx8, cmov, fxsr, ht, mmx, 3dnowpref, sse, sse2, sse3, ssse3, sse4.1, sse4.2, popcnt, lzcnt, tsc, tscinvbit, avx, avx2, aes, erms, clmul, bmi1, bmi2, rtm, adx, fma, vzeroupper, clflush, clflushopt
Processor Information for all 4 processors :
  Max Mhz: 2496, Current Mhz: 2396, Mhz Limit: 2396

Memory: 4k page, system-wide physical 8072M (942M free)
TotalPageFile size 18824M (AvailPageFile size 3401M)
current process WorkingSet (physical memory assigned to process): 42M, peak: 42M
current process commit charge ("private bytes"): 199M, peak: 199M

vm_info: OpenJDK 64-Bit Server VM (17.0.9+9) for windows-amd64 JRE (17.0.9+9), built on Oct 26 2023 14:01:42 by "admin" with MS VC++ 16.10 / 16.11 (VS2019)

END.
